<?xml version="1.0" encoding="UTF-8"?>
<!-- Generated by org.testng.reporters.JUnitReportReporter -->
<testsuite hostname="dlnode13" name="com.facebook.presto.server.TestNodeResource" tests="2" failures="0" timestamp="7 May 2014 07:03:51 GMT" time="2.270" errors="0">
  <testcase name="testGetFailedNodes" time="1.131" classname="com.facebook.presto.server.TestNodeResource"/>
  <testcase name="testGetAllNodes" time="1.139" classname="com.facebook.presto.server.TestNodeResource"/>
</testsuite> <!-- com.facebook.presto.server.TestNodeResource -->
