<?xml version="1.0" encoding="UTF-8"?>
<!-- Generated by org.testng.reporters.JUnitReportReporter -->
<testsuite hostname="dlnode13" name="com.facebook.presto.server.TestDistributedQueries" tests="242" failures="0" timestamp="7 May 2014 07:03:51 GMT" time="154.789" errors="0">
  <testcase name="testWith" time="0.569" classname="com.facebook.presto.server.TestDistributedQueries"/>
  <testcase name="testJoinWithRightConstantEquality" time="0.240" classname="com.facebook.presto.server.TestDistributedQueries"/>
  <testcase name="testDefaultExplainTextFormat" time="0.063" classname="com.facebook.presto.server.TestDistributedQueries"/>
  <testcase name="testJoinPredicateMoveAround" time="1.820" classname="com.facebook.presto.server.TestDistributedQueries"/>
  <testcase name="testChainedUnionsWithOrder" time="0.828" classname="com.facebook.presto.server.TestDistributedQueries"/>
  <testcase name="testVariance" time="1.529" classname="com.facebook.presto.server.TestDistributedQueries"/>
  <testcase name="testNonDeterministicTableScanPredicatePushdown" time="0.212" classname="com.facebook.presto.server.TestDistributedQueries"/>
  <testcase name="testWildcard" time="0.598" classname="com.facebook.presto.server.TestDistributedQueries"/>
  <testcase name="testGroupByCase" time="0.572" classname="com.facebook.presto.server.TestDistributedQueries"/>
  <testcase name="testNoFrom" time="0.028" classname="com.facebook.presto.server.TestDistributedQueries"/>
  <testcase name="testCountWithAndPredicate" time="0.260" classname="com.facebook.presto.server.TestDistributedQueries"/>
  <testcase name="testSemiJoin" time="1.481" classname="com.facebook.presto.server.TestDistributedQueries"/>
  <testcase name="testRightJoinPredicateMoveAround" time="2.162" classname="com.facebook.presto.server.TestDistributedQueries"/>
  <testcase name="testJoinDoubleClauseWithRightOverlap" time="0.257" classname="com.facebook.presto.server.TestDistributedQueries"/>
  <testcase name="testJoinWithNonJoinExpression" time="0.166" classname="com.facebook.presto.server.TestDistributedQueries"/>
  <testcase name="testLimit" time="0.152" classname="com.facebook.presto.server.TestDistributedQueries"/>
  <testcase name="testProbeFilteredLeftJoin" time="2.250" classname="com.facebook.presto.server.TestDistributedQueries"/>
  <testcase name="testTableQueryOrderLimit" time="0.192" classname="com.facebook.presto.server.TestDistributedQueries"/>
  <testcase name="testStdDev" time="1.331" classname="com.facebook.presto.server.TestDistributedQueries"/>
  <testcase name="testNodeRoster" time="0.037" classname="com.facebook.presto.server.TestDistributedQueries"/>
  <testcase name="testRepeatedAggregations" time="0.138" classname="com.facebook.presto.server.TestDistributedQueries"/>
  <testcase name="testDistributedExplainGraphvizFormat" time="0.063" classname="com.facebook.presto.server.TestDistributedQueries"/>
  <testcase name="testGroupByKeyPredicatePushdown" time="0.554" classname="com.facebook.presto.server.TestDistributedQueries"/>
  <testcase name="testUnaliasedSubqueries" time="0.083" classname="com.facebook.presto.server.TestDistributedQueries"/>
  <testcase name="testShowFunctions" time="0.040" classname="com.facebook.presto.server.TestDistributedQueries"/>
  <testcase name="testSelectOnlyUnion" time="0.033" classname="com.facebook.presto.server.TestDistributedQueries"/>
  <testcase name="testJoinWithLeftConstantEquality" time="0.116" classname="com.facebook.presto.server.TestDistributedQueries"/>
  <testcase name="testHaving2" time="0.087" classname="com.facebook.presto.server.TestDistributedQueries"/>
  <testcase name="testRightJoinDoubleClauseWithRightOverlap" time="0.215" classname="com.facebook.presto.server.TestDistributedQueries"/>
  <testcase name="testHaving3" time="0.129" classname="com.facebook.presto.server.TestDistributedQueries"/>
  <testcase name="testMultipleWildcards" time="0.936" classname="com.facebook.presto.server.TestDistributedQueries"/>
  <testcase name="testJoinWithConstantExpression" time="0.181" classname="com.facebook.presto.server.TestDistributedQueries"/>
  <testcase name="testShowColumns" time="0.232" classname="com.facebook.presto.server.TestDistributedQueries"/>
  <testcase name="testOrderByLimit" time="0.083" classname="com.facebook.presto.server.TestDistributedQueries"/>
  <testcase name="testRightJoinWithNullValues" time="0.640" classname="com.facebook.presto.server.TestDistributedQueries"/>
  <testcase name="testTableSampleBernoulliBoundaryValues" time="21.462" classname="com.facebook.presto.server.TestDistributedQueries"/>
  <testcase name="testJoinWithComplexExpressions" time="0.256" classname="com.facebook.presto.server.TestDistributedQueries"/>
  <testcase name="testCountWithIsNullPredicate" time="0.217" classname="com.facebook.presto.server.TestDistributedQueries"/>
  <testcase name="testSumOfNulls" time="0.131" classname="com.facebook.presto.server.TestDistributedQueries"/>
  <testcase name="testDuplicateFields" time="0.159" classname="com.facebook.presto.server.TestDistributedQueries"/>
  <testcase name="testDefaultExplainGraphvizFormat" time="0.084" classname="com.facebook.presto.server.TestDistributedQueries"/>
  <testcase name="testRightFilteredJoin" time="0.802" classname="com.facebook.presto.server.TestDistributedQueries"/>
  <testcase name="testReorderOutputsOfGroupByAggregation" time="0.241" classname="com.facebook.presto.server.TestDistributedQueries"/>
  <testcase name="testRightJoinEqualityInference" time="0.899" classname="com.facebook.presto.server.TestDistributedQueries"/>
  <testcase name="testWhereNull" time="0.055" classname="com.facebook.presto.server.TestDistributedQueries"/>
  <testcase name="testLimitPushDown" time="0.570" classname="com.facebook.presto.server.TestDistributedQueries"/>
  <testcase name="testCaseInsensitiveAttribute" time="0.238" classname="com.facebook.presto.server.TestDistributedQueries"/>
  <testcase name="testLeftJoinWithLeftConstantEquality" time="0.243" classname="com.facebook.presto.server.TestDistributedQueries"/>
  <testcase name="testGroupByMultipleFields" time="0.250" classname="com.facebook.presto.server.TestDistributedQueries"/>
  <testcase name="testRightJoinDoubleClauseWithLeftOverlap" time="0.302" classname="com.facebook.presto.server.TestDistributedQueries"/>
  <testcase name="testAggregationWithProjection" time="0.265" classname="com.facebook.presto.server.TestDistributedQueries"/>
  <testcase name="testSubqueryBodyDoubleOrderby" time="0.194" classname="com.facebook.presto.server.TestDistributedQueries"/>
  <testcase name="testCountWithNotPredicate" time="0.122" classname="com.facebook.presto.server.TestDistributedQueries"/>
  <testcase name="testGroupByWithWildcard" time="0.250" classname="com.facebook.presto.server.TestDistributedQueries"/>
  <testcase name="testBuildFilteredRightJoin" time="1.328" classname="com.facebook.presto.server.TestDistributedQueries"/>
  <testcase name="testJoinUsingMultipleFields" time="0.122" classname="com.facebook.presto.server.TestDistributedQueries"/>
  <testcase name="testCountWithInlineView" time="0.213" classname="com.facebook.presto.server.TestDistributedQueries"/>
  <testcase name="testLeftJoinNormalizedToInner" time="0.368" classname="com.facebook.presto.server.TestDistributedQueries"/>
  <testcase name="testIn" time="0.314" classname="com.facebook.presto.server.TestDistributedQueries"/>
  <testcase name="testSelfJoin" time="0.207" classname="com.facebook.presto.server.TestDistributedQueries"/>
  <testcase name="testLeftJoinWithNullValues" time="0.485" classname="com.facebook.presto.server.TestDistributedQueries"/>
  <testcase name="testLeftJoinPredicateMoveAround" time="2.528" classname="com.facebook.presto.server.TestDistributedQueries"/>
  <testcase name="testOrderByMultipleFields" time="0.171" classname="com.facebook.presto.server.TestDistributedQueries"/>
  <testcase name="testTableSampleSystemBoundaryValues" time="21.026" classname="com.facebook.presto.server.TestDistributedQueries"/>
  <testcase name="testCountWithCoalescePredicate" time="0.082" classname="com.facebook.presto.server.TestDistributedQueries"/>
  <testcase name="testGroupByRepeatedField" time="0.188" classname="com.facebook.presto.server.TestDistributedQueries"/>
  <testcase name="testDoubleFilteredRightJoinWithRightConstantEquality" time="0.245" classname="com.facebook.presto.server.TestDistributedQueries"/>
  <testcase name="testTableQueryInUnion" time="0.558" classname="com.facebook.presto.server.TestDistributedQueries"/>
  <testcase name="testOrderByWindowFunction" time="0.073" classname="com.facebook.presto.server.TestDistributedQueries"/>
  <testcase name="testDoubleFilteredLeftJoinWithRightConstantEquality" time="0.193" classname="com.facebook.presto.server.TestDistributedQueries"/>
  <testcase name="testFunctionNotRegistered" time="0.011" classname="com.facebook.presto.server.TestDistributedQueries"/>
  <testcase name="testOrderByAlias" time="0.205" classname="com.facebook.presto.server.TestDistributedQueries"/>
  <testcase name="testStdDevPop" time="0.999" classname="com.facebook.presto.server.TestDistributedQueries"/>
  <testcase name="testApproximateCountDistinct" time="0.240" classname="com.facebook.presto.server.TestDistributedQueries"/>
  <testcase name="testTableQuery" time="0.587" classname="com.facebook.presto.server.TestDistributedQueries"/>
  <testcase name="testSemiJoinPredicateMoveAround" time="0.325" classname="com.facebook.presto.server.TestDistributedQueries"/>
  <testcase name="testGroupByWithoutAggregation" time="0.130" classname="com.facebook.presto.server.TestDistributedQueries"/>
  <testcase name="testJoinWithReversedComparison" time="0.235" classname="com.facebook.presto.server.TestDistributedQueries"/>
  <testcase name="testPredicatePushdownJoinEqualityGroups" time="0.270" classname="com.facebook.presto.server.TestDistributedQueries"/>
  <testcase name="testAggregationWithLimit" time="0.693" classname="com.facebook.presto.server.TestDistributedQueries"/>
  <testcase name="testSimpleRightJoinWithLeftConstantEquality" time="0.216" classname="com.facebook.presto.server.TestDistributedQueries"/>
  <testcase name="testJoinPredicatePushdown" time="0.270" classname="com.facebook.presto.server.TestDistributedQueries"/>
  <testcase name="testIfExpression" time="0.865" classname="com.facebook.presto.server.TestDistributedQueries"/>
  <testcase name="testRightJoinAsInnerPredicatePushdown" time="0.409" classname="com.facebook.presto.server.TestDistributedQueries"/>
  <testcase name="testSemiJoinNullHandling" time="0.657" classname="com.facebook.presto.server.TestDistributedQueries"/>
  <testcase name="testInvalidColumn" time="0.017" classname="com.facebook.presto.server.TestDistributedQueries"/>
  <testcase name="testJoinWithComplexExpressions2" time="0.178" classname="com.facebook.presto.server.TestDistributedQueries"/>
  <testcase name="testLeftJoinPredicatePushdownWithSelfEquality" time="0.320" classname="com.facebook.presto.server.TestDistributedQueries"/>
  <testcase name="testDual" time="0.029" classname="com.facebook.presto.server.TestDistributedQueries"/>
  <testcase name="testShowTablesLike" time="0.177" classname="com.facebook.presto.server.TestDistributedQueries"/>
  <testcase name="testCountAllWithPredicate" time="0.214" classname="com.facebook.presto.server.TestDistributedQueries"/>
  <testcase name="testInlineView" time="0.248" classname="com.facebook.presto.server.TestDistributedQueries"/>
  <testcase name="testCountColumn" time="0.993" classname="com.facebook.presto.server.TestDistributedQueries"/>
  <testcase name="testSemiJoinLimitPushDown" time="0.236" classname="com.facebook.presto.server.TestDistributedQueries"/>
  <testcase name="testGroupByCoalesce" time="0.825" classname="com.facebook.presto.server.TestDistributedQueries"/>
  <testcase name="testProbeFilteredRightJoin" time="0.807" classname="com.facebook.presto.server.TestDistributedQueries"/>
  <testcase name="testDistributedExplain" time="0.060" classname="com.facebook.presto.server.TestDistributedQueries"/>
  <testcase name="testHistogram" time="0.222" classname="com.facebook.presto.server.TestDistributedQueries"/>
  <testcase name="testGroupByCount" time="0.179" classname="com.facebook.presto.server.TestDistributedQueries"/>
  <testcase name="testLeftJoinDoubleClauseWithLeftOverlap" time="0.425" classname="com.facebook.presto.server.TestDistributedQueries"/>
  <testcase name="testSubqueryBody" time="0.139" classname="com.facebook.presto.server.TestDistributedQueries"/>
  <testcase name="testTableSampleSystem" time="0.181" classname="com.facebook.presto.server.TestDistributedQueries"/>
  <testcase name="testSimpleRightJoin" time="0.329" classname="com.facebook.presto.server.TestDistributedQueries"/>
  <testcase name="testMaxMinStringWithNulls" time="0.200" classname="com.facebook.presto.server.TestDistributedQueries"/>
  <testcase name="testCountWithNullPredicate" time="0.190" classname="com.facebook.presto.server.TestDistributedQueries"/>
  <testcase name="testApproximateCountDistinctGroupBy" time="0.199" classname="com.facebook.presto.server.TestDistributedQueries"/>
  <testcase name="testGroupByExtract" time="0.994" classname="com.facebook.presto.server.TestDistributedQueries"/>
  <testcase name="testWithQualifiedPrefix" time="0.198" classname="com.facebook.presto.server.TestDistributedQueries"/>
  <testcase name="testGroupByOrdinal" time="0.195" classname="com.facebook.presto.server.TestDistributedQueries"/>
  <testcase name="testGroupBySearchedCase" time="0.311" classname="com.facebook.presto.server.TestDistributedQueries"/>
  <testcase name="testWindowFunctionsExpressions" time="0.090" classname="com.facebook.presto.server.TestDistributedQueries"/>
  <testcase name="testLeftJoinAsInnerPredicatePushdown" time="0.397" classname="com.facebook.presto.server.TestDistributedQueries"/>
  <testcase name="testJoinUsing" time="0.205" classname="com.facebook.presto.server.TestDistributedQueries"/>
  <testcase name="testJoinWithAlias" time="4.696" classname="com.facebook.presto.server.TestDistributedQueries"/>
  <testcase name="testCountAll" time="0.124" classname="com.facebook.presto.server.TestDistributedQueries"/>
  <testcase name="testRightJoinWithLeftConstantEquality" time="1.147" classname="com.facebook.presto.server.TestDistributedQueries"/>
  <testcase name="testDoubleFilteredRightJoinWithLeftConstantEquality" time="0.256" classname="com.facebook.presto.server.TestDistributedQueries"/>
  <testcase name="testJoinWithNullValues" time="0.718" classname="com.facebook.presto.server.TestDistributedQueries"/>
  <testcase name="testGroupByWithAlias" time="0.105" classname="com.facebook.presto.server.TestDistributedQueries"/>
  <testcase name="testWildcardFromJoin" time="0.630" classname="com.facebook.presto.server.TestDistributedQueries"/>
  <testcase name="testLeftJoinDoubleClauseWithRightOverlap" time="0.293" classname="com.facebook.presto.server.TestDistributedQueries"/>
  <testcase name="testLeftFilteredJoin" time="0.802" classname="com.facebook.presto.server.TestDistributedQueries"/>
  <testcase name="testShowCatalogs" time="0.186" classname="com.facebook.presto.server.TestDistributedQueries"/>
  <testcase name="testQualifiedWildcardFromJoin" time="0.700" classname="com.facebook.presto.server.TestDistributedQueries"/>
  <testcase name="testLargeQueryFailure" time="0.118" classname="com.facebook.presto.server.TestDistributedQueries"/>
  <testcase name="testDistinct" time="0.248" classname="com.facebook.presto.server.TestDistributedQueries"/>
  <testcase name="testLargeQuerySuccess" time="0.077" classname="com.facebook.presto.server.TestDistributedQueries"/>
  <testcase name="testScalarFunction" time="0.191" classname="com.facebook.presto.server.TestDistributedQueries"/>
  <testcase name="testLeftJoinEqualityInference" time="1.046" classname="com.facebook.presto.server.TestDistributedQueries"/>
  <testcase name="testJoinOnConstantExpression" time="0.012" classname="com.facebook.presto.server.TestDistributedQueries"/>
  <testcase name="testTableSampleBernoulli" time="10.926" classname="com.facebook.presto.server.TestDistributedQueries"/>
  <testcase name="testArithmeticNegation" time="0.260" classname="com.facebook.presto.server.TestDistributedQueries"/>
  <testcase name="testRepeatedOutputs" time="0.208" classname="com.facebook.presto.server.TestDistributedQueries"/>
  <testcase name="testShowTables" time="0.090" classname="com.facebook.presto.server.TestDistributedQueries"/>
  <testcase name="testTrivialNonDeterministicPredicatePushdown" time="0.107" classname="com.facebook.presto.server.TestDistributedQueries"/>
  <testcase name="testOrderByOrdinal" time="0.235" classname="com.facebook.presto.server.TestDistributedQueries"/>
  <testcase name="testComplexQuery" time="0.197" classname="com.facebook.presto.server.TestDistributedQueries"/>
  <testcase name="testOrderLimitCompaction" time="0.133" classname="com.facebook.presto.server.TestDistributedQueries"/>
  <testcase name="testUnaliasSymbolReferencesWithUnion" time="0.030" classname="com.facebook.presto.server.TestDistributedQueries"/>
  <testcase name="testWithChaining" time="0.274" classname="com.facebook.presto.server.TestDistributedQueries"/>
  <testcase name="testOrderByOrdinalWithWildcard" time="0.499" classname="com.facebook.presto.server.TestDistributedQueries"/>
  <testcase name="testDistributedExplainTextFormat" time="0.052" classname="com.facebook.presto.server.TestDistributedQueries"/>
  <testcase name="testSimpleJoinWithRightConstantEquality" time="0.181" classname="com.facebook.presto.server.TestDistributedQueries"/>
  <testcase name="testSimpleLeftJoinWithRightConstantEquality" time="0.380" classname="com.facebook.presto.server.TestDistributedQueries"/>
  <testcase name="testSimpleJoin" time="0.255" classname="com.facebook.presto.server.TestDistributedQueries"/>
  <testcase name="testApproxPercentile" time="1.050" classname="com.facebook.presto.server.TestDistributedQueries"/>
  <testcase name="testShowTablesFrom" time="0.207" classname="com.facebook.presto.server.TestDistributedQueries"/>
  <testcase name="testAntiJoin" time="1.799" classname="com.facebook.presto.server.TestDistributedQueries"/>
  <testcase name="testHaving" time="0.114" classname="com.facebook.presto.server.TestDistributedQueries"/>
  <testcase name="testSubqueryUnion" time="0.155" classname="com.facebook.presto.server.TestDistributedQueries"/>
  <testcase name="testTypeMismatch" time="0.006" classname="com.facebook.presto.server.TestDistributedQueries"/>
  <testcase name="testSimpleJoinWithLeftConstantEquality" time="0.167" classname="com.facebook.presto.server.TestDistributedQueries"/>
  <testcase name="testQualifiedWildcardFromAlias" time="0.510" classname="com.facebook.presto.server.TestDistributedQueries"/>
  <testcase name="testGroupByCaseNoElse" time="0.585" classname="com.facebook.presto.server.TestDistributedQueries"/>
  <testcase name="testTableAsSubquery" time="0.533" classname="com.facebook.presto.server.TestDistributedQueries"/>
  <testcase name="testSubqueryBodyProjectedOrderby" time="0.211" classname="com.facebook.presto.server.TestDistributedQueries"/>
  <testcase name="testGroupByNoAggregations" time="0.086" classname="com.facebook.presto.server.TestDistributedQueries"/>
  <testcase name="testGroupByCast" time="1.009" classname="com.facebook.presto.server.TestDistributedQueries"/>
  <testcase name="testDistinctWithOrderByNotInSelect" time="0.011" classname="com.facebook.presto.server.TestDistributedQueries"/>
  <testcase name="testMultiColumnUnionAll" time="0.898" classname="com.facebook.presto.server.TestDistributedQueries"/>
  <testcase name="testQualifiedWildcard" time="0.589" classname="com.facebook.presto.server.TestDistributedQueries"/>
  <testcase name="testUnionAll" time="0.226" classname="com.facebook.presto.server.TestDistributedQueries"/>
  <testcase name="testCaseNoElse" time="0.315" classname="com.facebook.presto.server.TestDistributedQueries"/>
  <testcase name="testDoubleFilteredLeftJoinWithLeftConstantEquality" time="0.241" classname="com.facebook.presto.server.TestDistributedQueries"/>
  <testcase name="testSelectWithComparison" time="0.202" classname="com.facebook.presto.server.TestDistributedQueries"/>
  <testcase name="testJoinOnMultipleFields" time="0.193" classname="com.facebook.presto.server.TestDistributedQueries"/>
  <testcase name="testNestedCount" time="0.194" classname="com.facebook.presto.server.TestDistributedQueries"/>
  <testcase name="testConcatOperator" time="0.200" classname="com.facebook.presto.server.TestDistributedQueries"/>
  <testcase name="testGroupByBetween" time="1.038" classname="com.facebook.presto.server.TestDistributedQueries"/>
  <testcase name="testDistinctWithOrderBy" time="0.152" classname="com.facebook.presto.server.TestDistributedQueries"/>
  <testcase name="testJoinDoubleClauseWithLeftOverlap" time="0.257" classname="com.facebook.presto.server.TestDistributedQueries"/>
  <testcase name="testGroupByIf" time="0.212" classname="com.facebook.presto.server.TestDistributedQueries"/>
  <testcase name="testGroupBySum" time="0.124" classname="com.facebook.presto.server.TestDistributedQueries"/>
  <testcase name="testJoinWithComplexExpressions3" time="0.231" classname="com.facebook.presto.server.TestDistributedQueries"/>
  <testcase name="testWithRecursive" time="0.007" classname="com.facebook.presto.server.TestDistributedQueries"/>
  <testcase name="testJoinUnaliasedSubqueries" time="0.230" classname="com.facebook.presto.server.TestDistributedQueries"/>
  <testcase name="testShowSchemas" time="0.073" classname="com.facebook.presto.server.TestDistributedQueries"/>
  <testcase name="testAliasedInInlineView" time="0.729" classname="com.facebook.presto.server.TestDistributedQueries"/>
  <testcase name="testSimpleLeftJoin" time="0.642" classname="com.facebook.presto.server.TestDistributedQueries"/>
  <testcase name="testWithNestedSubqueries" time="0.153" classname="com.facebook.presto.server.TestDistributedQueries"/>
  <testcase name="testGroupBySearchedCaseNoElse" time="0.483" classname="com.facebook.presto.server.TestDistributedQueries"/>
  <testcase name="testVariancePop" time="1.188" classname="com.facebook.presto.server.TestDistributedQueries"/>
  <testcase name="testSameInputToAggregates" time="0.128" classname="com.facebook.presto.server.TestDistributedQueries"/>
  <testcase name="testCountBoolean" time="0.202" classname="com.facebook.presto.server.TestDistributedQueries"/>
  <testcase name="testCaseInsensitiveOutputAliasInOrderBy" time="0.356" classname="com.facebook.presto.server.TestDistributedQueries"/>
  <testcase name="testDistinctMultipleFields" time="0.182" classname="com.facebook.presto.server.TestDistributedQueries"/>
  <testcase name="testAverageAll" time="0.143" classname="com.facebook.presto.server.TestDistributedQueries"/>
  <testcase name="testWithHiding" time="0.203" classname="com.facebook.presto.server.TestDistributedQueries"/>
  <testcase name="testJoinWithMultiFieldGroupBy" time="0.420" classname="com.facebook.presto.server.TestDistributedQueries"/>
  <testcase name="testOrderBy2" time="0.195" classname="com.facebook.presto.server.TestDistributedQueries"/>
  <testcase name="testReferenceToWithQueryInFromClause" time="0.532" classname="com.facebook.presto.server.TestDistributedQueries"/>
  <testcase name="testRightJoinNormalizedToInner" time="0.291" classname="com.facebook.presto.server.TestDistributedQueries"/>
  <testcase name="testOrderByExpressionWithLimit" time="0.172" classname="com.facebook.presto.server.TestDistributedQueries"/>
  <testcase name="testInlineViewWithProjections" time="0.308" classname="com.facebook.presto.server.TestDistributedQueries"/>
  <testcase name="testGroupByOrderByLimit" time="0.077" classname="com.facebook.presto.server.TestDistributedQueries"/>
  <testcase name="testLogicalExplainTextFormat" time="0.041" classname="com.facebook.presto.server.TestDistributedQueries"/>
  <testcase name="testLogicalExplain" time="0.042" classname="com.facebook.presto.server.TestDistributedQueries"/>
  <testcase name="testRightJoinWithRightConstantEquality" time="0.203" classname="com.facebook.presto.server.TestDistributedQueries"/>
  <testcase name="testShowPartitions" time="0.032" classname="com.facebook.presto.server.TestDistributedQueries"/>
  <testcase name="testSimpleLeftJoinWithLeftConstantEquality" time="0.307" classname="com.facebook.presto.server.TestDistributedQueries"/>
  <testcase name="testSimpleRightJoinWithRightConstantEquality" time="0.288" classname="com.facebook.presto.server.TestDistributedQueries"/>
  <testcase name="testMixedWildcards" time="0.859" classname="com.facebook.presto.server.TestDistributedQueries"/>
  <testcase name="testJoinAggregations" time="5.223" classname="com.facebook.presto.server.TestDistributedQueries"/>
  <testcase name="testCountWithIsNotNullPredicate" time="0.188" classname="com.facebook.presto.server.TestDistributedQueries"/>
  <testcase name="testCountWithOrPredicate" time="0.267" classname="com.facebook.presto.server.TestDistributedQueries"/>
  <testcase name="testGroupByNullIf" time="1.138" classname="com.facebook.presto.server.TestDistributedQueries"/>
  <testcase name="testLogicalExplainGraphvizFormat" time="0.046" classname="com.facebook.presto.server.TestDistributedQueries"/>
  <testcase name="testSpecialFloatingPointValues" time="0.027" classname="com.facebook.presto.server.TestDistributedQueries"/>
  <testcase name="testAggregationWithProjection2" time="0.328" classname="com.facebook.presto.server.TestDistributedQueries"/>
  <testcase name="testSubqueryBodyOrderLimit" time="0.175" classname="com.facebook.presto.server.TestDistributedQueries"/>
  <testcase name="testBuildFilteredLeftJoin" time="4.894" classname="com.facebook.presto.server.TestDistributedQueries"/>
  <testcase name="testCast" time="1.125" classname="com.facebook.presto.server.TestDistributedQueries"/>
  <testcase name="testRightJoinPredicatePushdownWithSelfEquality" time="0.263" classname="com.facebook.presto.server.TestDistributedQueries"/>
  <testcase name="testGroupAggregationOverNestedGroupByAggregation" time="0.351" classname="com.facebook.presto.server.TestDistributedQueries"/>
  <testcase name="testWithSelfJoin" time="0.197" classname="com.facebook.presto.server.TestDistributedQueries"/>
  <testcase name="testQuotedIdentifiers" time="0.146" classname="com.facebook.presto.server.TestDistributedQueries"/>
  <testcase name="testLeftJoinWithRightConstantEquality" time="0.731" classname="com.facebook.presto.server.TestDistributedQueries"/>
  <testcase name="testCaseInsensitiveAliasedRelation" time="0.569" classname="com.facebook.presto.server.TestDistributedQueries"/>
  <testcase name="testJoinWithFullyPushedDownJoinClause" time="0.251" classname="com.facebook.presto.server.TestDistributedQueries"/>
  <testcase name="testGroupByRepeatedField2" time="0.199" classname="com.facebook.presto.server.TestDistributedQueries"/>
  <testcase name="testOrderByAliasWithSameNameAsUnselectedColumn" time="0.120" classname="com.facebook.presto.server.TestDistributedQueries"/>
  <testcase name="testLimitZero" time="0.032" classname="com.facebook.presto.server.TestDistributedQueries"/>
  <testcase name="testQualifiedWildcardFromInlineView" time="0.169" classname="com.facebook.presto.server.TestDistributedQueries"/>
  <testcase name="testPredicatePushdown" time="0.240" classname="com.facebook.presto.server.TestDistributedQueries"/>
  <testcase name="testNonDeterministicAggregationPredicatePushdown" time="0.091" classname="com.facebook.presto.server.TestDistributedQueries"/>
  <testcase name="testUnionDistinct" time="0.174" classname="com.facebook.presto.server.TestDistributedQueries"/>
  <testcase name="testWindowFunctionsFromAggregate" time="0.170" classname="com.facebook.presto.server.TestDistributedQueries"/>
  <testcase name="testGroupByMultipleFieldsWithPredicateOnAggregationArgument" time="0.089" classname="com.facebook.presto.server.TestDistributedQueries"/>
  <testcase name="testCountAllWithComparison" time="0.283" classname="com.facebook.presto.server.TestDistributedQueries"/>
  <testcase name="testLimitInInlineView" time="0.211" classname="com.facebook.presto.server.TestDistributedQueries"/>
  <testcase name="testPlainRightJoinPredicatePushdown" time="0.344" classname="com.facebook.presto.server.TestDistributedQueries"/>
  <testcase name="testUnion" time="0.233" classname="com.facebook.presto.server.TestDistributedQueries"/>
  <testcase name="testWithAliased" time="0.491" classname="com.facebook.presto.server.TestDistributedQueries"/>
  <testcase name="testUnaliasedSubqueries1" time="0.208" classname="com.facebook.presto.server.TestDistributedQueries"/>
  <testcase name="testOrderBy" time="0.230" classname="com.facebook.presto.server.TestDistributedQueries"/>
  <testcase name="testCountDistinct" time="0.038" classname="com.facebook.presto.server.TestDistributedQueries"/>
  <testcase name="testWildcardFromSubquery" time="0.180" classname="com.facebook.presto.server.TestDistributedQueries"/>
  <testcase name="testTopNByMultipleFields" time="1.227" classname="com.facebook.presto.server.TestDistributedQueries"/>
  <testcase name="testCountWithNullIfPredicate" time="0.195" classname="com.facebook.presto.server.TestDistributedQueries"/>
  <testcase name="testPlainLeftJoinPredicatePushdown" time="0.263" classname="com.facebook.presto.server.TestDistributedQueries"/>
  <testcase name="testNonDeterministicJoinPredicatePushdown" time="0.400" classname="com.facebook.presto.server.TestDistributedQueries"/>
  <testcase name="testColumnAliases" time="0.318" classname="com.facebook.presto.server.TestDistributedQueries"/>
</testsuite> <!-- com.facebook.presto.server.TestDistributedQueries -->
