<?xml version="1.0" encoding="UTF-8"?>
<!-- Generated by org.testng.reporters.JUnitReportReporter -->
<testsuite hostname="dlnode13" name="com.facebook.presto.discovery.TestEmbeddedDiscoveryConfig" tests="2" failures="0" timestamp="7 May 2014 07:03:51 GMT" time="0.138" errors="0">
  <testcase name="testDefaults" time="0.136" classname="com.facebook.presto.discovery.TestEmbeddedDiscoveryConfig"/>
  <testcase name="testExplicitPropertyMappings" time="0.002" classname="com.facebook.presto.discovery.TestEmbeddedDiscoveryConfig"/>
</testsuite> <!-- com.facebook.presto.discovery.TestEmbeddedDiscoveryConfig -->
