<?xml version="1.0" encoding="UTF-8"?>
<!-- Generated by org.testng.reporters.JUnitReportReporter -->
<testsuite hostname="dlnode13" name="com.facebook.presto.server.TestExecuteResource" tests="1" failures="0" timestamp="7 May 2014 07:03:51 GMT" time="1.404" errors="0">
  <testcase name="testExecute" time="1.404" classname="com.facebook.presto.server.TestExecuteResource"/>
</testsuite> <!-- com.facebook.presto.server.TestExecuteResource -->
