<?xml version="1.0" encoding="UTF-8"?>
<!-- Generated by org.testng.reporters.JUnitReportReporter -->
<testsuite hostname="dlnode13" name="com.facebook.presto.server.TestServer" tests="1" failures="0" timestamp="7 May 2014 07:03:51 GMT" time="1.181" errors="0">
  <testcase name="testServerStarts" time="1.181" classname="com.facebook.presto.server.TestServer"/>
</testsuite> <!-- com.facebook.presto.server.TestServer -->
