<?xml version="1.0" encoding="UTF-8"?>
<!-- Generated by org.testng.reporters.JUnitReportReporter -->
<testsuite hostname="dlnode13" name="com.facebook.presto.server.TestPluginManagerConfig" tests="2" failures="0" timestamp="7 May 2014 07:03:51 GMT" time="0.040" errors="0">
  <testcase name="testExplicitPropertyMappings" time="0.005" classname="com.facebook.presto.server.TestPluginManagerConfig"/>
  <testcase name="testDefaults" time="0.035" classname="com.facebook.presto.server.TestPluginManagerConfig"/>
</testsuite> <!-- com.facebook.presto.server.TestPluginManagerConfig -->
