<?xml version="1.0" encoding="UTF-8"?>
<!-- Generated by org.testng.reporters.JUnitReportReporter -->
<testsuite hostname="dlnode13" name="com.facebook.presto.cli.TestTsvPrinter" tests="3" failures="0" timestamp="7 May 2014 07:04:50 GMT" time="0.001" errors="0">
  <testcase name="testTsvPrintingNoRows" time="0.000" classname="com.facebook.presto.cli.TestTsvPrinter"/>
  <testcase name="testTsvPrintingNoHeader" time="0.000" classname="com.facebook.presto.cli.TestTsvPrinter"/>
  <testcase name="testTsvPrinting" time="0.001" classname="com.facebook.presto.cli.TestTsvPrinter"/>
</testsuite> <!-- com.facebook.presto.cli.TestTsvPrinter -->
