<?xml version="1.0" encoding="UTF-8"?>
<!-- Generated by org.testng.reporters.JUnitReportReporter -->
<testsuite hostname="dlnode13" name="com.facebook.presto.cli.TestCsvPrinter" tests="3" failures="0" timestamp="7 May 2014 07:04:50 GMT" time="0.004" errors="0">
  <testcase name="testCsvPrinting" time="0.004" classname="com.facebook.presto.cli.TestCsvPrinter"/>
  <testcase name="testCsvPrintingNoHeader" time="0.000" classname="com.facebook.presto.cli.TestCsvPrinter"/>
  <testcase name="testCsvPrintingNoRows" time="0.000" classname="com.facebook.presto.cli.TestCsvPrinter"/>
</testsuite> <!-- com.facebook.presto.cli.TestCsvPrinter -->
