<?xml version="1.0" encoding="UTF-8"?>
<!-- Generated by org.testng.reporters.JUnitReportReporter -->
<testsuite hostname="dlnode13" name="com.facebook.presto.cli.TestVerticalTuplePrinter" tests="5" failures="0" timestamp="7 May 2014 07:04:50 GMT" time="0.003" errors="0">
  <testcase name="testVerticalPrinting" time="0.001" classname="com.facebook.presto.cli.TestVerticalTuplePrinter"/>
  <testcase name="testVerticalLongerName" time="0.000" classname="com.facebook.presto.cli.TestVerticalTuplePrinter"/>
  <testcase name="testVerticalLongName" time="0.001" classname="com.facebook.presto.cli.TestVerticalTuplePrinter"/>
  <testcase name="testVerticalPrintingNoRows" time="0.001" classname="com.facebook.presto.cli.TestVerticalTuplePrinter"/>
  <testcase name="testVerticalShortName" time="0.000" classname="com.facebook.presto.cli.TestVerticalTuplePrinter"/>
</testsuite> <!-- com.facebook.presto.cli.TestVerticalTuplePrinter -->
