<?xml version="1.0" encoding="UTF-8"?>
<!-- Generated by org.testng.reporters.JUnitReportReporter -->
<testsuite hostname="dlnode13" name="com.facebook.presto.cli.TestAlignedTuplePrinter" tests="3" failures="0" timestamp="7 May 2014 07:04:50 GMT" time="0.058" errors="0">
  <testcase name="testAlignedPrintingNoRows" time="0.000" classname="com.facebook.presto.cli.TestAlignedTuplePrinter"/>
  <testcase name="testAlignedPrintingOneRow" time="0.001" classname="com.facebook.presto.cli.TestAlignedTuplePrinter"/>
  <testcase name="testAlignedPrinting" time="0.057" classname="com.facebook.presto.cli.TestAlignedTuplePrinter"/>
</testsuite> <!-- com.facebook.presto.cli.TestAlignedTuplePrinter -->
