<?xml version="1.0" encoding="UTF-8"?>
<!-- Generated by org.testng.reporters.JUnitReportReporter -->
<testsuite hostname="dlnode13" name="com.facebook.presto.cli.TestClientOptions" tests="6" failures="0" timestamp="7 May 2014 07:04:50 GMT" time="0.004" errors="0">
  <testcase name="testDefault" time="0.004" classname="com.facebook.presto.cli.TestClientOptions"/>
  <testcase name="testServerHostOnly" time="0.000" classname="com.facebook.presto.cli.TestClientOptions"/>
  <testcase name="testServerHttpUri" time="0.000" classname="com.facebook.presto.cli.TestClientOptions"/>
  <testcase name="testServerHttpsUri" time="0.000" classname="com.facebook.presto.cli.TestClientOptions"/>
  <testcase name="testInvalidServer" time="0.000" classname="com.facebook.presto.cli.TestClientOptions"/>
  <testcase name="testServerHostPort" time="0.000" classname="com.facebook.presto.cli.TestClientOptions"/>
</testsuite> <!-- com.facebook.presto.cli.TestClientOptions -->
