<?xml version="1.0" encoding="UTF-8"?>
<!-- Generated by org.testng.reporters.JUnitReportReporter -->
<testsuite hostname="dlnode13" name="com.facebook.presto.hive.TestNumberParser" tests="2" failures="0" timestamp="7 May 2014 06:41:41 GMT" time="0.003" errors="0">
  <testcase name="testLong" time="0.000" classname="com.facebook.presto.hive.TestNumberParser"/>
  <testcase name="testDouble" time="0.003" classname="com.facebook.presto.hive.TestNumberParser"/>
</testsuite> <!-- com.facebook.presto.hive.TestNumberParser -->
