<?xml version="1.0" encoding="UTF-8"?>
<!-- Generated by org.testng.reporters.JUnitReportReporter -->
<testsuite hostname="dlnode13" name="com.facebook.presto.hive.TestHiveBucketing" tests="2" failures="0" timestamp="7 May 2014 06:41:41 GMT" time="0.043" errors="0">
  <testcase name="testHashingString" time="0.002" classname="com.facebook.presto.hive.TestHiveBucketing"/>
  <testcase name="testHashingBooleanLong" time="0.041" classname="com.facebook.presto.hive.TestHiveBucketing"/>
</testsuite> <!-- com.facebook.presto.hive.TestHiveBucketing -->
