<?xml version="1.0" encoding="UTF-8"?>
<!-- Generated by org.testng.reporters.JUnitReportReporter -->
<testsuite hostname="dlnode13" name="com.facebook.presto.hive.util.TestSuspendingExecutor" tests="3" failures="0" timestamp="7 May 2014 06:41:41 GMT" time="1.080" errors="0">
  <testcase name="testSelfReference" time="0.001" classname="com.facebook.presto.hive.util.TestSuspendingExecutor"/>
  <testcase name="testSanity" time="0.001" classname="com.facebook.presto.hive.util.TestSuspendingExecutor"/>
  <testcase name="testConcurrency" time="1.078" classname="com.facebook.presto.hive.util.TestSuspendingExecutor"/>
</testsuite> <!-- com.facebook.presto.hive.util.TestSuspendingExecutor -->
