<?xml version="1.0" encoding="UTF-8"?>
<!-- Generated by org.testng.reporters.JUnitReportReporter -->
<testsuite hostname="dlnode13" name="com.facebook.presto.hive.TestHivePluginConfig" tests="2" failures="0" timestamp="7 May 2014 06:41:41 GMT" time="0.015" errors="0">
  <testcase name="testExplicitPropertyMappings" time="0.002" classname="com.facebook.presto.hive.TestHivePluginConfig"/>
  <testcase name="testDefaults" time="0.013" classname="com.facebook.presto.hive.TestHivePluginConfig"/>
</testsuite> <!-- com.facebook.presto.hive.TestHivePluginConfig -->
