<?xml version="1.0" encoding="UTF-8"?>
<!-- Generated by org.testng.reporters.JUnitReportReporter -->
<testsuite hostname="dlnode13" name="com.facebook.presto.hive.TestHiveConnectorFactory" tests="1" failures="0" timestamp="7 May 2014 06:41:41 GMT" time="1.514" errors="0">
  <testcase name="testGetClient" time="1.514" classname="com.facebook.presto.hive.TestHiveConnectorFactory"/>
</testsuite> <!-- com.facebook.presto.hive.TestHiveConnectorFactory -->
