<?xml version="1.0" encoding="UTF-8"?>
<!-- Generated by org.testng.reporters.JUnitReportReporter -->
<testsuite hostname="dlnode13" name="com.facebook.presto.hive.TestHiveUtil" tests="1" failures="0" timestamp="7 May 2014 06:41:41 GMT" time="0.028" errors="0">
  <testcase name="testParseHiveTimestamp" time="0.028" classname="com.facebook.presto.hive.TestHiveUtil"/>
</testsuite> <!-- com.facebook.presto.hive.TestHiveUtil -->
