<?xml version="1.0" encoding="UTF-8"?>
<!-- Generated by org.testng.reporters.JUnitReportReporter -->
<testsuite hostname="dlnode13" name="com.facebook.presto.hive.TestCachingHiveMetastore" tests="12" failures="0" timestamp="7 May 2014 06:41:41 GMT" time="0.125" errors="0">
  <testcase name="testGetPartitionNamesByParts" time="0.002" classname="com.facebook.presto.hive.TestCachingHiveMetastore"/>
  <testcase name="testInvalidDbGetTable" time="0.002" classname="com.facebook.presto.hive.TestCachingHiveMetastore"/>
  <testcase name="testInvalidDbGetAllTAbles" time="0.003" classname="com.facebook.presto.hive.TestCachingHiveMetastore"/>
  <testcase name="testGetPartitionNames" time="0.002" classname="com.facebook.presto.hive.TestCachingHiveMetastore"/>
  <testcase name="testGetPartitionsByNames" time="0.054" classname="com.facebook.presto.hive.TestCachingHiveMetastore"/>
  <testcase name="testGetAllTable" time="0.001" classname="com.facebook.presto.hive.TestCachingHiveMetastore"/>
  <testcase name="testInvalidGetPartitionsByNames" time="0.002" classname="com.facebook.presto.hive.TestCachingHiveMetastore"/>
  <testcase name="testGetAllDatabases" time="0.009" classname="com.facebook.presto.hive.TestCachingHiveMetastore"/>
  <testcase name="testNoCacheExceptions" time="0.048" classname="com.facebook.presto.hive.TestCachingHiveMetastore"/>
  <testcase name="testInvalidGetPartitionNamesByParts" time="0.001" classname="com.facebook.presto.hive.TestCachingHiveMetastore"/>
  <testcase name="testInvalidGetPartitionNames" time="0.000" classname="com.facebook.presto.hive.TestCachingHiveMetastore"/>
  <testcase name="testGetTable" time="0.001" classname="com.facebook.presto.hive.TestCachingHiveMetastore"/>
</testsuite> <!-- com.facebook.presto.hive.TestCachingHiveMetastore -->
