<?xml version="1.0" encoding="UTF-8"?>
<!-- Generated by org.testng.reporters.JUnitReportReporter -->
<testsuite hostname="dlnode13" name="com.facebook.presto.hive.TestHiveClientConfig" tests="2" failures="0" timestamp="7 May 2014 06:41:41 GMT" time="0.448" errors="0">
  <testcase name="testDefaults" time="0.260" classname="com.facebook.presto.hive.TestHiveClientConfig"/>
  <testcase name="testExplicitPropertyMappings" time="0.188" classname="com.facebook.presto.hive.TestHiveClientConfig"/>
</testsuite> <!-- com.facebook.presto.hive.TestHiveClientConfig -->
