<?xml version="1.0" encoding="UTF-8"?>
<!-- Generated by org.testng.reporters.JUnitReportReporter -->
<testsuite hostname="dlnode13" name="com.facebook.presto.hive.TestJsonHiveHandles" tests="4" failures="0" timestamp="7 May 2014 06:41:41 GMT" time="0.012" errors="0">
  <testcase name="testColumnHandleSerialize" time="0.004" classname="com.facebook.presto.hive.TestJsonHiveHandles"/>
  <testcase name="testColumnHandleDeserialize" time="0.006" classname="com.facebook.presto.hive.TestJsonHiveHandles"/>
  <testcase name="testTableHandleDeserialize" time="0.001" classname="com.facebook.presto.hive.TestJsonHiveHandles"/>
  <testcase name="testTableHandleSerialize" time="0.001" classname="com.facebook.presto.hive.TestJsonHiveHandles"/>
</testsuite> <!-- com.facebook.presto.hive.TestJsonHiveHandles -->
