<?xml version="1.0" encoding="UTF-8"?>
<!-- Generated by org.testng.reporters.JUnitReportReporter -->
<testsuite hostname="dlnode13" name="com.facebook.presto.hive.util.TestAsyncRecursiveWalker" tests="3" failures="0" timestamp="7 May 2014 06:41:41 GMT" time="0.086" errors="0">
  <testcase name="testSanity" time="0.010" classname="com.facebook.presto.hive.util.TestAsyncRecursiveWalker"/>
  <testcase name="testDoubleIOException" time="0.074" classname="com.facebook.presto.hive.util.TestAsyncRecursiveWalker"/>
  <testcase name="testEmptyPath" time="0.002" classname="com.facebook.presto.hive.util.TestAsyncRecursiveWalker"/>
</testsuite> <!-- com.facebook.presto.hive.util.TestAsyncRecursiveWalker -->
