<?xml version="1.0" encoding="UTF-8"?>
<!-- Generated by org.testng.reporters.JUnitReportReporter -->
<testsuite hostname="dlnode13" name="com.facebook.presto.jdbc.TestJdbcResultSet" tests="2" failures="0" timestamp="7 May 2014 07:04:28 GMT" time="2.561" errors="0">
  <testcase name="testObjectTypes" time="1.310" classname="com.facebook.presto.jdbc.TestJdbcResultSet"/>
  <testcase name="testDuplicateColumnLabels" time="1.251" classname="com.facebook.presto.jdbc.TestJdbcResultSet"/>
</testsuite> <!-- com.facebook.presto.jdbc.TestJdbcResultSet -->
