<?xml version="1.0" encoding="UTF-8"?>
<!-- Generated by org.testng.reporters.JUnitReportReporter -->
<testsuite hostname="dlnode13" name="com.facebook.presto.jdbc.TestDriver" tests="4" failures="0" timestamp="7 May 2014 07:04:28 GMT" time="14.933" errors="0">
  <testcase name="testConnectionResourceHandling" time="10.471" classname="com.facebook.presto.jdbc.TestDriver"/>
  <testcase name="testDriverManager" time="1.824" classname="com.facebook.presto.jdbc.TestDriver"/>
  <testcase name="testUserIsRequired" time="1.082" classname="com.facebook.presto.jdbc.TestDriver"/>
  <testcase name="testBadQuery" time="1.556" classname="com.facebook.presto.jdbc.TestDriver"/>
</testsuite> <!-- com.facebook.presto.jdbc.TestDriver -->
