<?xml version="1.0" encoding="UTF-8"?>
<!-- Generated by org.testng.reporters.JUnitReportReporter -->
<testsuite hostname="dlnode13" name="com.facebook.presto.sql.parser.TestStatementSplitter" tests="20" failures="0" timestamp="7 May 2014 06:42:11 GMT" time="0.011" errors="0">
  <testcase name="testSplitterIncomplete" time="0.001" classname="com.facebook.presto.sql.parser.TestStatementSplitter"/>
  <testcase name="testSqueezeStatementAlternateDelimiter" time="0.001" classname="com.facebook.presto.sql.parser.TestStatementSplitter"/>
  <testcase name="testSplitterWithIncompleteQuotedString" time="0.000" classname="com.facebook.presto.sql.parser.TestStatementSplitter"/>
  <testcase name="testSplitterSingle" time="0.000" classname="com.facebook.presto.sql.parser.TestStatementSplitter"/>
  <testcase name="testSplitterWithQuotedString" time="0.000" classname="com.facebook.presto.sql.parser.TestStatementSplitter"/>
  <testcase name="testSplitterErrorAfterComplete" time="0.001" classname="com.facebook.presto.sql.parser.TestStatementSplitter"/>
  <testcase name="testSplitterWithQuotedIdentifier" time="0.000" classname="com.facebook.presto.sql.parser.TestStatementSplitter"/>
  <testcase name="testSplitterMultiple" time="0.000" classname="com.facebook.presto.sql.parser.TestStatementSplitter"/>
  <testcase name="testSplitterWithEscapedSingleQuote" time="0.000" classname="com.facebook.presto.sql.parser.TestStatementSplitter"/>
  <testcase name="testSqueezeStatementError" time="0.000" classname="com.facebook.presto.sql.parser.TestStatementSplitter"/>
  <testcase name="testSplitterErrorBeforeComplete" time="0.000" classname="com.facebook.presto.sql.parser.TestStatementSplitter"/>
  <testcase name="testSqueezeStatementWithBackquote" time="0.001" classname="com.facebook.presto.sql.parser.TestStatementSplitter"/>
  <testcase name="testSplitterEmptyInput" time="0.001" classname="com.facebook.presto.sql.parser.TestStatementSplitter"/>
  <testcase name="testSqueezeStatementWithIncompleteQuotedString" time="0.000" classname="com.facebook.presto.sql.parser.TestStatementSplitter"/>
  <testcase name="testSplitterMultipleWithEmpty" time="0.000" classname="com.facebook.presto.sql.parser.TestStatementSplitter"/>
  <testcase name="testSplitterCustomDelimiters" time="0.006" classname="com.facebook.presto.sql.parser.TestStatementSplitter"/>
  <testcase name="testSqueezeStatement" time="0.000" classname="com.facebook.presto.sql.parser.TestStatementSplitter"/>
  <testcase name="testSplitterWithBackquote" time="0.000" classname="com.facebook.presto.sql.parser.TestStatementSplitter"/>
  <testcase name="testSplitterEmptyStatements" time="0.000" classname="com.facebook.presto.sql.parser.TestStatementSplitter"/>
  <testcase name="testSplitterWithDigitIdentifier" time="0.000" classname="com.facebook.presto.sql.parser.TestStatementSplitter"/>
</testsuite> <!-- com.facebook.presto.sql.parser.TestStatementSplitter -->
