<?xml version="1.0" encoding="UTF-8"?>
<!-- Generated by org.testng.reporters.JUnitReportReporter -->
<testsuite hostname="dlnode13" name="com.facebook.presto.sql.parser.TestSqlParser" tests="26" failures="0" timestamp="7 May 2014 06:42:11 GMT" time="0.762" errors="0">
  <testcase name="testIdentifierWithColon" time="0.001" classname="com.facebook.presto.sql.parser.TestSqlParser"/>
  <testcase name="testStackOverflowExpression" time="0.240" classname="com.facebook.presto.sql.parser.TestSqlParser"/>
  <testcase name="testEmptyExpression" time="0.003" classname="com.facebook.presto.sql.parser.TestSqlParser"/>
  <testcase name="testParseErrorMiddleOfLine" time="0.002" classname="com.facebook.presto.sql.parser.TestSqlParser"/>
  <testcase name="testDouble" time="0.005" classname="com.facebook.presto.sql.parser.TestSqlParser"/>
  <testcase name="testParseErrorBackquotesEndOfInput" time="0.001" classname="com.facebook.presto.sql.parser.TestSqlParser"/>
  <testcase name="testTokenizeErrorMiddleOfLine" time="0.001" classname="com.facebook.presto.sql.parser.TestSqlParser"/>
  <testcase name="testCurrentTimestamp" time="0.146" classname="com.facebook.presto.sql.parser.TestSqlParser"/>
  <testcase name="testParseErrorStartOfLine" time="0.001" classname="com.facebook.presto.sql.parser.TestSqlParser"/>
  <testcase name="testParsingExceptionPositionInfo" time="0.002" classname="com.facebook.presto.sql.parser.TestSqlParser"/>
  <testcase name="testTokenizeErrorStartOfLine" time="0.000" classname="com.facebook.presto.sql.parser.TestSqlParser"/>
  <testcase name="testParseErrorReverseOrderByLimit" time="0.002" classname="com.facebook.presto.sql.parser.TestSqlParser"/>
  <testcase name="testParseErrorBackquotes" time="0.001" classname="com.facebook.presto.sql.parser.TestSqlParser"/>
  <testcase name="testDoubleInQuery" time="0.040" classname="com.facebook.presto.sql.parser.TestSqlParser"/>
  <testcase name="testParseErrorEndOfInput" time="0.001" classname="com.facebook.presto.sql.parser.TestSqlParser"/>
  <testcase name="testParseErrorDualOrderBy" time="0.003" classname="com.facebook.presto.sql.parser.TestSqlParser"/>
  <testcase name="testExpressionWithTrailingJunk" time="0.001" classname="com.facebook.presto.sql.parser.TestSqlParser"/>
  <testcase name="testEmptyStatement" time="0.001" classname="com.facebook.presto.sql.parser.TestSqlParser"/>
  <testcase name="testParseErrorEndOfInputWhitespace" time="0.001" classname="com.facebook.presto.sql.parser.TestSqlParser"/>
  <testcase name="testDate" time="0.068" classname="com.facebook.presto.sql.parser.TestSqlParser"/>
  <testcase name="testParseErrorDigitIdentifiers" time="0.001" classname="com.facebook.presto.sql.parser.TestSqlParser"/>
  <testcase name="testInterval" time="0.006" classname="com.facebook.presto.sql.parser.TestSqlParser"/>
  <testcase name="testTime" time="0.005" classname="com.facebook.presto.sql.parser.TestSqlParser"/>
  <testcase name="testPossibleExponentialBacktracking" time="0.007" classname="com.facebook.presto.sql.parser.TestSqlParser"/>
  <testcase name="testTokenizeErrorIncompleteToken" time="0.001" classname="com.facebook.presto.sql.parser.TestSqlParser"/>
  <testcase name="testStackOverflowStatement" time="0.222" classname="com.facebook.presto.sql.parser.TestSqlParser"/>
</testsuite> <!-- com.facebook.presto.sql.parser.TestSqlParser -->
