<?xml version="1.0" encoding="UTF-8"?>
<!-- Generated by org.testng.reporters.JUnitReportReporter -->
<testsuite hostname="dlnode13" name="com.facebook.presto.sql.parser.TestStatementBuilder" tests="2" failures="0" timestamp="7 May 2014 06:42:11 GMT" time="0.851" errors="0">
  <testcase name="testStatementBuilder" time="0.134" classname="com.facebook.presto.sql.parser.TestStatementBuilder"/>
  <testcase name="testStatementBuilderTpch" time="0.717" classname="com.facebook.presto.sql.parser.TestStatementBuilder"/>
</testsuite> <!-- com.facebook.presto.sql.parser.TestStatementBuilder -->
