<?xml version="1.0" encoding="UTF-8"?>
<testsuite name="TestSuite" time="234.738" tests="1234" errors="0" skipped="0" failures="0">
  <properties>
    <property name="java.runtime.name" value="Java(TM) SE Runtime Environment"/>
    <property name="sun.boot.library.path" value="/usr/lib/java/jdk1.7.0_04/jre/lib/amd64"/>
    <property name="java.vm.version" value="23.0-b21"/>
    <property name="java.vm.vendor" value="Oracle Corporation"/>
    <property name="java.vendor.url" value="http://java.oracle.com/"/>
    <property name="path.separator" value=":"/>
    <property name="guice.disable.misplaced.annotation.check" value="true"/>
    <property name="java.vm.name" value="Java HotSpot(TM) 64-Bit Server VM"/>
    <property name="file.encoding.pkg" value="sun.io"/>
    <property name="user.country" value="US"/>
    <property name="sun.java.launcher" value="SUN_STANDARD"/>
    <property name="sun.os.patch.level" value="unknown"/>
    <property name="java.vm.specification.name" value="Java Virtual Machine Specification"/>
    <property name="user.dir" value="/home/deke/presto-0.54"/>
    <property name="java.runtime.version" value="1.7.0_04-b20"/>
    <property name="java.awt.graphicsenv" value="sun.awt.X11GraphicsEnvironment"/>
    <property name="java.endorsed.dirs" value="/usr/lib/java/jdk1.7.0_04/jre/lib/endorsed"/>
    <property name="os.arch" value="amd64"/>
    <property name="java.io.tmpdir" value="/tmp"/>
    <property name="line.separator" value="&#10;"/>
    <property name="java.vm.specification.vendor" value="Oracle Corporation"/>
    <property name="os.name" value="Linux"/>
    <property name="classworlds.conf" value="/usr/share/apache-maven-3.2.1/bin/m2.conf"/>
    <property name="sun.jnu.encoding" value="UTF-8"/>
    <property name="java.library.path" value="/usr/java/packages/lib/amd64:/usr/lib64:/lib64:/lib:/usr/lib"/>
    <property name="java.specification.name" value="Java Platform API Specification"/>
    <property name="java.class.version" value="51.0"/>
    <property name="sun.management.compiler" value="HotSpot 64-Bit Tiered Compilers"/>
    <property name="os.version" value="2.6.18-194.el5"/>
    <property name="user.home" value="/home/deke"/>
    <property name="user.timezone" value="PRC"/>
    <property name="java.awt.printerjob" value="sun.print.PSPrinterJob"/>
    <property name="file.encoding" value="UTF-8"/>
    <property name="java.specification.version" value="1.7"/>
    <property name="user.name" value="deke"/>
    <property name="java.class.path" value="/usr/share/apache-maven-3.2.1/boot/plexus-classworlds-2.5.1.jar"/>
    <property name="org.slf4j.simpleLogger.defaultLogLevel" value="info"/>
    <property name="java.vm.specification.version" value="1.7"/>
    <property name="sun.arch.data.model" value="64"/>
    <property name="java.home" value="/usr/lib/java/jdk1.7.0_04/jre"/>
    <property name="sun.java.command" value="org.codehaus.plexus.classworlds.launcher.Launcher clean install"/>
    <property name="java.specification.vendor" value="Oracle Corporation"/>
    <property name="user.language" value="en"/>
    <property name="awt.toolkit" value="sun.awt.X11.XToolkit"/>
    <property name="java.vm.info" value="mixed mode"/>
    <property name="java.version" value="1.7.0_04"/>
    <property name="java.ext.dirs" value="/usr/lib/java/jdk1.7.0_04/jre/lib/ext:/usr/java/packages/lib/ext"/>
    <property name="securerandom.source" value="file:/dev/./urandom"/>
    <property name="sun.boot.class.path" value="/usr/lib/java/jdk1.7.0_04/jre/lib/resources.jar:/usr/lib/java/jdk1.7.0_04/jre/lib/rt.jar:/usr/lib/java/jdk1.7.0_04/jre/lib/sunrsasign.jar:/usr/lib/java/jdk1.7.0_04/jre/lib/jsse.jar:/usr/lib/java/jdk1.7.0_04/jre/lib/jce.jar:/usr/lib/java/jdk1.7.0_04/jre/lib/charsets.jar:/usr/lib/java/jdk1.7.0_04/jre/lib/jfr.jar:/usr/lib/java/jdk1.7.0_04/jre/classes"/>
    <property name="java.vendor" value="Oracle Corporation"/>
    <property name="maven.home" value="/usr/share/apache-maven-3.2.1"/>
    <property name="file.separator" value="/"/>
    <property name="java.vendor.url.bug" value="http://bugreport.sun.com/bugreport/"/>
    <property name="sun.cpu.endian" value="little"/>
    <property name="sun.io.unicode.encoding" value="UnicodeLittle"/>
    <property name="sun.desktop" value="gnome"/>
    <property name="sun.cpu.isalist" value=""/>
  </properties>
  <testcase name="testAllPositionsNull" classname="com.facebook.presto.operator.aggregation.TestBooleanMaxAggregation" time="0.006"/>
  <testcase name="testMixedNullAndNonNullPositions" classname="com.facebook.presto.operator.aggregation.TestBooleanMaxAggregation" time="0.003"/>
  <testcase name="testMultiplePositions" classname="com.facebook.presto.operator.aggregation.TestBooleanMaxAggregation" time="0.001"/>
  <testcase name="testNegativeOnlyValues" classname="com.facebook.presto.operator.aggregation.TestBooleanMaxAggregation" time="0.001"/>
  <testcase name="testNoPositions" classname="com.facebook.presto.operator.aggregation.TestBooleanMaxAggregation" time="0.001"/>
  <testcase name="testPartialWithMixedNullAndNonNullPositions" classname="com.facebook.presto.operator.aggregation.TestBooleanMaxAggregation" time="0.003"/>
  <testcase name="testPartialWithMultiplePositions" classname="com.facebook.presto.operator.aggregation.TestBooleanMaxAggregation" time="0.001"/>
  <testcase name="testPositiveOnlyValues" classname="com.facebook.presto.operator.aggregation.TestBooleanMaxAggregation" time="0"/>
  <testcase name="testSinglePosition" classname="com.facebook.presto.operator.aggregation.TestBooleanMaxAggregation" time="0.001"/>
  <testcase name="testVectorAllPositionsNull" classname="com.facebook.presto.operator.aggregation.TestBooleanMaxAggregation" time="0.001"/>
  <testcase name="testVectorMixedNullAndNonNullPositions" classname="com.facebook.presto.operator.aggregation.TestBooleanMaxAggregation" time="0.001"/>
  <testcase name="testVectorMultiplePositions" classname="com.facebook.presto.operator.aggregation.TestBooleanMaxAggregation" time="0.001"/>
  <testcase name="testVectorPartialWithMixedNullAndNonNullPositions" classname="com.facebook.presto.operator.aggregation.TestBooleanMaxAggregation" time="0.003"/>
  <testcase name="testVectorPartialWithMultiplePositions" classname="com.facebook.presto.operator.aggregation.TestBooleanMaxAggregation" time="0.001"/>
  <testcase name="testVectorSinglePosition" classname="com.facebook.presto.operator.aggregation.TestBooleanMaxAggregation" time="0.001"/>
  <testcase name="testAllPositionsNull" classname="com.facebook.presto.operator.aggregation.TestBooleanMinAggregation" time="0.002"/>
  <testcase name="testMixedNullAndNonNullPositions" classname="com.facebook.presto.operator.aggregation.TestBooleanMinAggregation" time="0.002"/>
  <testcase name="testMultiplePositions" classname="com.facebook.presto.operator.aggregation.TestBooleanMinAggregation" time="0.001"/>
  <testcase name="testNegativeOnlyValues" classname="com.facebook.presto.operator.aggregation.TestBooleanMinAggregation" time="0.001"/>
  <testcase name="testNoPositions" classname="com.facebook.presto.operator.aggregation.TestBooleanMinAggregation" time="0.001"/>
  <testcase name="testPartialWithMixedNullAndNonNullPositions" classname="com.facebook.presto.operator.aggregation.TestBooleanMinAggregation" time="0.003"/>
  <testcase name="testPartialWithMultiplePositions" classname="com.facebook.presto.operator.aggregation.TestBooleanMinAggregation" time="0.001"/>
  <testcase name="testPositiveOnlyValues" classname="com.facebook.presto.operator.aggregation.TestBooleanMinAggregation" time="0"/>
  <testcase name="testSinglePosition" classname="com.facebook.presto.operator.aggregation.TestBooleanMinAggregation" time="0.001"/>
  <testcase name="testVectorAllPositionsNull" classname="com.facebook.presto.operator.aggregation.TestBooleanMinAggregation" time="0.001"/>
  <testcase name="testVectorMixedNullAndNonNullPositions" classname="com.facebook.presto.operator.aggregation.TestBooleanMinAggregation" time="0.001"/>
  <testcase name="testVectorMultiplePositions" classname="com.facebook.presto.operator.aggregation.TestBooleanMinAggregation" time="0.001"/>
  <testcase name="testVectorPartialWithMixedNullAndNonNullPositions" classname="com.facebook.presto.operator.aggregation.TestBooleanMinAggregation" time="0.002"/>
  <testcase name="testVectorPartialWithMultiplePositions" classname="com.facebook.presto.operator.aggregation.TestBooleanMinAggregation" time="0.001"/>
  <testcase name="testVectorSinglePosition" classname="com.facebook.presto.operator.aggregation.TestBooleanMinAggregation" time="0.001"/>
  <testcase name="testAllPositionsNull" classname="com.facebook.presto.operator.aggregation.TestCountAggregation" time="0.001"/>
  <testcase name="testMixedNullAndNonNullPositions" classname="com.facebook.presto.operator.aggregation.TestCountAggregation" time="0.002"/>
  <testcase name="testMultiplePositions" classname="com.facebook.presto.operator.aggregation.TestCountAggregation" time="0.001"/>
  <testcase name="testNegativeOnlyValues" classname="com.facebook.presto.operator.aggregation.TestCountAggregation" time="0.001"/>
  <testcase name="testNoPositions" classname="com.facebook.presto.operator.aggregation.TestCountAggregation" time="0.001"/>
  <testcase name="testPartialWithMixedNullAndNonNullPositions" classname="com.facebook.presto.operator.aggregation.TestCountAggregation" time="0.002"/>
  <testcase name="testPartialWithMultiplePositions" classname="com.facebook.presto.operator.aggregation.TestCountAggregation" time="0.001"/>
  <testcase name="testPositiveOnlyValues" classname="com.facebook.presto.operator.aggregation.TestCountAggregation" time="0.001"/>
  <testcase name="testSinglePosition" classname="com.facebook.presto.operator.aggregation.TestCountAggregation" time="0.001"/>
  <testcase name="testVectorAllPositionsNull" classname="com.facebook.presto.operator.aggregation.TestCountAggregation" time="0.001"/>
  <testcase name="testVectorMixedNullAndNonNullPositions" classname="com.facebook.presto.operator.aggregation.TestCountAggregation" time="0.001"/>
  <testcase name="testVectorMultiplePositions" classname="com.facebook.presto.operator.aggregation.TestCountAggregation" time="0.001"/>
  <testcase name="testVectorPartialWithMixedNullAndNonNullPositions" classname="com.facebook.presto.operator.aggregation.TestCountAggregation" time="0.002"/>
  <testcase name="testVectorPartialWithMultiplePositions" classname="com.facebook.presto.operator.aggregation.TestCountAggregation" time="0.001"/>
  <testcase name="testVectorSinglePosition" classname="com.facebook.presto.operator.aggregation.TestCountAggregation" time="0"/>
  <testcase name="testAllPositionsNull" classname="com.facebook.presto.operator.aggregation.TestCountColumnAggregation" time="0.001"/>
  <testcase name="testMixedNullAndNonNullPositions" classname="com.facebook.presto.operator.aggregation.TestCountColumnAggregation" time="0.002"/>
  <testcase name="testMultiplePositions" classname="com.facebook.presto.operator.aggregation.TestCountColumnAggregation" time="0.001"/>
  <testcase name="testNegativeOnlyValues" classname="com.facebook.presto.operator.aggregation.TestCountColumnAggregation" time="0"/>
  <testcase name="testNoPositions" classname="com.facebook.presto.operator.aggregation.TestCountColumnAggregation" time="0"/>
  <testcase name="testPartialWithMixedNullAndNonNullPositions" classname="com.facebook.presto.operator.aggregation.TestCountColumnAggregation" time="0.002"/>
  <testcase name="testPartialWithMultiplePositions" classname="com.facebook.presto.operator.aggregation.TestCountColumnAggregation" time="0.001"/>
  <testcase name="testPositiveOnlyValues" classname="com.facebook.presto.operator.aggregation.TestCountColumnAggregation" time="0.001"/>
  <testcase name="testSinglePosition" classname="com.facebook.presto.operator.aggregation.TestCountColumnAggregation" time="0.001"/>
  <testcase name="testVectorAllPositionsNull" classname="com.facebook.presto.operator.aggregation.TestCountColumnAggregation" time="0"/>
  <testcase name="testVectorMixedNullAndNonNullPositions" classname="com.facebook.presto.operator.aggregation.TestCountColumnAggregation" time="0"/>
  <testcase name="testVectorMultiplePositions" classname="com.facebook.presto.operator.aggregation.TestCountColumnAggregation" time="0"/>
  <testcase name="testVectorPartialWithMixedNullAndNonNullPositions" classname="com.facebook.presto.operator.aggregation.TestCountColumnAggregation" time="0.002"/>
  <testcase name="testVectorPartialWithMultiplePositions" classname="com.facebook.presto.operator.aggregation.TestCountColumnAggregation" time="0.001"/>
  <testcase name="testVectorSinglePosition" classname="com.facebook.presto.operator.aggregation.TestCountColumnAggregation" time="0"/>
  <testcase name="testAllPositionsNull" classname="com.facebook.presto.operator.aggregation.TestCountIfAggregation" time="0.002"/>
  <testcase name="testMixedNullAndNonNullPositions" classname="com.facebook.presto.operator.aggregation.TestCountIfAggregation" time="0.001"/>
  <testcase name="testMultiplePositions" classname="com.facebook.presto.operator.aggregation.TestCountIfAggregation" time="0.001"/>
  <testcase name="testNegativeOnlyValues" classname="com.facebook.presto.operator.aggregation.TestCountIfAggregation" time="0.001"/>
  <testcase name="testNoPositions" classname="com.facebook.presto.operator.aggregation.TestCountIfAggregation" time="0.001"/>
  <testcase name="testPartialWithMixedNullAndNonNullPositions" classname="com.facebook.presto.operator.aggregation.TestCountIfAggregation" time="0.002"/>
  <testcase name="testPartialWithMultiplePositions" classname="com.facebook.presto.operator.aggregation.TestCountIfAggregation" time="0.001"/>
  <testcase name="testPositiveOnlyValues" classname="com.facebook.presto.operator.aggregation.TestCountIfAggregation" time="0.001"/>
  <testcase name="testSinglePosition" classname="com.facebook.presto.operator.aggregation.TestCountIfAggregation" time="0.001"/>
  <testcase name="testVectorAllPositionsNull" classname="com.facebook.presto.operator.aggregation.TestCountIfAggregation" time="0"/>
  <testcase name="testVectorMixedNullAndNonNullPositions" classname="com.facebook.presto.operator.aggregation.TestCountIfAggregation" time="0"/>
  <testcase name="testVectorMultiplePositions" classname="com.facebook.presto.operator.aggregation.TestCountIfAggregation" time="0"/>
  <testcase name="testVectorPartialWithMixedNullAndNonNullPositions" classname="com.facebook.presto.operator.aggregation.TestCountIfAggregation" time="0.003"/>
  <testcase name="testVectorPartialWithMultiplePositions" classname="com.facebook.presto.operator.aggregation.TestCountIfAggregation" time="0.001"/>
  <testcase name="testVectorSinglePosition" classname="com.facebook.presto.operator.aggregation.TestCountIfAggregation" time="0"/>
  <testcase name="testAllPositionsNull" classname="com.facebook.presto.operator.aggregation.TestDoubleApproximateAverageAggregation" time="0.002"/>
  <testcase name="testMixedNullAndNonNullPositions" classname="com.facebook.presto.operator.aggregation.TestDoubleApproximateAverageAggregation" time="0.002"/>
  <testcase name="testMultiplePositions" classname="com.facebook.presto.operator.aggregation.TestDoubleApproximateAverageAggregation" time="0.001"/>
  <testcase name="testNegativeOnlyValues" classname="com.facebook.presto.operator.aggregation.TestDoubleApproximateAverageAggregation" time="0.001"/>
  <testcase name="testNoPositions" classname="com.facebook.presto.operator.aggregation.TestDoubleApproximateAverageAggregation" time="0.001"/>
  <testcase name="testPartialWithMixedNullAndNonNullPositions" classname="com.facebook.presto.operator.aggregation.TestDoubleApproximateAverageAggregation" time="0.002"/>
  <testcase name="testPartialWithMultiplePositions" classname="com.facebook.presto.operator.aggregation.TestDoubleApproximateAverageAggregation" time="0.001"/>
  <testcase name="testPositiveOnlyValues" classname="com.facebook.presto.operator.aggregation.TestDoubleApproximateAverageAggregation" time="0.001"/>
  <testcase name="testSinglePosition" classname="com.facebook.presto.operator.aggregation.TestDoubleApproximateAverageAggregation" time="0.001"/>
  <testcase name="testVectorAllPositionsNull" classname="com.facebook.presto.operator.aggregation.TestDoubleApproximateAverageAggregation" time="0.001"/>
  <testcase name="testVectorMixedNullAndNonNullPositions" classname="com.facebook.presto.operator.aggregation.TestDoubleApproximateAverageAggregation" time="0.001"/>
  <testcase name="testVectorMultiplePositions" classname="com.facebook.presto.operator.aggregation.TestDoubleApproximateAverageAggregation" time="0.001"/>
  <testcase name="testVectorPartialWithMixedNullAndNonNullPositions" classname="com.facebook.presto.operator.aggregation.TestDoubleApproximateAverageAggregation" time="0.002"/>
  <testcase name="testVectorPartialWithMultiplePositions" classname="com.facebook.presto.operator.aggregation.TestDoubleApproximateAverageAggregation" time="0.001"/>
  <testcase name="testVectorSinglePosition" classname="com.facebook.presto.operator.aggregation.TestDoubleApproximateAverageAggregation" time="0.001"/>
  <testcase name="testAllPositionsNull" classname="com.facebook.presto.operator.aggregation.TestDoubleAverageAggregation" time="0.001"/>
  <testcase name="testMixedNullAndNonNullPositions" classname="com.facebook.presto.operator.aggregation.TestDoubleAverageAggregation" time="0.002"/>
  <testcase name="testMultiplePositions" classname="com.facebook.presto.operator.aggregation.TestDoubleAverageAggregation" time="0.001"/>
  <testcase name="testNegativeOnlyValues" classname="com.facebook.presto.operator.aggregation.TestDoubleAverageAggregation" time="0.001"/>
  <testcase name="testNoPositions" classname="com.facebook.presto.operator.aggregation.TestDoubleAverageAggregation" time="0.001"/>
  <testcase name="testPartialWithMixedNullAndNonNullPositions" classname="com.facebook.presto.operator.aggregation.TestDoubleAverageAggregation" time="0.002"/>
  <testcase name="testPartialWithMultiplePositions" classname="com.facebook.presto.operator.aggregation.TestDoubleAverageAggregation" time="0.001"/>
  <testcase name="testPositiveOnlyValues" classname="com.facebook.presto.operator.aggregation.TestDoubleAverageAggregation" time="0.001"/>
  <testcase name="testSinglePosition" classname="com.facebook.presto.operator.aggregation.TestDoubleAverageAggregation" time="0.001"/>
  <testcase name="testVectorAllPositionsNull" classname="com.facebook.presto.operator.aggregation.TestDoubleAverageAggregation" time="0"/>
  <testcase name="testVectorMixedNullAndNonNullPositions" classname="com.facebook.presto.operator.aggregation.TestDoubleAverageAggregation" time="0.001"/>
  <testcase name="testVectorMultiplePositions" classname="com.facebook.presto.operator.aggregation.TestDoubleAverageAggregation" time="0.001"/>
  <testcase name="testVectorPartialWithMixedNullAndNonNullPositions" classname="com.facebook.presto.operator.aggregation.TestDoubleAverageAggregation" time="0.002"/>
  <testcase name="testVectorPartialWithMultiplePositions" classname="com.facebook.presto.operator.aggregation.TestDoubleAverageAggregation" time="0.001"/>
  <testcase name="testVectorSinglePosition" classname="com.facebook.presto.operator.aggregation.TestDoubleAverageAggregation" time="0"/>
  <testcase name="testAllPositionsNull" classname="com.facebook.presto.operator.aggregation.TestDoubleMaxAggregation" time="0.002"/>
  <testcase name="testMixedNullAndNonNullPositions" classname="com.facebook.presto.operator.aggregation.TestDoubleMaxAggregation" time="0.001"/>
  <testcase name="testMultiplePositions" classname="com.facebook.presto.operator.aggregation.TestDoubleMaxAggregation" time="0.001"/>
  <testcase name="testNegativeOnlyValues" classname="com.facebook.presto.operator.aggregation.TestDoubleMaxAggregation" time="0.001"/>
  <testcase name="testNoPositions" classname="com.facebook.presto.operator.aggregation.TestDoubleMaxAggregation" time="0.001"/>
  <testcase name="testPartialWithMixedNullAndNonNullPositions" classname="com.facebook.presto.operator.aggregation.TestDoubleMaxAggregation" time="0.002"/>
  <testcase name="testPartialWithMultiplePositions" classname="com.facebook.presto.operator.aggregation.TestDoubleMaxAggregation" time="0.001"/>
  <testcase name="testPositiveOnlyValues" classname="com.facebook.presto.operator.aggregation.TestDoubleMaxAggregation" time="0.001"/>
  <testcase name="testSinglePosition" classname="com.facebook.presto.operator.aggregation.TestDoubleMaxAggregation" time="0"/>
  <testcase name="testVectorAllPositionsNull" classname="com.facebook.presto.operator.aggregation.TestDoubleMaxAggregation" time="0.001"/>
  <testcase name="testVectorMixedNullAndNonNullPositions" classname="com.facebook.presto.operator.aggregation.TestDoubleMaxAggregation" time="0.001"/>
  <testcase name="testVectorMultiplePositions" classname="com.facebook.presto.operator.aggregation.TestDoubleMaxAggregation" time="0.001"/>
  <testcase name="testVectorPartialWithMixedNullAndNonNullPositions" classname="com.facebook.presto.operator.aggregation.TestDoubleMaxAggregation" time="0.002"/>
  <testcase name="testVectorPartialWithMultiplePositions" classname="com.facebook.presto.operator.aggregation.TestDoubleMaxAggregation" time="0.001"/>
  <testcase name="testVectorSinglePosition" classname="com.facebook.presto.operator.aggregation.TestDoubleMaxAggregation" time="0"/>
  <testcase name="testAllPositionsNull" classname="com.facebook.presto.operator.aggregation.TestDoubleMinAggregation" time="0.002"/>
  <testcase name="testMixedNullAndNonNullPositions" classname="com.facebook.presto.operator.aggregation.TestDoubleMinAggregation" time="0.001"/>
  <testcase name="testMultiplePositions" classname="com.facebook.presto.operator.aggregation.TestDoubleMinAggregation" time="0.001"/>
  <testcase name="testNegativeOnlyValues" classname="com.facebook.presto.operator.aggregation.TestDoubleMinAggregation" time="0.001"/>
  <testcase name="testNoPositions" classname="com.facebook.presto.operator.aggregation.TestDoubleMinAggregation" time="0"/>
  <testcase name="testPartialWithMixedNullAndNonNullPositions" classname="com.facebook.presto.operator.aggregation.TestDoubleMinAggregation" time="0.002"/>
  <testcase name="testPartialWithMultiplePositions" classname="com.facebook.presto.operator.aggregation.TestDoubleMinAggregation" time="0.001"/>
  <testcase name="testPositiveOnlyValues" classname="com.facebook.presto.operator.aggregation.TestDoubleMinAggregation" time="0"/>
  <testcase name="testSinglePosition" classname="com.facebook.presto.operator.aggregation.TestDoubleMinAggregation" time="0.001"/>
  <testcase name="testVectorAllPositionsNull" classname="com.facebook.presto.operator.aggregation.TestDoubleMinAggregation" time="0.001"/>
  <testcase name="testVectorMixedNullAndNonNullPositions" classname="com.facebook.presto.operator.aggregation.TestDoubleMinAggregation" time="0.001"/>
  <testcase name="testVectorMultiplePositions" classname="com.facebook.presto.operator.aggregation.TestDoubleMinAggregation" time="0"/>
  <testcase name="testVectorPartialWithMixedNullAndNonNullPositions" classname="com.facebook.presto.operator.aggregation.TestDoubleMinAggregation" time="0.002"/>
  <testcase name="testVectorPartialWithMultiplePositions" classname="com.facebook.presto.operator.aggregation.TestDoubleMinAggregation" time="0.001"/>
  <testcase name="testVectorSinglePosition" classname="com.facebook.presto.operator.aggregation.TestDoubleMinAggregation" time="0"/>
  <testcase name="testAllPositionsNull" classname="com.facebook.presto.operator.aggregation.TestDoubleStdDevAggregation" time="0.002"/>
  <testcase name="testMixedNullAndNonNullPositions" classname="com.facebook.presto.operator.aggregation.TestDoubleStdDevAggregation" time="0.008"/>
  <testcase name="testMultiplePositions" classname="com.facebook.presto.operator.aggregation.TestDoubleStdDevAggregation" time="0.001"/>
  <testcase name="testNegativeOnlyValues" classname="com.facebook.presto.operator.aggregation.TestDoubleStdDevAggregation" time="0"/>
  <testcase name="testNoPositions" classname="com.facebook.presto.operator.aggregation.TestDoubleStdDevAggregation" time="0"/>
  <testcase name="testPartialWithMixedNullAndNonNullPositions" classname="com.facebook.presto.operator.aggregation.TestDoubleStdDevAggregation" time="0.002"/>
  <testcase name="testPartialWithMultiplePositions" classname="com.facebook.presto.operator.aggregation.TestDoubleStdDevAggregation" time="0.002"/>
  <testcase name="testPositiveOnlyValues" classname="com.facebook.presto.operator.aggregation.TestDoubleStdDevAggregation" time="0"/>
  <testcase name="testSinglePosition" classname="com.facebook.presto.operator.aggregation.TestDoubleStdDevAggregation" time="0.001"/>
  <testcase name="testVectorAllPositionsNull" classname="com.facebook.presto.operator.aggregation.TestDoubleStdDevAggregation" time="0.001"/>
  <testcase name="testVectorMixedNullAndNonNullPositions" classname="com.facebook.presto.operator.aggregation.TestDoubleStdDevAggregation" time="0.001"/>
  <testcase name="testVectorMultiplePositions" classname="com.facebook.presto.operator.aggregation.TestDoubleStdDevAggregation" time="0"/>
  <testcase name="testVectorPartialWithMixedNullAndNonNullPositions" classname="com.facebook.presto.operator.aggregation.TestDoubleStdDevAggregation" time="0.002"/>
  <testcase name="testVectorPartialWithMultiplePositions" classname="com.facebook.presto.operator.aggregation.TestDoubleStdDevAggregation" time="0.001"/>
  <testcase name="testVectorSinglePosition" classname="com.facebook.presto.operator.aggregation.TestDoubleStdDevAggregation" time="0"/>
  <testcase name="testAllPositionsNull" classname="com.facebook.presto.operator.aggregation.TestDoubleStdDevPopAggregation" time="0"/>
  <testcase name="testMixedNullAndNonNullPositions" classname="com.facebook.presto.operator.aggregation.TestDoubleStdDevPopAggregation" time="0.001"/>
  <testcase name="testMultiplePositions" classname="com.facebook.presto.operator.aggregation.TestDoubleStdDevPopAggregation" time="0"/>
  <testcase name="testNegativeOnlyValues" classname="com.facebook.presto.operator.aggregation.TestDoubleStdDevPopAggregation" time="0.001"/>
  <testcase name="testNoPositions" classname="com.facebook.presto.operator.aggregation.TestDoubleStdDevPopAggregation" time="0.001"/>
  <testcase name="testPartialWithMixedNullAndNonNullPositions" classname="com.facebook.presto.operator.aggregation.TestDoubleStdDevPopAggregation" time="0.002"/>
  <testcase name="testPartialWithMultiplePositions" classname="com.facebook.presto.operator.aggregation.TestDoubleStdDevPopAggregation" time="0.001"/>
  <testcase name="testPositiveOnlyValues" classname="com.facebook.presto.operator.aggregation.TestDoubleStdDevPopAggregation" time="0"/>
  <testcase name="testSinglePosition" classname="com.facebook.presto.operator.aggregation.TestDoubleStdDevPopAggregation" time="0.001"/>
  <testcase name="testVectorAllPositionsNull" classname="com.facebook.presto.operator.aggregation.TestDoubleStdDevPopAggregation" time="0.001"/>
  <testcase name="testVectorMixedNullAndNonNullPositions" classname="com.facebook.presto.operator.aggregation.TestDoubleStdDevPopAggregation" time="0.001"/>
  <testcase name="testVectorMultiplePositions" classname="com.facebook.presto.operator.aggregation.TestDoubleStdDevPopAggregation" time="0"/>
  <testcase name="testVectorPartialWithMixedNullAndNonNullPositions" classname="com.facebook.presto.operator.aggregation.TestDoubleStdDevPopAggregation" time="0.002"/>
  <testcase name="testVectorPartialWithMultiplePositions" classname="com.facebook.presto.operator.aggregation.TestDoubleStdDevPopAggregation" time="0.001"/>
  <testcase name="testVectorSinglePosition" classname="com.facebook.presto.operator.aggregation.TestDoubleStdDevPopAggregation" time="0"/>
  <testcase name="testAllPositionsNull" classname="com.facebook.presto.operator.aggregation.TestDoubleSumAggregation" time="0.002"/>
  <testcase name="testMixedNullAndNonNullPositions" classname="com.facebook.presto.operator.aggregation.TestDoubleSumAggregation" time="0.001"/>
  <testcase name="testMultiplePositions" classname="com.facebook.presto.operator.aggregation.TestDoubleSumAggregation" time="0.001"/>
  <testcase name="testNegativeOnlyValues" classname="com.facebook.presto.operator.aggregation.TestDoubleSumAggregation" time="0.001"/>
  <testcase name="testNoPositions" classname="com.facebook.presto.operator.aggregation.TestDoubleSumAggregation" time="0"/>
  <testcase name="testPartialWithMixedNullAndNonNullPositions" classname="com.facebook.presto.operator.aggregation.TestDoubleSumAggregation" time="0.002"/>
  <testcase name="testPartialWithMultiplePositions" classname="com.facebook.presto.operator.aggregation.TestDoubleSumAggregation" time="0.001"/>
  <testcase name="testPositiveOnlyValues" classname="com.facebook.presto.operator.aggregation.TestDoubleSumAggregation" time="0.001"/>
  <testcase name="testSinglePosition" classname="com.facebook.presto.operator.aggregation.TestDoubleSumAggregation" time="0.001"/>
  <testcase name="testVectorAllPositionsNull" classname="com.facebook.presto.operator.aggregation.TestDoubleSumAggregation" time="0"/>
  <testcase name="testVectorMixedNullAndNonNullPositions" classname="com.facebook.presto.operator.aggregation.TestDoubleSumAggregation" time="0"/>
  <testcase name="testVectorMultiplePositions" classname="com.facebook.presto.operator.aggregation.TestDoubleSumAggregation" time="0.001"/>
  <testcase name="testVectorPartialWithMixedNullAndNonNullPositions" classname="com.facebook.presto.operator.aggregation.TestDoubleSumAggregation" time="0.002"/>
  <testcase name="testVectorPartialWithMultiplePositions" classname="com.facebook.presto.operator.aggregation.TestDoubleSumAggregation" time="0.001"/>
  <testcase name="testVectorSinglePosition" classname="com.facebook.presto.operator.aggregation.TestDoubleSumAggregation" time="0.001"/>
  <testcase name="testAllPositionsNull" classname="com.facebook.presto.operator.aggregation.TestDoubleVarianceAggregation" time="0.001"/>
  <testcase name="testMixedNullAndNonNullPositions" classname="com.facebook.presto.operator.aggregation.TestDoubleVarianceAggregation" time="0.001"/>
  <testcase name="testMultiplePositions" classname="com.facebook.presto.operator.aggregation.TestDoubleVarianceAggregation" time="0.001"/>
  <testcase name="testNegativeOnlyValues" classname="com.facebook.presto.operator.aggregation.TestDoubleVarianceAggregation" time="0"/>
  <testcase name="testNoPositions" classname="com.facebook.presto.operator.aggregation.TestDoubleVarianceAggregation" time="0"/>
  <testcase name="testPartialWithMixedNullAndNonNullPositions" classname="com.facebook.presto.operator.aggregation.TestDoubleVarianceAggregation" time="0.002"/>
  <testcase name="testPartialWithMultiplePositions" classname="com.facebook.presto.operator.aggregation.TestDoubleVarianceAggregation" time="0.002"/>
  <testcase name="testPositiveOnlyValues" classname="com.facebook.presto.operator.aggregation.TestDoubleVarianceAggregation" time="0.001"/>
  <testcase name="testSinglePosition" classname="com.facebook.presto.operator.aggregation.TestDoubleVarianceAggregation" time="0"/>
  <testcase name="testVectorAllPositionsNull" classname="com.facebook.presto.operator.aggregation.TestDoubleVarianceAggregation" time="0.001"/>
  <testcase name="testVectorMixedNullAndNonNullPositions" classname="com.facebook.presto.operator.aggregation.TestDoubleVarianceAggregation" time="0.001"/>
  <testcase name="testVectorMultiplePositions" classname="com.facebook.presto.operator.aggregation.TestDoubleVarianceAggregation" time="0.001"/>
  <testcase name="testVectorPartialWithMixedNullAndNonNullPositions" classname="com.facebook.presto.operator.aggregation.TestDoubleVarianceAggregation" time="0.002"/>
  <testcase name="testVectorPartialWithMultiplePositions" classname="com.facebook.presto.operator.aggregation.TestDoubleVarianceAggregation" time="0.001"/>
  <testcase name="testVectorSinglePosition" classname="com.facebook.presto.operator.aggregation.TestDoubleVarianceAggregation" time="0"/>
  <testcase name="testAllPositionsNull" classname="com.facebook.presto.operator.aggregation.TestDoubleVariancePopAggregation" time="0"/>
  <testcase name="testMixedNullAndNonNullPositions" classname="com.facebook.presto.operator.aggregation.TestDoubleVariancePopAggregation" time="0.001"/>
  <testcase name="testMultiplePositions" classname="com.facebook.presto.operator.aggregation.TestDoubleVariancePopAggregation" time="0"/>
  <testcase name="testNegativeOnlyValues" classname="com.facebook.presto.operator.aggregation.TestDoubleVariancePopAggregation" time="0.001"/>
  <testcase name="testNoPositions" classname="com.facebook.presto.operator.aggregation.TestDoubleVariancePopAggregation" time="0.001"/>
  <testcase name="testPartialWithMixedNullAndNonNullPositions" classname="com.facebook.presto.operator.aggregation.TestDoubleVariancePopAggregation" time="0.002"/>
  <testcase name="testPartialWithMultiplePositions" classname="com.facebook.presto.operator.aggregation.TestDoubleVariancePopAggregation" time="0.001"/>
  <testcase name="testPositiveOnlyValues" classname="com.facebook.presto.operator.aggregation.TestDoubleVariancePopAggregation" time="0.001"/>
  <testcase name="testSinglePosition" classname="com.facebook.presto.operator.aggregation.TestDoubleVariancePopAggregation" time="0.001"/>
  <testcase name="testVectorAllPositionsNull" classname="com.facebook.presto.operator.aggregation.TestDoubleVariancePopAggregation" time="0"/>
  <testcase name="testVectorMixedNullAndNonNullPositions" classname="com.facebook.presto.operator.aggregation.TestDoubleVariancePopAggregation" time="0"/>
  <testcase name="testVectorMultiplePositions" classname="com.facebook.presto.operator.aggregation.TestDoubleVariancePopAggregation" time="0.001"/>
  <testcase name="testVectorPartialWithMixedNullAndNonNullPositions" classname="com.facebook.presto.operator.aggregation.TestDoubleVariancePopAggregation" time="0.002"/>
  <testcase name="testVectorPartialWithMultiplePositions" classname="com.facebook.presto.operator.aggregation.TestDoubleVariancePopAggregation" time="0.002"/>
  <testcase name="testVectorSinglePosition" classname="com.facebook.presto.operator.aggregation.TestDoubleVariancePopAggregation" time="0"/>
  <testcase name="testAllPositionsNull" classname="com.facebook.presto.operator.aggregation.TestLongApproximateAverageAggregation" time="0.002"/>
  <testcase name="testMixedNullAndNonNullPositions" classname="com.facebook.presto.operator.aggregation.TestLongApproximateAverageAggregation" time="0.001"/>
  <testcase name="testMultiplePositions" classname="com.facebook.presto.operator.aggregation.TestLongApproximateAverageAggregation" time="0.001"/>
  <testcase name="testNegativeOnlyValues" classname="com.facebook.presto.operator.aggregation.TestLongApproximateAverageAggregation" time="0.001"/>
  <testcase name="testNoPositions" classname="com.facebook.presto.operator.aggregation.TestLongApproximateAverageAggregation" time="0.001"/>
  <testcase name="testPartialWithMixedNullAndNonNullPositions" classname="com.facebook.presto.operator.aggregation.TestLongApproximateAverageAggregation" time="0.002"/>
  <testcase name="testPartialWithMultiplePositions" classname="com.facebook.presto.operator.aggregation.TestLongApproximateAverageAggregation" time="0.001"/>
  <testcase name="testPositiveOnlyValues" classname="com.facebook.presto.operator.aggregation.TestLongApproximateAverageAggregation" time="0.001"/>
  <testcase name="testSinglePosition" classname="com.facebook.presto.operator.aggregation.TestLongApproximateAverageAggregation" time="0.001"/>
  <testcase name="testVectorAllPositionsNull" classname="com.facebook.presto.operator.aggregation.TestLongApproximateAverageAggregation" time="0.001"/>
  <testcase name="testVectorMixedNullAndNonNullPositions" classname="com.facebook.presto.operator.aggregation.TestLongApproximateAverageAggregation" time="0"/>
  <testcase name="testVectorMultiplePositions" classname="com.facebook.presto.operator.aggregation.TestLongApproximateAverageAggregation" time="0"/>
  <testcase name="testVectorPartialWithMixedNullAndNonNullPositions" classname="com.facebook.presto.operator.aggregation.TestLongApproximateAverageAggregation" time="0.002"/>
  <testcase name="testVectorPartialWithMultiplePositions" classname="com.facebook.presto.operator.aggregation.TestLongApproximateAverageAggregation" time="0.001"/>
  <testcase name="testVectorSinglePosition" classname="com.facebook.presto.operator.aggregation.TestLongApproximateAverageAggregation" time="0"/>
  <testcase name="testAllPositionsNull" classname="com.facebook.presto.operator.aggregation.TestLongAverageAggregation" time="0.002"/>
  <testcase name="testMixedNullAndNonNullPositions" classname="com.facebook.presto.operator.aggregation.TestLongAverageAggregation" time="0.002"/>
  <testcase name="testMultiplePositions" classname="com.facebook.presto.operator.aggregation.TestLongAverageAggregation" time="0.001"/>
  <testcase name="testNegativeOnlyValues" classname="com.facebook.presto.operator.aggregation.TestLongAverageAggregation" time="0"/>
  <testcase name="testNoPositions" classname="com.facebook.presto.operator.aggregation.TestLongAverageAggregation" time="0"/>
  <testcase name="testPartialWithMixedNullAndNonNullPositions" classname="com.facebook.presto.operator.aggregation.TestLongAverageAggregation" time="0.002"/>
  <testcase name="testPartialWithMultiplePositions" classname="com.facebook.presto.operator.aggregation.TestLongAverageAggregation" time="0.001"/>
  <testcase name="testPositiveOnlyValues" classname="com.facebook.presto.operator.aggregation.TestLongAverageAggregation" time="0.001"/>
  <testcase name="testSinglePosition" classname="com.facebook.presto.operator.aggregation.TestLongAverageAggregation" time="0.001"/>
  <testcase name="testVectorAllPositionsNull" classname="com.facebook.presto.operator.aggregation.TestLongAverageAggregation" time="0.001"/>
  <testcase name="testVectorMixedNullAndNonNullPositions" classname="com.facebook.presto.operator.aggregation.TestLongAverageAggregation" time="0.001"/>
  <testcase name="testVectorMultiplePositions" classname="com.facebook.presto.operator.aggregation.TestLongAverageAggregation" time="0.001"/>
  <testcase name="testVectorPartialWithMixedNullAndNonNullPositions" classname="com.facebook.presto.operator.aggregation.TestLongAverageAggregation" time="0.002"/>
  <testcase name="testVectorPartialWithMultiplePositions" classname="com.facebook.presto.operator.aggregation.TestLongAverageAggregation" time="0.001"/>
  <testcase name="testVectorSinglePosition" classname="com.facebook.presto.operator.aggregation.TestLongAverageAggregation" time="0.001"/>
  <testcase name="testAllPositionsNull" classname="com.facebook.presto.operator.aggregation.TestLongMaxAggregation" time="0.001"/>
  <testcase name="testMixedNullAndNonNullPositions" classname="com.facebook.presto.operator.aggregation.TestLongMaxAggregation" time="0.001"/>
  <testcase name="testMultiplePositions" classname="com.facebook.presto.operator.aggregation.TestLongMaxAggregation" time="0"/>
  <testcase name="testNegativeOnlyValues" classname="com.facebook.presto.operator.aggregation.TestLongMaxAggregation" time="0.001"/>
  <testcase name="testNoPositions" classname="com.facebook.presto.operator.aggregation.TestLongMaxAggregation" time="0.001"/>
  <testcase name="testPartialWithMixedNullAndNonNullPositions" classname="com.facebook.presto.operator.aggregation.TestLongMaxAggregation" time="0.002"/>
  <testcase name="testPartialWithMultiplePositions" classname="com.facebook.presto.operator.aggregation.TestLongMaxAggregation" time="0.001"/>
  <testcase name="testPositiveOnlyValues" classname="com.facebook.presto.operator.aggregation.TestLongMaxAggregation" time="0"/>
  <testcase name="testSinglePosition" classname="com.facebook.presto.operator.aggregation.TestLongMaxAggregation" time="0.001"/>
  <testcase name="testVectorAllPositionsNull" classname="com.facebook.presto.operator.aggregation.TestLongMaxAggregation" time="0"/>
  <testcase name="testVectorMixedNullAndNonNullPositions" classname="com.facebook.presto.operator.aggregation.TestLongMaxAggregation" time="0"/>
  <testcase name="testVectorMultiplePositions" classname="com.facebook.presto.operator.aggregation.TestLongMaxAggregation" time="0.001"/>
  <testcase name="testVectorPartialWithMixedNullAndNonNullPositions" classname="com.facebook.presto.operator.aggregation.TestLongMaxAggregation" time="0.001"/>
  <testcase name="testVectorPartialWithMultiplePositions" classname="com.facebook.presto.operator.aggregation.TestLongMaxAggregation" time="0.001"/>
  <testcase name="testVectorSinglePosition" classname="com.facebook.presto.operator.aggregation.TestLongMaxAggregation" time="0.001"/>
  <testcase name="testAllPositionsNull" classname="com.facebook.presto.operator.aggregation.TestLongMinAggregation" time="0.001"/>
  <testcase name="testMixedNullAndNonNullPositions" classname="com.facebook.presto.operator.aggregation.TestLongMinAggregation" time="0.001"/>
  <testcase name="testMultiplePositions" classname="com.facebook.presto.operator.aggregation.TestLongMinAggregation" time="0.001"/>
  <testcase name="testNegativeOnlyValues" classname="com.facebook.presto.operator.aggregation.TestLongMinAggregation" time="0.001"/>
  <testcase name="testNoPositions" classname="com.facebook.presto.operator.aggregation.TestLongMinAggregation" time="0"/>
  <testcase name="testPartialWithMixedNullAndNonNullPositions" classname="com.facebook.presto.operator.aggregation.TestLongMinAggregation" time="0.002"/>
  <testcase name="testPartialWithMultiplePositions" classname="com.facebook.presto.operator.aggregation.TestLongMinAggregation" time="0.001"/>
  <testcase name="testPositiveOnlyValues" classname="com.facebook.presto.operator.aggregation.TestLongMinAggregation" time="0.001"/>
  <testcase name="testSinglePosition" classname="com.facebook.presto.operator.aggregation.TestLongMinAggregation" time="0"/>
  <testcase name="testVectorAllPositionsNull" classname="com.facebook.presto.operator.aggregation.TestLongMinAggregation" time="0"/>
  <testcase name="testVectorMixedNullAndNonNullPositions" classname="com.facebook.presto.operator.aggregation.TestLongMinAggregation" time="0.001"/>
  <testcase name="testVectorMultiplePositions" classname="com.facebook.presto.operator.aggregation.TestLongMinAggregation" time="0"/>
  <testcase name="testVectorPartialWithMixedNullAndNonNullPositions" classname="com.facebook.presto.operator.aggregation.TestLongMinAggregation" time="0.001"/>
  <testcase name="testVectorPartialWithMultiplePositions" classname="com.facebook.presto.operator.aggregation.TestLongMinAggregation" time="0"/>
  <testcase name="testVectorSinglePosition" classname="com.facebook.presto.operator.aggregation.TestLongMinAggregation" time="0"/>
  <testcase name="testAllPositionsNull" classname="com.facebook.presto.operator.aggregation.TestLongStdDevAggregation" time="0.001"/>
  <testcase name="testMixedNullAndNonNullPositions" classname="com.facebook.presto.operator.aggregation.TestLongStdDevAggregation" time="0"/>
  <testcase name="testMultiplePositions" classname="com.facebook.presto.operator.aggregation.TestLongStdDevAggregation" time="0"/>
  <testcase name="testNegativeOnlyValues" classname="com.facebook.presto.operator.aggregation.TestLongStdDevAggregation" time="0.001"/>
  <testcase name="testNoPositions" classname="com.facebook.presto.operator.aggregation.TestLongStdDevAggregation" time="0"/>
  <testcase name="testPartialWithMixedNullAndNonNullPositions" classname="com.facebook.presto.operator.aggregation.TestLongStdDevAggregation" time="0.002"/>
  <testcase name="testPartialWithMultiplePositions" classname="com.facebook.presto.operator.aggregation.TestLongStdDevAggregation" time="0.001"/>
  <testcase name="testPositiveOnlyValues" classname="com.facebook.presto.operator.aggregation.TestLongStdDevAggregation" time="0.001"/>
  <testcase name="testSinglePosition" classname="com.facebook.presto.operator.aggregation.TestLongStdDevAggregation" time="0"/>
  <testcase name="testVectorAllPositionsNull" classname="com.facebook.presto.operator.aggregation.TestLongStdDevAggregation" time="0.001"/>
  <testcase name="testVectorMixedNullAndNonNullPositions" classname="com.facebook.presto.operator.aggregation.TestLongStdDevAggregation" time="0.001"/>
  <testcase name="testVectorMultiplePositions" classname="com.facebook.presto.operator.aggregation.TestLongStdDevAggregation" time="0"/>
  <testcase name="testVectorPartialWithMixedNullAndNonNullPositions" classname="com.facebook.presto.operator.aggregation.TestLongStdDevAggregation" time="0.002"/>
  <testcase name="testVectorPartialWithMultiplePositions" classname="com.facebook.presto.operator.aggregation.TestLongStdDevAggregation" time="0.001"/>
  <testcase name="testVectorSinglePosition" classname="com.facebook.presto.operator.aggregation.TestLongStdDevAggregation" time="0.001"/>
  <testcase name="testAllPositionsNull" classname="com.facebook.presto.operator.aggregation.TestLongStdDevPopAggregation" time="0"/>
  <testcase name="testMixedNullAndNonNullPositions" classname="com.facebook.presto.operator.aggregation.TestLongStdDevPopAggregation" time="0"/>
  <testcase name="testMultiplePositions" classname="com.facebook.presto.operator.aggregation.TestLongStdDevPopAggregation" time="0.001"/>
  <testcase name="testNegativeOnlyValues" classname="com.facebook.presto.operator.aggregation.TestLongStdDevPopAggregation" time="0"/>
  <testcase name="testNoPositions" classname="com.facebook.presto.operator.aggregation.TestLongStdDevPopAggregation" time="0"/>
  <testcase name="testPartialWithMixedNullAndNonNullPositions" classname="com.facebook.presto.operator.aggregation.TestLongStdDevPopAggregation" time="0.002"/>
  <testcase name="testPartialWithMultiplePositions" classname="com.facebook.presto.operator.aggregation.TestLongStdDevPopAggregation" time="0.001"/>
  <testcase name="testPositiveOnlyValues" classname="com.facebook.presto.operator.aggregation.TestLongStdDevPopAggregation" time="0.001"/>
  <testcase name="testSinglePosition" classname="com.facebook.presto.operator.aggregation.TestLongStdDevPopAggregation" time="0"/>
  <testcase name="testVectorAllPositionsNull" classname="com.facebook.presto.operator.aggregation.TestLongStdDevPopAggregation" time="0"/>
  <testcase name="testVectorMixedNullAndNonNullPositions" classname="com.facebook.presto.operator.aggregation.TestLongStdDevPopAggregation" time="0.001"/>
  <testcase name="testVectorMultiplePositions" classname="com.facebook.presto.operator.aggregation.TestLongStdDevPopAggregation" time="0"/>
  <testcase name="testVectorPartialWithMixedNullAndNonNullPositions" classname="com.facebook.presto.operator.aggregation.TestLongStdDevPopAggregation" time="0.002"/>
  <testcase name="testVectorPartialWithMultiplePositions" classname="com.facebook.presto.operator.aggregation.TestLongStdDevPopAggregation" time="0.001"/>
  <testcase name="testVectorSinglePosition" classname="com.facebook.presto.operator.aggregation.TestLongStdDevPopAggregation" time="0.001"/>
  <testcase name="testAllPositionsNull" classname="com.facebook.presto.operator.aggregation.TestLongSumAggregation" time="0.001"/>
  <testcase name="testMixedNullAndNonNullPositions" classname="com.facebook.presto.operator.aggregation.TestLongSumAggregation" time="0.001"/>
  <testcase name="testMultiplePositions" classname="com.facebook.presto.operator.aggregation.TestLongSumAggregation" time="0"/>
  <testcase name="testNegativeOnlyValues" classname="com.facebook.presto.operator.aggregation.TestLongSumAggregation" time="0"/>
  <testcase name="testNoPositions" classname="com.facebook.presto.operator.aggregation.TestLongSumAggregation" time="0.001"/>
  <testcase name="testPartialWithMixedNullAndNonNullPositions" classname="com.facebook.presto.operator.aggregation.TestLongSumAggregation" time="0.001"/>
  <testcase name="testPartialWithMultiplePositions" classname="com.facebook.presto.operator.aggregation.TestLongSumAggregation" time="0.001"/>
  <testcase name="testPositiveOnlyValues" classname="com.facebook.presto.operator.aggregation.TestLongSumAggregation" time="0.001"/>
  <testcase name="testSinglePosition" classname="com.facebook.presto.operator.aggregation.TestLongSumAggregation" time="0"/>
  <testcase name="testVectorAllPositionsNull" classname="com.facebook.presto.operator.aggregation.TestLongSumAggregation" time="0"/>
  <testcase name="testVectorMixedNullAndNonNullPositions" classname="com.facebook.presto.operator.aggregation.TestLongSumAggregation" time="0"/>
  <testcase name="testVectorMultiplePositions" classname="com.facebook.presto.operator.aggregation.TestLongSumAggregation" time="0"/>
  <testcase name="testVectorPartialWithMixedNullAndNonNullPositions" classname="com.facebook.presto.operator.aggregation.TestLongSumAggregation" time="0.002"/>
  <testcase name="testVectorPartialWithMultiplePositions" classname="com.facebook.presto.operator.aggregation.TestLongSumAggregation" time="0.001"/>
  <testcase name="testVectorSinglePosition" classname="com.facebook.presto.operator.aggregation.TestLongSumAggregation" time="0"/>
  <testcase name="testAllPositionsNull" classname="com.facebook.presto.operator.aggregation.TestLongVarianceAggregation" time="0.001"/>
  <testcase name="testMixedNullAndNonNullPositions" classname="com.facebook.presto.operator.aggregation.TestLongVarianceAggregation" time="0.001"/>
  <testcase name="testMultiplePositions" classname="com.facebook.presto.operator.aggregation.TestLongVarianceAggregation" time="0"/>
  <testcase name="testNegativeOnlyValues" classname="com.facebook.presto.operator.aggregation.TestLongVarianceAggregation" time="0.001"/>
  <testcase name="testNoPositions" classname="com.facebook.presto.operator.aggregation.TestLongVarianceAggregation" time="0"/>
  <testcase name="testPartialWithMixedNullAndNonNullPositions" classname="com.facebook.presto.operator.aggregation.TestLongVarianceAggregation" time="0.001"/>
  <testcase name="testPartialWithMultiplePositions" classname="com.facebook.presto.operator.aggregation.TestLongVarianceAggregation" time="0.001"/>
  <testcase name="testPositiveOnlyValues" classname="com.facebook.presto.operator.aggregation.TestLongVarianceAggregation" time="0"/>
  <testcase name="testSinglePosition" classname="com.facebook.presto.operator.aggregation.TestLongVarianceAggregation" time="0"/>
  <testcase name="testVectorAllPositionsNull" classname="com.facebook.presto.operator.aggregation.TestLongVarianceAggregation" time="0"/>
  <testcase name="testVectorMixedNullAndNonNullPositions" classname="com.facebook.presto.operator.aggregation.TestLongVarianceAggregation" time="0.001"/>
  <testcase name="testVectorMultiplePositions" classname="com.facebook.presto.operator.aggregation.TestLongVarianceAggregation" time="0"/>
  <testcase name="testVectorPartialWithMixedNullAndNonNullPositions" classname="com.facebook.presto.operator.aggregation.TestLongVarianceAggregation" time="0.001"/>
  <testcase name="testVectorPartialWithMultiplePositions" classname="com.facebook.presto.operator.aggregation.TestLongVarianceAggregation" time="0.001"/>
  <testcase name="testVectorSinglePosition" classname="com.facebook.presto.operator.aggregation.TestLongVarianceAggregation" time="0.001"/>
  <testcase name="testAllPositionsNull" classname="com.facebook.presto.operator.aggregation.TestLongVariancePopAggregation" time="0"/>
  <testcase name="testMixedNullAndNonNullPositions" classname="com.facebook.presto.operator.aggregation.TestLongVariancePopAggregation" time="0"/>
  <testcase name="testMultiplePositions" classname="com.facebook.presto.operator.aggregation.TestLongVariancePopAggregation" time="0.001"/>
  <testcase name="testNegativeOnlyValues" classname="com.facebook.presto.operator.aggregation.TestLongVariancePopAggregation" time="0.001"/>
  <testcase name="testNoPositions" classname="com.facebook.presto.operator.aggregation.TestLongVariancePopAggregation" time="0"/>
  <testcase name="testPartialWithMixedNullAndNonNullPositions" classname="com.facebook.presto.operator.aggregation.TestLongVariancePopAggregation" time="0.002"/>
  <testcase name="testPartialWithMultiplePositions" classname="com.facebook.presto.operator.aggregation.TestLongVariancePopAggregation" time="0.001"/>
  <testcase name="testPositiveOnlyValues" classname="com.facebook.presto.operator.aggregation.TestLongVariancePopAggregation" time="0.001"/>
  <testcase name="testSinglePosition" classname="com.facebook.presto.operator.aggregation.TestLongVariancePopAggregation" time="0"/>
  <testcase name="testVectorAllPositionsNull" classname="com.facebook.presto.operator.aggregation.TestLongVariancePopAggregation" time="0.001"/>
  <testcase name="testVectorMixedNullAndNonNullPositions" classname="com.facebook.presto.operator.aggregation.TestLongVariancePopAggregation" time="0"/>
  <testcase name="testVectorMultiplePositions" classname="com.facebook.presto.operator.aggregation.TestLongVariancePopAggregation" time="0"/>
  <testcase name="testVectorPartialWithMixedNullAndNonNullPositions" classname="com.facebook.presto.operator.aggregation.TestLongVariancePopAggregation" time="0.002"/>
  <testcase name="testVectorPartialWithMultiplePositions" classname="com.facebook.presto.operator.aggregation.TestLongVariancePopAggregation" time="0.001"/>
  <testcase name="testVectorSinglePosition" classname="com.facebook.presto.operator.aggregation.TestLongVariancePopAggregation" time="0.001"/>
  <testcase name="testAllPositionsNull" classname="com.facebook.presto.operator.aggregation.TestVarBinaryMaxAggregation" time="0.002"/>
  <testcase name="testMixedNullAndNonNullPositions" classname="com.facebook.presto.operator.aggregation.TestVarBinaryMaxAggregation" time="0.001"/>
  <testcase name="testMultiplePositions" classname="com.facebook.presto.operator.aggregation.TestVarBinaryMaxAggregation" time="0.001"/>
  <testcase name="testNegativeOnlyValues" classname="com.facebook.presto.operator.aggregation.TestVarBinaryMaxAggregation" time="0"/>
  <testcase name="testNoPositions" classname="com.facebook.presto.operator.aggregation.TestVarBinaryMaxAggregation" time="0"/>
  <testcase name="testPartialWithMixedNullAndNonNullPositions" classname="com.facebook.presto.operator.aggregation.TestVarBinaryMaxAggregation" time="0.002"/>
  <testcase name="testPartialWithMultiplePositions" classname="com.facebook.presto.operator.aggregation.TestVarBinaryMaxAggregation" time="0.001"/>
  <testcase name="testPositiveOnlyValues" classname="com.facebook.presto.operator.aggregation.TestVarBinaryMaxAggregation" time="0.001"/>
  <testcase name="testSinglePosition" classname="com.facebook.presto.operator.aggregation.TestVarBinaryMaxAggregation" time="0"/>
  <testcase name="testVectorAllPositionsNull" classname="com.facebook.presto.operator.aggregation.TestVarBinaryMaxAggregation" time="0.001"/>
  <testcase name="testVectorMixedNullAndNonNullPositions" classname="com.facebook.presto.operator.aggregation.TestVarBinaryMaxAggregation" time="0.001"/>
  <testcase name="testVectorMultiplePositions" classname="com.facebook.presto.operator.aggregation.TestVarBinaryMaxAggregation" time="0"/>
  <testcase name="testVectorPartialWithMixedNullAndNonNullPositions" classname="com.facebook.presto.operator.aggregation.TestVarBinaryMaxAggregation" time="0.002"/>
  <testcase name="testVectorPartialWithMultiplePositions" classname="com.facebook.presto.operator.aggregation.TestVarBinaryMaxAggregation" time="0.001"/>
  <testcase name="testVectorSinglePosition" classname="com.facebook.presto.operator.aggregation.TestVarBinaryMaxAggregation" time="0"/>
  <testcase name="testAllPositionsNull" classname="com.facebook.presto.operator.aggregation.TestVarBinaryMinAggregation" time="0.001"/>
  <testcase name="testMixedNullAndNonNullPositions" classname="com.facebook.presto.operator.aggregation.TestVarBinaryMinAggregation" time="0.001"/>
  <testcase name="testMultiplePositions" classname="com.facebook.presto.operator.aggregation.TestVarBinaryMinAggregation" time="0"/>
  <testcase name="testNegativeOnlyValues" classname="com.facebook.presto.operator.aggregation.TestVarBinaryMinAggregation" time="0.001"/>
  <testcase name="testNoPositions" classname="com.facebook.presto.operator.aggregation.TestVarBinaryMinAggregation" time="0.001"/>
  <testcase name="testPartialWithMixedNullAndNonNullPositions" classname="com.facebook.presto.operator.aggregation.TestVarBinaryMinAggregation" time="0.001"/>
  <testcase name="testPartialWithMultiplePositions" classname="com.facebook.presto.operator.aggregation.TestVarBinaryMinAggregation" time="0.001"/>
  <testcase name="testPositiveOnlyValues" classname="com.facebook.presto.operator.aggregation.TestVarBinaryMinAggregation" time="0.001"/>
  <testcase name="testSinglePosition" classname="com.facebook.presto.operator.aggregation.TestVarBinaryMinAggregation" time="0"/>
  <testcase name="testVectorAllPositionsNull" classname="com.facebook.presto.operator.aggregation.TestVarBinaryMinAggregation" time="0"/>
  <testcase name="testVectorMixedNullAndNonNullPositions" classname="com.facebook.presto.operator.aggregation.TestVarBinaryMinAggregation" time="0.001"/>
  <testcase name="testVectorMultiplePositions" classname="com.facebook.presto.operator.aggregation.TestVarBinaryMinAggregation" time="0.001"/>
  <testcase name="testVectorPartialWithMixedNullAndNonNullPositions" classname="com.facebook.presto.operator.aggregation.TestVarBinaryMinAggregation" time="0.001"/>
  <testcase name="testVectorPartialWithMultiplePositions" classname="com.facebook.presto.operator.aggregation.TestVarBinaryMinAggregation" time="0.001"/>
  <testcase name="testVectorSinglePosition" classname="com.facebook.presto.operator.aggregation.TestVarBinaryMinAggregation" time="0.001"/>
  <testcase name="testAllPositionsNull" classname="com.facebook.presto.operator.aggregation.TestApproximateCountDistinctDouble" time="0.011"/>
  <testcase name="testMixedNullsAndNonNulls" classname="com.facebook.presto.operator.aggregation.TestApproximateCountDistinctDouble" time="0.393"/>
  <testcase name="testMultiplePositions" classname="com.facebook.presto.operator.aggregation.TestApproximateCountDistinctDouble" time="1.97"/>
  <testcase name="testMultiplePositionsPartial" classname="com.facebook.presto.operator.aggregation.TestApproximateCountDistinctDouble" time="0.851"/>
  <testcase name="testNoPositions" classname="com.facebook.presto.operator.aggregation.TestApproximateCountDistinctDouble" time="0.001"/>
  <testcase name="testSinglePosition" classname="com.facebook.presto.operator.aggregation.TestApproximateCountDistinctDouble" time="0.001"/>
  <testcase name="testAllPositionsNull" classname="com.facebook.presto.operator.aggregation.TestApproximateCountDistinctLong" time="0.001"/>
  <testcase name="testMixedNullsAndNonNulls" classname="com.facebook.presto.operator.aggregation.TestApproximateCountDistinctLong" time="0.11"/>
  <testcase name="testMultiplePositions" classname="com.facebook.presto.operator.aggregation.TestApproximateCountDistinctLong" time="2.136"/>
  <testcase name="testMultiplePositionsPartial" classname="com.facebook.presto.operator.aggregation.TestApproximateCountDistinctLong" time="0.721"/>
  <testcase name="testNoPositions" classname="com.facebook.presto.operator.aggregation.TestApproximateCountDistinctLong" time="0.001"/>
  <testcase name="testSinglePosition" classname="com.facebook.presto.operator.aggregation.TestApproximateCountDistinctLong" time="0.001"/>
  <testcase name="testAllPositionsNull" classname="com.facebook.presto.operator.aggregation.TestApproximateCountDistinctVarBinary" time="0.001"/>
  <testcase name="testMixedNullsAndNonNulls" classname="com.facebook.presto.operator.aggregation.TestApproximateCountDistinctVarBinary" time="0.205"/>
  <testcase name="testMultiplePositions" classname="com.facebook.presto.operator.aggregation.TestApproximateCountDistinctVarBinary" time="5.695"/>
  <testcase name="testMultiplePositionsPartial" classname="com.facebook.presto.operator.aggregation.TestApproximateCountDistinctVarBinary" time="2.072"/>
  <testcase name="testNoPositions" classname="com.facebook.presto.operator.aggregation.TestApproximateCountDistinctVarBinary" time="0"/>
  <testcase name="testSinglePosition" classname="com.facebook.presto.operator.aggregation.TestApproximateCountDistinctVarBinary" time="0.001"/>
  <testcase name="testAdvanceNextPosition" classname="com.facebook.presto.block.dictionary.TestDictionaryEncodedBlockCursor" time="0.002"/>
  <testcase name="testAdvanceToPosition" classname="com.facebook.presto.block.dictionary.TestDictionaryEncodedBlockCursor" time="0.005"/>
  <testcase name="testFirstPosition" classname="com.facebook.presto.block.dictionary.TestDictionaryEncodedBlockCursor" time="0"/>
  <testcase name="testStates" classname="com.facebook.presto.block.dictionary.TestDictionaryEncodedBlockCursor" time="0"/>
  <testcase name="testCursorType" classname="com.facebook.presto.block.dictionary.TestDictionaryEncodedBlockCursor" time="0"/>
  <testcase name="testAdvanceNextPosition" classname="com.facebook.presto.block.dictionary.TestDictionaryEncodedBlockCursorWithNulls" time="0.001"/>
  <testcase name="testAdvanceToPosition" classname="com.facebook.presto.block.dictionary.TestDictionaryEncodedBlockCursorWithNulls" time="0"/>
  <testcase name="testFirstPosition" classname="com.facebook.presto.block.dictionary.TestDictionaryEncodedBlockCursorWithNulls" time="0"/>
  <testcase name="testStates" classname="com.facebook.presto.block.dictionary.TestDictionaryEncodedBlockCursorWithNulls" time="0"/>
  <testcase name="testCursorType" classname="com.facebook.presto.block.dictionary.TestDictionaryEncodedBlockCursorWithNulls" time="0"/>
  <testcase name="testAdvanceNextPosition" classname="com.facebook.presto.block.rle.TestRunLengthEncodedBlockCursor" time="0"/>
  <testcase name="testAdvanceToPosition" classname="com.facebook.presto.block.rle.TestRunLengthEncodedBlockCursor" time="0.001"/>
  <testcase name="testFirstPosition" classname="com.facebook.presto.block.rle.TestRunLengthEncodedBlockCursor" time="0"/>
  <testcase name="testStates" classname="com.facebook.presto.block.rle.TestRunLengthEncodedBlockCursor" time="0"/>
  <testcase name="testAdvanceNextPosition" classname="com.facebook.presto.block.rle.TestRunLengthEncodedBlockCursorWithNull" time="0"/>
  <testcase name="testAdvanceToPosition" classname="com.facebook.presto.block.rle.TestRunLengthEncodedBlockCursorWithNull" time="0.001"/>
  <testcase name="testFirstPosition" classname="com.facebook.presto.block.rle.TestRunLengthEncodedBlockCursorWithNull" time="0"/>
  <testcase name="testStates" classname="com.facebook.presto.block.rle.TestRunLengthEncodedBlockCursorWithNull" time="0"/>
  <testcase name="testAdvanceNextPosition" classname="com.facebook.presto.block.uncompressed.TestUncompressedBlockCursor" time="0.002"/>
  <testcase name="testAdvanceToPosition" classname="com.facebook.presto.block.uncompressed.TestUncompressedBlockCursor" time="0.001"/>
  <testcase name="testFirstPosition" classname="com.facebook.presto.block.uncompressed.TestUncompressedBlockCursor" time="0"/>
  <testcase name="testStates" classname="com.facebook.presto.block.uncompressed.TestUncompressedBlockCursor" time="0"/>
  <testcase name="testCursorType" classname="com.facebook.presto.block.uncompressed.TestUncompressedBlockCursor" time="0"/>
  <testcase name="testAdvanceNextPosition" classname="com.facebook.presto.block.uncompressed.TestUncompressedBlockCursorWithNulls" time="0.001"/>
  <testcase name="testAdvanceToPosition" classname="com.facebook.presto.block.uncompressed.TestUncompressedBlockCursorWithNulls" time="0.001"/>
  <testcase name="testFirstPosition" classname="com.facebook.presto.block.uncompressed.TestUncompressedBlockCursorWithNulls" time="0"/>
  <testcase name="testStates" classname="com.facebook.presto.block.uncompressed.TestUncompressedBlockCursorWithNulls" time="0"/>
  <testcase name="testCursorType" classname="com.facebook.presto.block.uncompressed.TestUncompressedBlockCursorWithNulls" time="0.001"/>
  <testcase name="testAdvanceNextPosition" classname="com.facebook.presto.block.uncompressed.TestUncompressedBooleanBlockCursor" time="0"/>
  <testcase name="testAdvanceToPosition" classname="com.facebook.presto.block.uncompressed.TestUncompressedBooleanBlockCursor" time="0"/>
  <testcase name="testFirstPosition" classname="com.facebook.presto.block.uncompressed.TestUncompressedBooleanBlockCursor" time="0"/>
  <testcase name="testStates" classname="com.facebook.presto.block.uncompressed.TestUncompressedBooleanBlockCursor" time="0"/>
  <testcase name="testCursorType" classname="com.facebook.presto.block.uncompressed.TestUncompressedBooleanBlockCursor" time="0"/>
  <testcase name="testAdvanceNextPosition" classname="com.facebook.presto.block.uncompressed.TestUncompressedBooleanBlockCursorWithNulls" time="0"/>
  <testcase name="testAdvanceToPosition" classname="com.facebook.presto.block.uncompressed.TestUncompressedBooleanBlockCursorWithNulls" time="0.001"/>
  <testcase name="testFirstPosition" classname="com.facebook.presto.block.uncompressed.TestUncompressedBooleanBlockCursorWithNulls" time="0"/>
  <testcase name="testStates" classname="com.facebook.presto.block.uncompressed.TestUncompressedBooleanBlockCursorWithNulls" time="0"/>
  <testcase name="testNullValues" classname="com.facebook.presto.block.uncompressed.TestUncompressedBooleanBlockCursorWithNulls" time="0"/>
  <testcase name="testCursorType" classname="com.facebook.presto.block.uncompressed.TestUncompressedBooleanBlockCursorWithNulls" time="0"/>
  <testcase name="testAdvanceNextPosition" classname="com.facebook.presto.block.uncompressed.TestUncompressedDoubleBlockCursor" time="0"/>
  <testcase name="testAdvanceToPosition" classname="com.facebook.presto.block.uncompressed.TestUncompressedDoubleBlockCursor" time="0"/>
  <testcase name="testFirstPosition" classname="com.facebook.presto.block.uncompressed.TestUncompressedDoubleBlockCursor" time="0.001"/>
  <testcase name="testStates" classname="com.facebook.presto.block.uncompressed.TestUncompressedDoubleBlockCursor" time="0"/>
  <testcase name="testCursorType" classname="com.facebook.presto.block.uncompressed.TestUncompressedDoubleBlockCursor" time="0"/>
  <testcase name="testAdvanceNextPosition" classname="com.facebook.presto.block.uncompressed.TestUncompressedDoubleBlockCursorWithNulls" time="0"/>
  <testcase name="testAdvanceToPosition" classname="com.facebook.presto.block.uncompressed.TestUncompressedDoubleBlockCursorWithNulls" time="0"/>
  <testcase name="testFirstPosition" classname="com.facebook.presto.block.uncompressed.TestUncompressedDoubleBlockCursorWithNulls" time="0"/>
  <testcase name="testStates" classname="com.facebook.presto.block.uncompressed.TestUncompressedDoubleBlockCursorWithNulls" time="0"/>
  <testcase name="testNullValues" classname="com.facebook.presto.block.uncompressed.TestUncompressedDoubleBlockCursorWithNulls" time="0"/>
  <testcase name="testCursorType" classname="com.facebook.presto.block.uncompressed.TestUncompressedDoubleBlockCursorWithNulls" time="0"/>
  <testcase name="testAdvanceNextPosition" classname="com.facebook.presto.block.uncompressed.TestUncompressedLongBlockCursor" time="0"/>
  <testcase name="testAdvanceToPosition" classname="com.facebook.presto.block.uncompressed.TestUncompressedLongBlockCursor" time="0"/>
  <testcase name="testFirstPosition" classname="com.facebook.presto.block.uncompressed.TestUncompressedLongBlockCursor" time="0"/>
  <testcase name="testStates" classname="com.facebook.presto.block.uncompressed.TestUncompressedLongBlockCursor" time="0"/>
  <testcase name="testCursorType" classname="com.facebook.presto.block.uncompressed.TestUncompressedLongBlockCursor" time="0"/>
  <testcase name="testAdvanceNextPosition" classname="com.facebook.presto.block.uncompressed.TestUncompressedLongBlockCursorWithNulls" time="0"/>
  <testcase name="testAdvanceToPosition" classname="com.facebook.presto.block.uncompressed.TestUncompressedLongBlockCursorWithNulls" time="0.001"/>
  <testcase name="testFirstPosition" classname="com.facebook.presto.block.uncompressed.TestUncompressedLongBlockCursorWithNulls" time="0"/>
  <testcase name="testStates" classname="com.facebook.presto.block.uncompressed.TestUncompressedLongBlockCursorWithNulls" time="0"/>
  <testcase name="testNullValues" classname="com.facebook.presto.block.uncompressed.TestUncompressedLongBlockCursorWithNulls" time="0.001"/>
  <testcase name="testCursorType" classname="com.facebook.presto.block.uncompressed.TestUncompressedLongBlockCursorWithNulls" time="0"/>
  <testcase name="testAdvanceNextPosition" classname="com.facebook.presto.block.uncompressed.TestUncompressedSliceBlockCursor" time="0.001"/>
  <testcase name="testAdvanceToPosition" classname="com.facebook.presto.block.uncompressed.TestUncompressedSliceBlockCursor" time="0"/>
  <testcase name="testFirstPosition" classname="com.facebook.presto.block.uncompressed.TestUncompressedSliceBlockCursor" time="0"/>
  <testcase name="testStates" classname="com.facebook.presto.block.uncompressed.TestUncompressedSliceBlockCursor" time="0"/>
  <testcase name="testCursorType" classname="com.facebook.presto.block.uncompressed.TestUncompressedSliceBlockCursor" time="0"/>
  <testcase name="testAdvanceNextPosition" classname="com.facebook.presto.block.uncompressed.TestUncompressedSliceBlockCursorWithNulls" time="0"/>
  <testcase name="testAdvanceToPosition" classname="com.facebook.presto.block.uncompressed.TestUncompressedSliceBlockCursorWithNulls" time="0.001"/>
  <testcase name="testFirstPosition" classname="com.facebook.presto.block.uncompressed.TestUncompressedSliceBlockCursorWithNulls" time="0"/>
  <testcase name="testStates" classname="com.facebook.presto.block.uncompressed.TestUncompressedSliceBlockCursorWithNulls" time="0"/>
  <testcase name="testNullValues" classname="com.facebook.presto.block.uncompressed.TestUncompressedSliceBlockCursorWithNulls" time="0.001"/>
  <testcase name="testCursorType" classname="com.facebook.presto.block.uncompressed.TestUncompressedSliceBlockCursorWithNulls" time="0"/>
  <testcase name="testAggregationWithLimit" classname="com.facebook.presto.TestLocalQueries" time="0.825"/>
  <testcase name="testAggregationWithProjection" classname="com.facebook.presto.TestLocalQueries" time="0.159"/>
  <testcase name="testAggregationWithProjection2" classname="com.facebook.presto.TestLocalQueries" time="0.077"/>
  <testcase name="testAliasedInInlineView" classname="com.facebook.presto.TestLocalQueries" time="0.408"/>
  <testcase name="testAntiJoin" classname="com.facebook.presto.TestLocalQueries" time="1.468"/>
  <testcase name="testApproxPercentile" classname="com.facebook.presto.TestLocalQueries" time="0.599"/>
  <testcase name="testApproximateCountDistinct" classname="com.facebook.presto.TestLocalQueries" time="0.041"/>
  <testcase name="testApproximateCountDistinctGroupBy" classname="com.facebook.presto.TestLocalQueries" time="0.109"/>
  <testcase name="testArithmeticNegation" classname="com.facebook.presto.TestLocalQueries" time="0.158"/>
  <testcase name="testAverageAll" classname="com.facebook.presto.TestLocalQueries" time="0.067"/>
  <testcase name="testBuildFilteredLeftJoin" classname="com.facebook.presto.TestLocalQueries" time="5.751"/>
  <testcase name="testBuildFilteredRightJoin" classname="com.facebook.presto.TestLocalQueries" time="1.461"/>
  <testcase name="testCaseInsensitiveAliasedRelation" classname="com.facebook.presto.TestLocalQueries" time="0.527"/>
  <testcase name="testCaseInsensitiveAttribute" classname="com.facebook.presto.TestLocalQueries" time="0.067"/>
  <testcase name="testCaseInsensitiveOutputAliasInOrderBy" classname="com.facebook.presto.TestLocalQueries" time="0.167"/>
  <testcase name="testCaseNoElse" classname="com.facebook.presto.TestLocalQueries" time="0.238"/>
  <testcase name="testCast" classname="com.facebook.presto.TestLocalQueries" time="0.506"/>
  <testcase name="testChainedUnionsWithOrder" classname="com.facebook.presto.TestLocalQueries" time="0.75"/>
  <testcase name="testColumnAliases" classname="com.facebook.presto.TestLocalQueries" time="0.253"/>
  <testcase name="testComplexQuery" classname="com.facebook.presto.TestLocalQueries" time="0.087"/>
  <testcase name="testConcatOperator" classname="com.facebook.presto.TestLocalQueries" time="0.027"/>
  <testcase name="testCountAll" classname="com.facebook.presto.TestLocalQueries" time="0.038"/>
  <testcase name="testCountAllWithComparison" classname="com.facebook.presto.TestLocalQueries" time="0.436"/>
  <testcase name="testCountAllWithPredicate" classname="com.facebook.presto.TestLocalQueries" time="0.062"/>
  <testcase name="testCountBoolean" classname="com.facebook.presto.TestLocalQueries" time="0.053"/>
  <testcase name="testCountColumn" classname="com.facebook.presto.TestLocalQueries" time="0.297"/>
  <testcase name="testCountDistinct" classname="com.facebook.presto.TestLocalQueries" time="0.002"/>
  <testcase name="testCountWithAndPredicate" classname="com.facebook.presto.TestLocalQueries" time="0.398"/>
  <testcase name="testCountWithCoalescePredicate" classname="com.facebook.presto.TestLocalQueries" time="0.065"/>
  <testcase name="testCountWithInlineView" classname="com.facebook.presto.TestLocalQueries" time="0.193"/>
  <testcase name="testCountWithIsNotNullPredicate" classname="com.facebook.presto.TestLocalQueries" time="0.059"/>
  <testcase name="testCountWithIsNullPredicate" classname="com.facebook.presto.TestLocalQueries" time="0.058"/>
  <testcase name="testCountWithNotPredicate" classname="com.facebook.presto.TestLocalQueries" time="0.376"/>
  <testcase name="testCountWithNullIfPredicate" classname="com.facebook.presto.TestLocalQueries" time="0.068"/>
  <testcase name="testCountWithNullPredicate" classname="com.facebook.presto.TestLocalQueries" time="0.014"/>
  <testcase name="testCountWithOrPredicate" classname="com.facebook.presto.TestLocalQueries" time="0.399"/>
  <testcase name="testDefaultExplainGraphvizFormat" classname="com.facebook.presto.TestLocalQueries" time="0.038"/>
  <testcase name="testDefaultExplainTextFormat" classname="com.facebook.presto.TestLocalQueries" time="0.027"/>
  <testcase name="testDistinct" classname="com.facebook.presto.TestLocalQueries" time="0.045"/>
  <testcase name="testDistinctMultipleFields" classname="com.facebook.presto.TestLocalQueries" time="0.172"/>
  <testcase name="testDistinctWithOrderBy" classname="com.facebook.presto.TestLocalQueries" time="0.065"/>
  <testcase name="testDistinctWithOrderByNotInSelect" classname="com.facebook.presto.TestLocalQueries" time="0.002"/>
  <testcase name="testDistributedExplain" classname="com.facebook.presto.TestLocalQueries" time="0.027"/>
  <testcase name="testDistributedExplainGraphvizFormat" classname="com.facebook.presto.TestLocalQueries" time="0.026"/>
  <testcase name="testDistributedExplainTextFormat" classname="com.facebook.presto.TestLocalQueries" time="0.021"/>
  <testcase name="testDoubleFilteredLeftJoinWithLeftConstantEquality" classname="com.facebook.presto.TestLocalQueries" time="0.305"/>
  <testcase name="testDoubleFilteredLeftJoinWithRightConstantEquality" classname="com.facebook.presto.TestLocalQueries" time="0.258"/>
  <testcase name="testDoubleFilteredRightJoinWithLeftConstantEquality" classname="com.facebook.presto.TestLocalQueries" time="0.234"/>
  <testcase name="testDoubleFilteredRightJoinWithRightConstantEquality" classname="com.facebook.presto.TestLocalQueries" time="0.256"/>
  <testcase name="testDual" classname="com.facebook.presto.TestLocalQueries" time="0.004"/>
  <testcase name="testDuplicateFields" classname="com.facebook.presto.TestLocalQueries" time="0.088"/>
  <testcase name="testFunctionNotRegistered" classname="com.facebook.presto.TestLocalQueries" time="0.001"/>
  <testcase name="testGroupAggregationOverNestedGroupByAggregation" classname="com.facebook.presto.TestLocalQueries" time="0.154"/>
  <testcase name="testGroupByBetween" classname="com.facebook.presto.TestLocalQueries" time="0.412"/>
  <testcase name="testGroupByCase" classname="com.facebook.presto.TestLocalQueries" time="0.361"/>
  <testcase name="testGroupByCaseNoElse" classname="com.facebook.presto.TestLocalQueries" time="0.234"/>
  <testcase name="testGroupByCast" classname="com.facebook.presto.TestLocalQueries" time="0.387"/>
  <testcase name="testGroupByCoalesce" classname="com.facebook.presto.TestLocalQueries" time="0.46"/>
  <testcase name="testGroupByCount" classname="com.facebook.presto.TestLocalQueries" time="0.046"/>
  <testcase name="testGroupByExtract" classname="com.facebook.presto.TestLocalQueries" time="0.62"/>
  <testcase name="testGroupByIf" classname="com.facebook.presto.TestLocalQueries" time="0.113"/>
  <testcase name="testGroupByKeyPredicatePushdown" classname="com.facebook.presto.TestLocalQueries" time="0.59"/>
  <testcase name="testGroupByMultipleFields" classname="com.facebook.presto.TestLocalQueries" time="0.098"/>
  <testcase name="testGroupByMultipleFieldsWithPredicateOnAggregationArgument" classname="com.facebook.presto.TestLocalQueries" time="0.119"/>
  <testcase name="testGroupByNoAggregations" classname="com.facebook.presto.TestLocalQueries" time="0.046"/>
  <testcase name="testGroupByNullIf" classname="com.facebook.presto.TestLocalQueries" time="0.479"/>
  <testcase name="testGroupByOrderByLimit" classname="com.facebook.presto.TestLocalQueries" time="0.089"/>
  <testcase name="testGroupByOrdinal" classname="com.facebook.presto.TestLocalQueries" time="0.08"/>
  <testcase name="testGroupByRepeatedField" classname="com.facebook.presto.TestLocalQueries" time="0.088"/>
  <testcase name="testGroupByRepeatedField2" classname="com.facebook.presto.TestLocalQueries" time="0.05"/>
  <testcase name="testGroupBySearchedCase" classname="com.facebook.presto.TestLocalQueries" time="0.107"/>
  <testcase name="testGroupBySearchedCaseNoElse" classname="com.facebook.presto.TestLocalQueries" time="0.157"/>
  <testcase name="testGroupBySum" classname="com.facebook.presto.TestLocalQueries" time="0.08"/>
  <testcase name="testGroupByWithAlias" classname="com.facebook.presto.TestLocalQueries" time="0.059"/>
  <testcase name="testGroupByWithWildcard" classname="com.facebook.presto.TestLocalQueries" time="0.081"/>
  <testcase name="testGroupByWithoutAggregation" classname="com.facebook.presto.TestLocalQueries" time="0.049"/>
  <testcase name="testHaving" classname="com.facebook.presto.TestLocalQueries" time="0.098"/>
  <testcase name="testHaving2" classname="com.facebook.presto.TestLocalQueries" time="0.093"/>
  <testcase name="testHaving3" classname="com.facebook.presto.TestLocalQueries" time="0.139"/>
  <testcase name="testHistogram" classname="com.facebook.presto.TestLocalQueries" time="0.271"/>
  <testcase name="testIfExpression" classname="com.facebook.presto.TestLocalQueries" time="0.501"/>
  <testcase name="testIn" classname="com.facebook.presto.TestLocalQueries" time="0.213"/>
  <testcase name="testInlineView" classname="com.facebook.presto.TestLocalQueries" time="0.113"/>
  <testcase name="testInlineViewWithProjections" classname="com.facebook.presto.TestLocalQueries" time="0.149"/>
  <testcase name="testInvalidColumn" classname="com.facebook.presto.TestLocalQueries" time="0.002"/>
  <testcase name="testJoinAggregations" classname="com.facebook.presto.TestLocalQueries" time="4.453"/>
  <testcase name="testJoinDoubleClauseWithLeftOverlap" classname="com.facebook.presto.TestLocalQueries" time="0.254"/>
  <testcase name="testJoinDoubleClauseWithRightOverlap" classname="com.facebook.presto.TestLocalQueries" time="0.466"/>
  <testcase name="testJoinOnConstantExpression" classname="com.facebook.presto.TestLocalQueries" time="0.002"/>
  <testcase name="testJoinOnMultipleFields" classname="com.facebook.presto.TestLocalQueries" time="0.492"/>
  <testcase name="testJoinPredicateMoveAround" classname="com.facebook.presto.TestLocalQueries" time="2.016"/>
  <testcase name="testJoinPredicatePushdown" classname="com.facebook.presto.TestLocalQueries" time="0.413"/>
  <testcase name="testJoinUnaliasedSubqueries" classname="com.facebook.presto.TestLocalQueries" time="0.263"/>
  <testcase name="testJoinUsing" classname="com.facebook.presto.TestLocalQueries" time="0.219"/>
  <testcase name="testJoinUsingMultipleFields" classname="com.facebook.presto.TestLocalQueries" time="0.438"/>
  <testcase name="testJoinWithAlias" classname="com.facebook.presto.TestLocalQueries" time="5.405"/>
  <testcase name="testJoinWithComplexExpressions" classname="com.facebook.presto.TestLocalQueries" time="0.353"/>
  <testcase name="testJoinWithComplexExpressions2" classname="com.facebook.presto.TestLocalQueries" time="0.397"/>
  <testcase name="testJoinWithComplexExpressions3" classname="com.facebook.presto.TestLocalQueries" time="0.335"/>
  <testcase name="testJoinWithConstantExpression" classname="com.facebook.presto.TestLocalQueries" time="0.256"/>
  <testcase name="testJoinWithFullyPushedDownJoinClause" classname="com.facebook.presto.TestLocalQueries" time="0.261"/>
  <testcase name="testJoinWithLeftConstantEquality" classname="com.facebook.presto.TestLocalQueries" time="0.244"/>
  <testcase name="testJoinWithMultiFieldGroupBy" classname="com.facebook.presto.TestLocalQueries" time="0.443"/>
  <testcase name="testJoinWithNonJoinExpression" classname="com.facebook.presto.TestLocalQueries" time="0.341"/>
  <testcase name="testJoinWithNullValues" classname="com.facebook.presto.TestLocalQueries" time="0.909"/>
  <testcase name="testJoinWithReversedComparison" classname="com.facebook.presto.TestLocalQueries" time="0.263"/>
  <testcase name="testJoinWithRightConstantEquality" classname="com.facebook.presto.TestLocalQueries" time="0.225"/>
  <testcase name="testLeftFilteredJoin" classname="com.facebook.presto.TestLocalQueries" time="1.155"/>
  <testcase name="testLeftJoinAsInnerPredicatePushdown" classname="com.facebook.presto.TestLocalQueries" time="0.616"/>
  <testcase name="testLeftJoinDoubleClauseWithLeftOverlap" classname="com.facebook.presto.TestLocalQueries" time="0.393"/>
  <testcase name="testLeftJoinDoubleClauseWithRightOverlap" classname="com.facebook.presto.TestLocalQueries" time="0.489"/>
  <testcase name="testLeftJoinEqualityInference" classname="com.facebook.presto.TestLocalQueries" time="1.279"/>
  <testcase name="testLeftJoinNormalizedToInner" classname="com.facebook.presto.TestLocalQueries" time="0.338"/>
  <testcase name="testLeftJoinPredicateMoveAround" classname="com.facebook.presto.TestLocalQueries" time="2.174"/>
  <testcase name="testLeftJoinPredicatePushdownWithSelfEquality" classname="com.facebook.presto.TestLocalQueries" time="0.462"/>
  <testcase name="testLeftJoinWithLeftConstantEquality" classname="com.facebook.presto.TestLocalQueries" time="0.226"/>
  <testcase name="testLeftJoinWithNullValues" classname="com.facebook.presto.TestLocalQueries" time="0.682"/>
  <testcase name="testLeftJoinWithRightConstantEquality" classname="com.facebook.presto.TestLocalQueries" time="0.687"/>
  <testcase name="testLimit" classname="com.facebook.presto.TestLocalQueries" time="0.027"/>
  <testcase name="testLimitInInlineView" classname="com.facebook.presto.TestLocalQueries" time="0.024"/>
  <testcase name="testLimitPushDown" classname="com.facebook.presto.TestLocalQueries" time="0.773"/>
  <testcase name="testLimitZero" classname="com.facebook.presto.TestLocalQueries" time="0.037"/>
  <testcase name="testLogicalExplain" classname="com.facebook.presto.TestLocalQueries" time="0.018"/>
  <testcase name="testLogicalExplainGraphvizFormat" classname="com.facebook.presto.TestLocalQueries" time="0.018"/>
  <testcase name="testLogicalExplainTextFormat" classname="com.facebook.presto.TestLocalQueries" time="0.017"/>
  <testcase name="testMaxMinStringWithNulls" classname="com.facebook.presto.TestLocalQueries" time="0.166"/>
  <testcase name="testMixedWildcards" classname="com.facebook.presto.TestLocalQueries" time="0.723"/>
  <testcase name="testMultiColumnUnionAll" classname="com.facebook.presto.TestLocalQueries" time="1.002"/>
  <testcase name="testMultipleWildcards" classname="com.facebook.presto.TestLocalQueries" time="0.79"/>
  <testcase name="testNestedCount" classname="com.facebook.presto.TestLocalQueries" time="0.211"/>
  <testcase name="testNoFrom" classname="com.facebook.presto.TestLocalQueries" time="0.007"/>
  <testcase name="testNodeRoster" classname="com.facebook.presto.TestLocalQueries" time="0.008"/>
  <testcase name="testNonDeterministicAggregationPredicatePushdown" classname="com.facebook.presto.TestLocalQueries" time="0.183"/>
  <testcase name="testNonDeterministicJoinPredicatePushdown" classname="com.facebook.presto.TestLocalQueries" time="0.348"/>
  <testcase name="testNonDeterministicTableScanPredicatePushdown" classname="com.facebook.presto.TestLocalQueries" time="0.026"/>
  <testcase name="testOrderBy" classname="com.facebook.presto.TestLocalQueries" time="0.08"/>
  <testcase name="testOrderBy2" classname="com.facebook.presto.TestLocalQueries" time="0.121"/>
  <testcase name="testOrderByAlias" classname="com.facebook.presto.TestLocalQueries" time="0.069"/>
  <testcase name="testOrderByAliasWithSameNameAsUnselectedColumn" classname="com.facebook.presto.TestLocalQueries" time="0.069"/>
  <testcase name="testOrderByExpressionWithLimit" classname="com.facebook.presto.TestLocalQueries" time="0.203"/>
  <testcase name="testOrderByLimit" classname="com.facebook.presto.TestLocalQueries" time="0.124"/>
  <testcase name="testOrderByMultipleFields" classname="com.facebook.presto.TestLocalQueries" time="0.149"/>
  <testcase name="testOrderByOrdinal" classname="com.facebook.presto.TestLocalQueries" time="0.169"/>
  <testcase name="testOrderByOrdinalWithWildcard" classname="com.facebook.presto.TestLocalQueries" time="0.565"/>
  <testcase name="testOrderByWindowFunction" classname="com.facebook.presto.TestLocalQueries" time="0.043"/>
  <testcase name="testOrderLimitCompaction" classname="com.facebook.presto.TestLocalQueries" time="0.357"/>
  <testcase name="testPlainLeftJoinPredicatePushdown" classname="com.facebook.presto.TestLocalQueries" time="0.462"/>
  <testcase name="testPlainRightJoinPredicatePushdown" classname="com.facebook.presto.TestLocalQueries" time="0.467"/>
  <testcase name="testPredicatePushdown" classname="com.facebook.presto.TestLocalQueries" time="0.285"/>
  <testcase name="testPredicatePushdownJoinEqualityGroups" classname="com.facebook.presto.TestLocalQueries" time="0.146"/>
  <testcase name="testProbeFilteredLeftJoin" classname="com.facebook.presto.TestLocalQueries" time="4.358"/>
  <testcase name="testProbeFilteredRightJoin" classname="com.facebook.presto.TestLocalQueries" time="1.204"/>
  <testcase name="testQualifiedWildcard" classname="com.facebook.presto.TestLocalQueries" time="0.539"/>
  <testcase name="testQualifiedWildcardFromAlias" classname="com.facebook.presto.TestLocalQueries" time="0.521"/>
  <testcase name="testQualifiedWildcardFromInlineView" classname="com.facebook.presto.TestLocalQueries" time="0.119"/>
  <testcase name="testQualifiedWildcardFromJoin" classname="com.facebook.presto.TestLocalQueries" time="0.758"/>
  <testcase name="testQuotedIdentifiers" classname="com.facebook.presto.TestLocalQueries" time="0.115"/>
  <testcase name="testReferenceToWithQueryInFromClause" classname="com.facebook.presto.TestLocalQueries" time="0.527"/>
  <testcase name="testReorderOutputsOfGroupByAggregation" classname="com.facebook.presto.TestLocalQueries" time="0.114"/>
  <testcase name="testRepeatedAggregations" classname="com.facebook.presto.TestLocalQueries" time="0.046"/>
  <testcase name="testRepeatedOutputs" classname="com.facebook.presto.TestLocalQueries" time="0.103"/>
  <testcase name="testRightFilteredJoin" classname="com.facebook.presto.TestLocalQueries" time="1.135"/>
  <testcase name="testRightJoinAsInnerPredicatePushdown" classname="com.facebook.presto.TestLocalQueries" time="0.547"/>
  <testcase name="testRightJoinDoubleClauseWithLeftOverlap" classname="com.facebook.presto.TestLocalQueries" time="0.292"/>
  <testcase name="testRightJoinDoubleClauseWithRightOverlap" classname="com.facebook.presto.TestLocalQueries" time="0.426"/>
  <testcase name="testRightJoinEqualityInference" classname="com.facebook.presto.TestLocalQueries" time="1.295"/>
  <testcase name="testRightJoinNormalizedToInner" classname="com.facebook.presto.TestLocalQueries" time="0.263"/>
  <testcase name="testRightJoinPredicateMoveAround" classname="com.facebook.presto.TestLocalQueries" time="2.219"/>
  <testcase name="testRightJoinPredicatePushdownWithSelfEquality" classname="com.facebook.presto.TestLocalQueries" time="0.457"/>
  <testcase name="testRightJoinWithLeftConstantEquality" classname="com.facebook.presto.TestLocalQueries" time="0.971"/>
  <testcase name="testRightJoinWithNullValues" classname="com.facebook.presto.TestLocalQueries" time="0.896"/>
  <testcase name="testRightJoinWithRightConstantEquality" classname="com.facebook.presto.TestLocalQueries" time="0.267"/>
  <testcase name="testSameInputToAggregates" classname="com.facebook.presto.TestLocalQueries" time="0.057"/>
  <testcase name="testScalarFunction" classname="com.facebook.presto.TestLocalQueries" time="0.026"/>
  <testcase name="testSelectOnlyUnion" classname="com.facebook.presto.TestLocalQueries" time="0.013"/>
  <testcase name="testSelectWithComparison" classname="com.facebook.presto.TestLocalQueries" time="0.619"/>
  <testcase name="testSelfJoin" classname="com.facebook.presto.TestLocalQueries" time="0.103"/>
  <testcase name="testSemiJoin" classname="com.facebook.presto.TestLocalQueries" time="2.698"/>
  <testcase name="testSemiJoinLimitPushDown" classname="com.facebook.presto.TestLocalQueries" time="0.241"/>
  <testcase name="testSemiJoinNullHandling" classname="com.facebook.presto.TestLocalQueries" time="0.891"/>
  <testcase name="testSemiJoinPredicateMoveAround" classname="com.facebook.presto.TestLocalQueries" time="0.559"/>
  <testcase name="testShowColumns" classname="com.facebook.presto.TestLocalQueries" time="0.022"/>
  <testcase name="testShowFunctions" classname="com.facebook.presto.TestLocalQueries" time="0.013"/>
  <testcase name="testShowPartitions" classname="com.facebook.presto.TestLocalQueries" time="0.011"/>
  <testcase name="testShowSchemas" classname="com.facebook.presto.TestLocalQueries" time="0.005"/>
  <testcase name="testShowTables" classname="com.facebook.presto.TestLocalQueries" time="0.009"/>
  <testcase name="testShowTablesFrom" classname="com.facebook.presto.TestLocalQueries" time="0.017"/>
  <testcase name="testShowTablesLike" classname="com.facebook.presto.TestLocalQueries" time="0.09"/>
  <testcase name="testSimpleJoin" classname="com.facebook.presto.TestLocalQueries" time="0.254"/>
  <testcase name="testSimpleJoinWithLeftConstantEquality" classname="com.facebook.presto.TestLocalQueries" time="0.205"/>
  <testcase name="testSimpleJoinWithRightConstantEquality" classname="com.facebook.presto.TestLocalQueries" time="0.205"/>
  <testcase name="testSimpleLeftJoin" classname="com.facebook.presto.TestLocalQueries" time="0.588"/>
  <testcase name="testSimpleLeftJoinWithLeftConstantEquality" classname="com.facebook.presto.TestLocalQueries" time="0.342"/>
  <testcase name="testSimpleLeftJoinWithRightConstantEquality" classname="com.facebook.presto.TestLocalQueries" time="0.319"/>
  <testcase name="testSimpleRightJoin" classname="com.facebook.presto.TestLocalQueries" time="0.516"/>
  <testcase name="testSimpleRightJoinWithLeftConstantEquality" classname="com.facebook.presto.TestLocalQueries" time="0.259"/>
  <testcase name="testSimpleRightJoinWithRightConstantEquality" classname="com.facebook.presto.TestLocalQueries" time="0.263"/>
  <testcase name="testSpecialFloatingPointValues" classname="com.facebook.presto.TestLocalQueries" time="0.008"/>
  <testcase name="testStdDev" classname="com.facebook.presto.TestLocalQueries" time="0.39"/>
  <testcase name="testStdDevPop" classname="com.facebook.presto.TestLocalQueries" time="0.334"/>
  <testcase name="testSubqueryBody" classname="com.facebook.presto.TestLocalQueries" time="0.116"/>
  <testcase name="testSubqueryBodyDoubleOrderby" classname="com.facebook.presto.TestLocalQueries" time="0.131"/>
  <testcase name="testSubqueryBodyOrderLimit" classname="com.facebook.presto.TestLocalQueries" time="0.072"/>
  <testcase name="testSubqueryBodyProjectedOrderby" classname="com.facebook.presto.TestLocalQueries" time="0.153"/>
  <testcase name="testSubqueryUnion" classname="com.facebook.presto.TestLocalQueries" time="0.179"/>
  <testcase name="testSumOfNulls" classname="com.facebook.presto.TestLocalQueries" time="0.056"/>
  <testcase name="testTableAsSubquery" classname="com.facebook.presto.TestLocalQueries" time="0.537"/>
  <testcase name="testTableQuery" classname="com.facebook.presto.TestLocalQueries" time="0.528"/>
  <testcase name="testTableQueryInUnion" classname="com.facebook.presto.TestLocalQueries" time="0.833"/>
  <testcase name="testTableQueryOrderLimit" classname="com.facebook.presto.TestLocalQueries" time="0.303"/>
  <testcase name="testTableSampleBernoulli" classname="com.facebook.presto.TestLocalQueries" time="4.062"/>
  <testcase name="testTableSampleBernoulliBoundaryValues" classname="com.facebook.presto.TestLocalQueries" time="19.26"/>
  <testcase name="testTopNByMultipleFields" classname="com.facebook.presto.TestLocalQueries" time="0.981"/>
  <testcase name="testTrivialNonDeterministicPredicatePushdown" classname="com.facebook.presto.TestLocalQueries" time="0.008"/>
  <testcase name="testTypeMismatch" classname="com.facebook.presto.TestLocalQueries" time="0.001"/>
  <testcase name="testUnaliasSymbolReferencesWithUnion" classname="com.facebook.presto.TestLocalQueries" time="0.013"/>
  <testcase name="testUnaliasedSubqueries" classname="com.facebook.presto.TestLocalQueries" time="0.063"/>
  <testcase name="testUnaliasedSubqueries1" classname="com.facebook.presto.TestLocalQueries" time="0.064"/>
  <testcase name="testUnion" classname="com.facebook.presto.TestLocalQueries" time="0.12"/>
  <testcase name="testUnionAll" classname="com.facebook.presto.TestLocalQueries" time="0.126"/>
  <testcase name="testUnionDistinct" classname="com.facebook.presto.TestLocalQueries" time="0.12"/>
  <testcase name="testVariance" classname="com.facebook.presto.TestLocalQueries" time="0.332"/>
  <testcase name="testVariancePop" classname="com.facebook.presto.TestLocalQueries" time="0.328"/>
  <testcase name="testWhereNull" classname="com.facebook.presto.TestLocalQueries" time="0.068"/>
  <testcase name="testWildcard" classname="com.facebook.presto.TestLocalQueries" time="0.563"/>
  <testcase name="testWildcardFromJoin" classname="com.facebook.presto.TestLocalQueries" time="0.854"/>
  <testcase name="testWildcardFromSubquery" classname="com.facebook.presto.TestLocalQueries" time="0.065"/>
  <testcase name="testWindowFunctionsExpressions" classname="com.facebook.presto.TestLocalQueries" time="0.16"/>
  <testcase name="testWindowFunctionsFromAggregate" classname="com.facebook.presto.TestLocalQueries" time="0.174"/>
  <testcase name="testWith" classname="com.facebook.presto.TestLocalQueries" time="0.62"/>
  <testcase name="testWithAliased" classname="com.facebook.presto.TestLocalQueries" time="0.508"/>
  <testcase name="testWithChaining" classname="com.facebook.presto.TestLocalQueries" time="0.084"/>
  <testcase name="testWithHiding" classname="com.facebook.presto.TestLocalQueries" time="0.075"/>
  <testcase name="testWithNestedSubqueries" classname="com.facebook.presto.TestLocalQueries" time="0.077"/>
  <testcase name="testWithQualifiedPrefix" classname="com.facebook.presto.TestLocalQueries" time="0.035"/>
  <testcase name="testWithRecursive" classname="com.facebook.presto.TestLocalQueries" time="0.001"/>
  <testcase name="testWithSelfJoin" classname="com.facebook.presto.TestLocalQueries" time="0.132"/>
  <testcase name="test" classname="com.facebook.presto.execution.TaskExecutorTest" time="0.015"/>
  <testcase name="test" classname="com.facebook.presto.execution.TaskExecutorTest" time="0.007"/>
  <testcase name="test" classname="com.facebook.presto.execution.TaskExecutorTest" time="0.006"/>
  <testcase name="test" classname="com.facebook.presto.execution.TaskExecutorTest" time="0.004"/>
  <testcase name="test" classname="com.facebook.presto.execution.TaskExecutorTest" time="0.005"/>
  <testcase name="test" classname="com.facebook.presto.execution.TaskExecutorTest" time="0.005"/>
  <testcase name="test" classname="com.facebook.presto.execution.TaskExecutorTest" time="0.005"/>
  <testcase name="test" classname="com.facebook.presto.execution.TaskExecutorTest" time="0.005"/>
  <testcase name="test" classname="com.facebook.presto.execution.TaskExecutorTest" time="0.01"/>
  <testcase name="test" classname="com.facebook.presto.execution.TaskExecutorTest" time="0.006"/>
  <testcase name="test" classname="com.facebook.presto.execution.TaskExecutorTest" time="0.005"/>
  <testcase name="test" classname="com.facebook.presto.execution.TaskExecutorTest" time="0.006"/>
  <testcase name="test" classname="com.facebook.presto.execution.TaskExecutorTest" time="0.005"/>
  <testcase name="test" classname="com.facebook.presto.execution.TaskExecutorTest" time="0.005"/>
  <testcase name="test" classname="com.facebook.presto.execution.TaskExecutorTest" time="0.006"/>
  <testcase name="test" classname="com.facebook.presto.execution.TaskExecutorTest" time="0.005"/>
  <testcase name="test" classname="com.facebook.presto.execution.TaskExecutorTest" time="0.005"/>
  <testcase name="test" classname="com.facebook.presto.execution.TaskExecutorTest" time="0.005"/>
  <testcase name="test" classname="com.facebook.presto.execution.TaskExecutorTest" time="0.005"/>
  <testcase name="test" classname="com.facebook.presto.execution.TaskExecutorTest" time="0.006"/>
  <testcase name="test" classname="com.facebook.presto.execution.TaskExecutorTest" time="0.005"/>
  <testcase name="test" classname="com.facebook.presto.execution.TaskExecutorTest" time="0.005"/>
  <testcase name="test" classname="com.facebook.presto.execution.TaskExecutorTest" time="0.004"/>
  <testcase name="test" classname="com.facebook.presto.execution.TaskExecutorTest" time="0.005"/>
  <testcase name="test" classname="com.facebook.presto.execution.TaskExecutorTest" time="0.005"/>
  <testcase name="test" classname="com.facebook.presto.execution.TaskExecutorTest" time="0.005"/>
  <testcase name="test" classname="com.facebook.presto.execution.TaskExecutorTest" time="0.006"/>
  <testcase name="test" classname="com.facebook.presto.execution.TaskExecutorTest" time="0.005"/>
  <testcase name="test" classname="com.facebook.presto.execution.TaskExecutorTest" time="0.005"/>
  <testcase name="test" classname="com.facebook.presto.execution.TaskExecutorTest" time="0.004"/>
  <testcase name="test" classname="com.facebook.presto.execution.TaskExecutorTest" time="0.004"/>
  <testcase name="test" classname="com.facebook.presto.execution.TaskExecutorTest" time="0.005"/>
  <testcase name="test" classname="com.facebook.presto.execution.TaskExecutorTest" time="0.01"/>
  <testcase name="test" classname="com.facebook.presto.execution.TaskExecutorTest" time="0.005"/>
  <testcase name="test" classname="com.facebook.presto.execution.TaskExecutorTest" time="0.004"/>
  <testcase name="test" classname="com.facebook.presto.execution.TaskExecutorTest" time="0.005"/>
  <testcase name="test" classname="com.facebook.presto.execution.TaskExecutorTest" time="0.005"/>
  <testcase name="test" classname="com.facebook.presto.execution.TaskExecutorTest" time="0.007"/>
  <testcase name="test" classname="com.facebook.presto.execution.TaskExecutorTest" time="0.005"/>
  <testcase name="test" classname="com.facebook.presto.execution.TaskExecutorTest" time="0.005"/>
  <testcase name="test" classname="com.facebook.presto.execution.TaskExecutorTest" time="0.006"/>
  <testcase name="test" classname="com.facebook.presto.execution.TaskExecutorTest" time="0.005"/>
  <testcase name="test" classname="com.facebook.presto.execution.TaskExecutorTest" time="0.005"/>
  <testcase name="test" classname="com.facebook.presto.execution.TaskExecutorTest" time="0.006"/>
  <testcase name="test" classname="com.facebook.presto.execution.TaskExecutorTest" time="0.005"/>
  <testcase name="test" classname="com.facebook.presto.execution.TaskExecutorTest" time="0.005"/>
  <testcase name="test" classname="com.facebook.presto.execution.TaskExecutorTest" time="0.005"/>
  <testcase name="test" classname="com.facebook.presto.execution.TaskExecutorTest" time="0.004"/>
  <testcase name="test" classname="com.facebook.presto.execution.TaskExecutorTest" time="0.005"/>
  <testcase name="test" classname="com.facebook.presto.execution.TaskExecutorTest" time="0.005"/>
  <testcase name="test" classname="com.facebook.presto.execution.TaskExecutorTest" time="0.005"/>
  <testcase name="test" classname="com.facebook.presto.execution.TaskExecutorTest" time="0.005"/>
  <testcase name="test" classname="com.facebook.presto.execution.TaskExecutorTest" time="0.005"/>
  <testcase name="test" classname="com.facebook.presto.execution.TaskExecutorTest" time="0.005"/>
  <testcase name="test" classname="com.facebook.presto.execution.TaskExecutorTest" time="0.005"/>
  <testcase name="test" classname="com.facebook.presto.execution.TaskExecutorTest" time="0.005"/>
  <testcase name="test" classname="com.facebook.presto.execution.TaskExecutorTest" time="0.005"/>
  <testcase name="test" classname="com.facebook.presto.execution.TaskExecutorTest" time="0.01"/>
  <testcase name="test" classname="com.facebook.presto.execution.TaskExecutorTest" time="0.005"/>
  <testcase name="test" classname="com.facebook.presto.execution.TaskExecutorTest" time="0.005"/>
  <testcase name="test" classname="com.facebook.presto.execution.TaskExecutorTest" time="0.004"/>
  <testcase name="test" classname="com.facebook.presto.execution.TaskExecutorTest" time="0.004"/>
  <testcase name="test" classname="com.facebook.presto.execution.TaskExecutorTest" time="0.004"/>
  <testcase name="test" classname="com.facebook.presto.execution.TaskExecutorTest" time="0.005"/>
  <testcase name="test" classname="com.facebook.presto.execution.TaskExecutorTest" time="0.006"/>
  <testcase name="test" classname="com.facebook.presto.execution.TaskExecutorTest" time="0.005"/>
  <testcase name="test" classname="com.facebook.presto.execution.TaskExecutorTest" time="0.004"/>
  <testcase name="test" classname="com.facebook.presto.execution.TaskExecutorTest" time="0.005"/>
  <testcase name="test" classname="com.facebook.presto.execution.TaskExecutorTest" time="0.005"/>
  <testcase name="test" classname="com.facebook.presto.execution.TaskExecutorTest" time="0.004"/>
  <testcase name="test" classname="com.facebook.presto.execution.TaskExecutorTest" time="0.004"/>
  <testcase name="test" classname="com.facebook.presto.execution.TaskExecutorTest" time="0.004"/>
  <testcase name="test" classname="com.facebook.presto.execution.TaskExecutorTest" time="0.004"/>
  <testcase name="test" classname="com.facebook.presto.execution.TaskExecutorTest" time="0.004"/>
  <testcase name="test" classname="com.facebook.presto.execution.TaskExecutorTest" time="0.004"/>
  <testcase name="test" classname="com.facebook.presto.execution.TaskExecutorTest" time="0.004"/>
  <testcase name="test" classname="com.facebook.presto.execution.TaskExecutorTest" time="0.005"/>
  <testcase name="test" classname="com.facebook.presto.execution.TaskExecutorTest" time="0.004"/>
  <testcase name="test" classname="com.facebook.presto.execution.TaskExecutorTest" time="0.004"/>
  <testcase name="test" classname="com.facebook.presto.execution.TaskExecutorTest" time="0.004"/>
  <testcase name="test" classname="com.facebook.presto.execution.TaskExecutorTest" time="0.004"/>
  <testcase name="test" classname="com.facebook.presto.execution.TaskExecutorTest" time="0.004"/>
  <testcase name="test" classname="com.facebook.presto.execution.TaskExecutorTest" time="0.009"/>
  <testcase name="test" classname="com.facebook.presto.execution.TaskExecutorTest" time="0.005"/>
  <testcase name="test" classname="com.facebook.presto.execution.TaskExecutorTest" time="0.004"/>
  <testcase name="test" classname="com.facebook.presto.execution.TaskExecutorTest" time="0.004"/>
  <testcase name="test" classname="com.facebook.presto.execution.TaskExecutorTest" time="0.004"/>
  <testcase name="test" classname="com.facebook.presto.execution.TaskExecutorTest" time="0.005"/>
  <testcase name="test" classname="com.facebook.presto.execution.TaskExecutorTest" time="0.005"/>
  <testcase name="test" classname="com.facebook.presto.execution.TaskExecutorTest" time="0.005"/>
  <testcase name="test" classname="com.facebook.presto.execution.TaskExecutorTest" time="0.005"/>
  <testcase name="test" classname="com.facebook.presto.execution.TaskExecutorTest" time="0.004"/>
  <testcase name="test" classname="com.facebook.presto.execution.TaskExecutorTest" time="0.004"/>
  <testcase name="test" classname="com.facebook.presto.execution.TaskExecutorTest" time="0.004"/>
  <testcase name="test" classname="com.facebook.presto.execution.TaskExecutorTest" time="0.004"/>
  <testcase name="test" classname="com.facebook.presto.execution.TaskExecutorTest" time="0.004"/>
  <testcase name="test" classname="com.facebook.presto.execution.TaskExecutorTest" time="0.005"/>
  <testcase name="test" classname="com.facebook.presto.execution.TaskExecutorTest" time="0.004"/>
  <testcase name="test" classname="com.facebook.presto.execution.TaskExecutorTest" time="0.004"/>
  <testcase name="test" classname="com.facebook.presto.execution.TaskExecutorTest" time="0.004"/>
  <testcase name="testAggregation" classname="com.facebook.presto.operator.TestAggregationOperator" time="0.004"/>
  <testcase name="testAliasCreation" classname="com.facebook.presto.metadata.TestAliasDao" time="0.01"/>
  <testcase name="testAliasDeletion" classname="com.facebook.presto.metadata.TestAliasDao" time="0.003"/>
  <testcase name="testDoubleDestinationFails" classname="com.facebook.presto.metadata.TestAliasDao" time="0.007"/>
  <testcase name="testDoubleSourceOk" classname="com.facebook.presto.metadata.TestAliasDao" time="0.002"/>
  <testcase name="testTableCreation" classname="com.facebook.presto.metadata.TestAliasDao" time="0.001"/>
  <testcase name="testAlignment" classname="com.facebook.presto.operator.TestAlignmentOperator" time="0.001"/>
  <testcase name="testFinish" classname="com.facebook.presto.operator.TestAlignmentOperator" time="0.001"/>
  <testcase name="testAggregateWithWildcard" classname="com.facebook.presto.sql.analyzer.TestAnalyzer" time="0.004"/>
  <testcase name="testAggregationsNotAllowed" classname="com.facebook.presto.sql.analyzer.TestAnalyzer" time="0.001"/>
  <testcase name="testAmbiguousReferenceInOrderBy" classname="com.facebook.presto.sql.analyzer.TestAnalyzer" time="0.001"/>
  <testcase name="testDistinctAggregations" classname="com.facebook.presto.sql.analyzer.TestAnalyzer" time="0.001"/>
  <testcase name="testDistinctInWindowFunctionParameter" classname="com.facebook.presto.sql.analyzer.TestAnalyzer" time="0.001"/>
  <testcase name="testDuplicateRelation" classname="com.facebook.presto.sql.analyzer.TestAnalyzer" time="0.001"/>
  <testcase name="testDuplicateWithQuery" classname="com.facebook.presto.sql.analyzer.TestAnalyzer" time="0.001"/>
  <testcase name="testExpressions" classname="com.facebook.presto.sql.analyzer.TestAnalyzer" time="0.012"/>
  <testcase name="testGroupBy" classname="com.facebook.presto.sql.analyzer.TestAnalyzer" time="0.001"/>
  <testcase name="testGroupByCase" classname="com.facebook.presto.sql.analyzer.TestAnalyzer" time="0.005"/>
  <testcase name="testGroupByComplexExpressions" classname="com.facebook.presto.sql.analyzer.TestAnalyzer" time="0.003"/>
  <testcase name="testGroupByInvalidOrdinal" classname="com.facebook.presto.sql.analyzer.TestAnalyzer" time="0.001"/>
  <testcase name="testGroupByOrdinalsWithWildcard" classname="com.facebook.presto.sql.analyzer.TestAnalyzer" time="0.001"/>
  <testcase name="testGroupByWithQualifiedName" classname="com.facebook.presto.sql.analyzer.TestAnalyzer" time="0.001"/>
  <testcase name="testGroupByWithQualifiedName2" classname="com.facebook.presto.sql.analyzer.TestAnalyzer" time="0"/>
  <testcase name="testGroupByWithQualifiedName3" classname="com.facebook.presto.sql.analyzer.TestAnalyzer" time="0.001"/>
  <testcase name="testGroupByWithWildcard" classname="com.facebook.presto.sql.analyzer.TestAnalyzer" time="0.002"/>
  <testcase name="testHaving" classname="com.facebook.presto.sql.analyzer.TestAnalyzer" time="0.001"/>
  <testcase name="testHavingReferencesOutputAlias" classname="com.facebook.presto.sql.analyzer.TestAnalyzer" time="0.001"/>
  <testcase name="testInvalidAttribute" classname="com.facebook.presto.sql.analyzer.TestAnalyzer" time="0.001"/>
  <testcase name="testInvalidTable" classname="com.facebook.presto.sql.analyzer.TestAnalyzer" time="0.001"/>
  <testcase name="testJoinOnAmbiguousName" classname="com.facebook.presto.sql.analyzer.TestAnalyzer" time="0.001"/>
  <testcase name="testJoinOnConstantExpression" classname="com.facebook.presto.sql.analyzer.TestAnalyzer" time="0"/>
  <testcase name="testMismatchedColumnAliasCount" classname="com.facebook.presto.sql.analyzer.TestAnalyzer" time="0.001"/>
  <testcase name="testMismatchedUnionQueries" classname="com.facebook.presto.sql.analyzer.TestAnalyzer" time="0.002"/>
  <testcase name="testNaturalJoinNotSupported" classname="com.facebook.presto.sql.analyzer.TestAnalyzer" time="0"/>
  <testcase name="testNestedAggregation" classname="com.facebook.presto.sql.analyzer.TestAnalyzer" time="0.001"/>
  <testcase name="testNestedWindowFunctions" classname="com.facebook.presto.sql.analyzer.TestAnalyzer" time="0.004"/>
  <testcase name="testNonAggregate" classname="com.facebook.presto.sql.analyzer.TestAnalyzer" time="0.009"/>
  <testcase name="testNonBooleanHaving" classname="com.facebook.presto.sql.analyzer.TestAnalyzer" time="0.001"/>
  <testcase name="testNonBooleanWhereClause" classname="com.facebook.presto.sql.analyzer.TestAnalyzer" time="0"/>
  <testcase name="testNonEquiJoin" classname="com.facebook.presto.sql.analyzer.TestAnalyzer" time="0.002"/>
  <testcase name="testNonNumericTableSamplePercentage" classname="com.facebook.presto.sql.analyzer.TestAnalyzer" time="0.001"/>
  <testcase name="testOrderByExpressionOnOutputColumn" classname="com.facebook.presto.sql.analyzer.TestAnalyzer" time="0"/>
  <testcase name="testOrderByExpressionOnOutputColumn2" classname="com.facebook.presto.sql.analyzer.TestAnalyzer" time="0.001"/>
  <testcase name="testOrderByInvalidOrdinal" classname="com.facebook.presto.sql.analyzer.TestAnalyzer" time="0.001"/>
  <testcase name="testOrderByMustAppearInSelectWithDistinct" classname="com.facebook.presto.sql.analyzer.TestAnalyzer" time="0.001"/>
  <testcase name="testOrderByWithWildcard" classname="com.facebook.presto.sql.analyzer.TestAnalyzer" time="0"/>
  <testcase name="testReferenceWithoutFrom" classname="com.facebook.presto.sql.analyzer.TestAnalyzer" time="0.001"/>
  <testcase name="testTableSampleOutOfRange" classname="com.facebook.presto.sql.analyzer.TestAnalyzer" time="0"/>
  <testcase name="testUnionUnmatchedOrderByAttribute" classname="com.facebook.presto.sql.analyzer.TestAnalyzer" time="0.001"/>
  <testcase name="testWildcardWithInvalidPrefix" classname="com.facebook.presto.sql.analyzer.TestAnalyzer" time="0"/>
  <testcase name="testWildcardWithoutFrom" classname="com.facebook.presto.sql.analyzer.TestAnalyzer" time="0"/>
  <testcase name="testWindowFrameNotSupported" classname="com.facebook.presto.sql.analyzer.TestAnalyzer" time="0.002"/>
  <testcase name="testWindowsNotAllowed" classname="com.facebook.presto.sql.analyzer.TestAnalyzer" time="0.002"/>
  <testcase name="testWithForwardReference" classname="com.facebook.presto.sql.analyzer.TestAnalyzer" time="0.001"/>
  <testcase name="testDoublePartialStep" classname="com.facebook.presto.operator.aggregation.TestApproximatePercentileAggregation" time="0.006"/>
  <testcase name="testDoubleSingleStep" classname="com.facebook.presto.operator.aggregation.TestApproximatePercentileAggregation" time="0.003"/>
  <testcase name="testLongPartialStep" classname="com.facebook.presto.operator.aggregation.TestApproximatePercentileAggregation" time="0.004"/>
  <testcase name="testLongSingleStep" classname="com.facebook.presto.operator.aggregation.TestApproximatePercentileAggregation" time="0.002"/>
  <testcase name="smokeTest" classname="com.facebook.presto.benchmark.TestBenchmarks" time="18.027"/>
  <testcase name="testMultipleTuplesWithNull" classname="com.facebook.presto.block.TestBlockBuilder" time="0.001"/>
  <testcase name="testColor" classname="com.facebook.presto.operator.scalar.TestColorFunctions" time="0"/>
  <testcase name="testGetComponent" classname="com.facebook.presto.operator.scalar.TestColorFunctions" time="0"/>
  <testcase name="testInterpolate" classname="com.facebook.presto.operator.scalar.TestColorFunctions" time="0.013"/>
  <testcase name="testParseRgb" classname="com.facebook.presto.operator.scalar.TestColorFunctions" time="0.001"/>
  <testcase name="testRenderDouble" classname="com.facebook.presto.operator.scalar.TestColorFunctions" time="0"/>
  <testcase name="testRenderLong" classname="com.facebook.presto.operator.scalar.TestColorFunctions" time="0.001"/>
  <testcase name="testRenderString" classname="com.facebook.presto.operator.scalar.TestColorFunctions" time="0"/>
  <testcase name="testToRgb" classname="com.facebook.presto.operator.scalar.TestColorFunctions" time="0"/>
  <testcase name="testBetween" classname="com.facebook.presto.operator.scalar.TestConditions" time="0.537"/>
  <testcase name="testIn" classname="com.facebook.presto.operator.scalar.TestConditions" time="0.246"/>
  <testcase name="testInDoesNotShortCircuit" classname="com.facebook.presto.operator.scalar.TestConditions" time="0.01"/>
  <testcase name="testLike" classname="com.facebook.presto.operator.scalar.TestConditions" time="0.296"/>
  <testcase name="testLikeInvalidEscape" classname="com.facebook.presto.operator.scalar.TestConditions" time="0.002"/>
  <testcase name="testSearchCase" classname="com.facebook.presto.operator.scalar.TestConditions" time="0.133"/>
  <testcase name="testSimpleCase" classname="com.facebook.presto.operator.scalar.TestConditions" time="0.147"/>
  <testcase name="testImportEmptySource" classname="com.facebook.presto.metadata.TestDatabaseLocalStorageManager" time="0.013"/>
  <testcase name="testImportFlow" classname="com.facebook.presto.metadata.TestDatabaseLocalStorageManager" time="0.023"/>
  <testcase name="testShardPath" classname="com.facebook.presto.metadata.TestDatabaseLocalStorageManager" time="0"/>
  <testcase name="testDefaults" classname="com.facebook.presto.metadata.TestDatabaseLocalStorageManagerConfig" time="0.114"/>
  <testcase name="testExplicitPropertyMappings" classname="com.facebook.presto.metadata.TestDatabaseLocalStorageManagerConfig" time="0.092"/>
  <testcase name="testValidations" classname="com.facebook.presto.metadata.TestDatabaseLocalStorageManagerConfig" time="0.005"/>
  <testcase name="testPartitionShardCommit" classname="com.facebook.presto.metadata.TestDatabaseShardManager" time="0.02"/>
  <testcase name="testExtraction" classname="com.facebook.presto.util.TestDelimitedRecordIterable" time="0.006"/>
  <testcase name="testSanity" classname="com.facebook.presto.sql.planner.TestDeterminismEvaluator" time="0"/>
  <testcase name="testRoundTrip" classname="com.facebook.presto.serde.TestDictionaryEncodedBlockSerde" time="0.002"/>
  <testcase name="testGetAllNodes" classname="com.facebook.presto.metadata.TestDiscoveryNodeManager" time="0.002"/>
  <testcase name="testGetCurrentNode" classname="com.facebook.presto.metadata.TestDiscoveryNodeManager" time="0.001"/>
  <testcase name="testGetCurrentNodeRequired" classname="com.facebook.presto.metadata.TestDiscoveryNodeManager" time="0.001"/>
  <testcase name="testJson" classname="com.facebook.presto.operator.TestDriverStats" time="0.321"/>
  <testcase name="testAggregation" classname="com.facebook.presto.sql.planner.TestEffectivePredicateExtractor" time="0.001"/>
  <testcase name="testFilter" classname="com.facebook.presto.sql.planner.TestEffectivePredicateExtractor" time="0"/>
  <testcase name="testInnerJoin" classname="com.facebook.presto.sql.planner.TestEffectivePredicateExtractor" time="0.002"/>
  <testcase name="testLeftJoin" classname="com.facebook.presto.sql.planner.TestEffectivePredicateExtractor" time="0.001"/>
  <testcase name="testLimit" classname="com.facebook.presto.sql.planner.TestEffectivePredicateExtractor" time="0"/>
  <testcase name="testProject" classname="com.facebook.presto.sql.planner.TestEffectivePredicateExtractor" time="0.001"/>
  <testcase name="testRightJoin" classname="com.facebook.presto.sql.planner.TestEffectivePredicateExtractor" time="0.002"/>
  <testcase name="testSemiJoin" classname="com.facebook.presto.sql.planner.TestEffectivePredicateExtractor" time="0.001"/>
  <testcase name="testSort" classname="com.facebook.presto.sql.planner.TestEffectivePredicateExtractor" time="0.001"/>
  <testcase name="testTableScan" classname="com.facebook.presto.sql.planner.TestEffectivePredicateExtractor" time="0"/>
  <testcase name="testTopN" classname="com.facebook.presto.sql.planner.TestEffectivePredicateExtractor" time="0"/>
  <testcase name="testUnion" classname="com.facebook.presto.sql.planner.TestEffectivePredicateExtractor" time="0.001"/>
  <testcase name="testWindow" classname="com.facebook.presto.sql.planner.TestEffectivePredicateExtractor" time="0.001"/>
  <testcase name="testConstantEqualities" classname="com.facebook.presto.sql.planner.TestEqualityInference" time="0.001"/>
  <testcase name="testEqualityPartitionGeneration" classname="com.facebook.presto.sql.planner.TestEqualityInference" time="0.003"/>
  <testcase name="testExtractInferrableEqualities" classname="com.facebook.presto.sql.planner.TestEqualityInference" time="0"/>
  <testcase name="testInvalidEqualityExpression1" classname="com.facebook.presto.sql.planner.TestEqualityInference" time="0"/>
  <testcase name="testInvalidEqualityExpression2" classname="com.facebook.presto.sql.planner.TestEqualityInference" time="0"/>
  <testcase name="testInvalidEqualityExpression3" classname="com.facebook.presto.sql.planner.TestEqualityInference" time="0"/>
  <testcase name="testMultipleEqualitySetsPredicateGeneration" classname="com.facebook.presto.sql.planner.TestEqualityInference" time="0.001"/>
  <testcase name="testParseEqualityExpression" classname="com.facebook.presto.sql.planner.TestEqualityInference" time="0.001"/>
  <testcase name="testSubExpressionRewrites" classname="com.facebook.presto.sql.planner.TestEqualityInference" time="0"/>
  <testcase name="testTransitivity" classname="com.facebook.presto.sql.planner.TestEqualityInference" time="0.001"/>
  <testcase name="testTriviallyRewritable" classname="com.facebook.presto.sql.planner.TestEqualityInference" time="0"/>
  <testcase name="testUnrewritable" classname="com.facebook.presto.sql.planner.TestEqualityInference" time="0.001"/>
  <testcase name="testAddLocation" classname="com.facebook.presto.operator.TestExchangeClient" time="0.051"/>
  <testcase name="testBufferLimit" classname="com.facebook.presto.operator.TestExchangeClient" time="0.308"/>
  <testcase name="testClose" classname="com.facebook.presto.operator.TestExchangeClient" time="0.004"/>
  <testcase name="testHappyPath" classname="com.facebook.presto.operator.TestExchangeClient" time="0.002"/>
  <testcase name="testDefaults" classname="com.facebook.presto.operator.TestExchangeClientConfig" time="0.024"/>
  <testcase name="testExplicitPropertyMappings" classname="com.facebook.presto.operator.TestExchangeClientConfig" time="0.005"/>
  <testcase name="testFinish" classname="com.facebook.presto.operator.TestExchangeOperator" time="0.044"/>
  <testcase name="testSimple" classname="com.facebook.presto.operator.TestExchangeOperator" time="0.026"/>
  <testcase name="testWaitForClose" classname="com.facebook.presto.operator.TestExchangeOperator" time="0.053"/>
  <testcase name="testWaitForNoMoreSplits" classname="com.facebook.presto.operator.TestExchangeOperator" time="0.049"/>
  <testcase name="filterFunction" classname="com.facebook.presto.sql.gen.TestExpressionCompiler" time="0.06"/>
  <testcase name="smokeTest" classname="com.facebook.presto.sql.gen.TestExpressionCompiler" time="0.071"/>
  <testcase name="testAnd" classname="com.facebook.presto.sql.gen.TestExpressionCompiler" time="0.075"/>
  <testcase name="testBinaryOperatorsBoolean" classname="com.facebook.presto.sql.gen.TestExpressionCompiler" time="0.285"/>
  <testcase name="testBinaryOperatorsDoubleDouble" classname="com.facebook.presto.sql.gen.TestExpressionCompiler" time="5.231"/>
  <testcase name="testBinaryOperatorsDoubleLong" classname="com.facebook.presto.sql.gen.TestExpressionCompiler" time="5.599"/>
  <testcase name="testBinaryOperatorsLongDouble" classname="com.facebook.presto.sql.gen.TestExpressionCompiler" time="4.382"/>
  <testcase name="testBinaryOperatorsLongLong" classname="com.facebook.presto.sql.gen.TestExpressionCompiler" time="2.349"/>
  <testcase name="testBinaryOperatorsString" classname="com.facebook.presto.sql.gen.TestExpressionCompiler" time="3.097"/>
  <testcase name="testCast" classname="com.facebook.presto.sql.gen.TestExpressionCompiler" time="1.252"/>
  <testcase name="testCoalesce" classname="com.facebook.presto.sql.gen.TestExpressionCompiler" time="0.235"/>
  <testcase name="testExtract" classname="com.facebook.presto.sql.gen.TestExpressionCompiler" time="1.357"/>
  <testcase name="testFunctionCall" classname="com.facebook.presto.sql.gen.TestExpressionCompiler" time="4.074"/>
  <testcase name="testFunctionCallJson" classname="com.facebook.presto.sql.gen.TestExpressionCompiler" time="0.686"/>
  <testcase name="testFunctionCallRegexp" classname="com.facebook.presto.sql.gen.TestExpressionCompiler" time="0.584"/>
  <testcase name="testFunctionWithSessionCall" classname="com.facebook.presto.sql.gen.TestExpressionCompiler" time="0.05"/>
  <testcase name="testHugeIn" classname="com.facebook.presto.sql.gen.TestExpressionCompiler" time="0.434"/>
  <testcase name="testIf" classname="com.facebook.presto.sql.gen.TestExpressionCompiler" time="0.794"/>
  <testcase name="testIn" classname="com.facebook.presto.sql.gen.TestExpressionCompiler" time="0.71"/>
  <testcase name="testLike" classname="com.facebook.presto.sql.gen.TestExpressionCompiler" time="0.249"/>
  <testcase name="testNot" classname="com.facebook.presto.sql.gen.TestExpressionCompiler" time="0.051"/>
  <testcase name="testOr" classname="com.facebook.presto.sql.gen.TestExpressionCompiler" time="0.061"/>
  <testcase name="testSearchCaseMultiple" classname="com.facebook.presto.sql.gen.TestExpressionCompiler" time="5.113"/>
  <testcase name="testSearchCaseSingle" classname="com.facebook.presto.sql.gen.TestExpressionCompiler" time="4.983"/>
  <testcase name="testSimpleCase" classname="com.facebook.presto.sql.gen.TestExpressionCompiler" time="4.233"/>
  <testcase name="testTernaryOperatorsDoubleDouble" classname="com.facebook.presto.sql.gen.TestExpressionCompiler" time="6.02"/>
  <testcase name="testTernaryOperatorsLongDouble" classname="com.facebook.presto.sql.gen.TestExpressionCompiler" time="3.958"/>
  <testcase name="testTernaryOperatorsLongLong" classname="com.facebook.presto.sql.gen.TestExpressionCompiler" time="1.861"/>
  <testcase name="testTernaryOperatorsString" classname="com.facebook.presto.sql.gen.TestExpressionCompiler" time="1.518"/>
  <testcase name="testUnaryOperators" classname="com.facebook.presto.sql.gen.TestExpressionCompiler" time="0.636"/>
  <testcase name="testAnd" classname="com.facebook.presto.sql.TestExpressionInterpreter" time="0.003"/>
  <testcase name="testBetween" classname="com.facebook.presto.sql.TestExpressionInterpreter" time="0.004"/>
  <testcase name="testCastOptimization" classname="com.facebook.presto.sql.TestExpressionInterpreter" time="0.001"/>
  <testcase name="testCastToBoolean" classname="com.facebook.presto.sql.TestExpressionInterpreter" time="0.002"/>
  <testcase name="testCastToDouble" classname="com.facebook.presto.sql.TestExpressionInterpreter" time="0.003"/>
  <testcase name="testCastToLong" classname="com.facebook.presto.sql.TestExpressionInterpreter" time="0.002"/>
  <testcase name="testCastToString" classname="com.facebook.presto.sql.TestExpressionInterpreter" time="0.002"/>
  <testcase name="testComparison" classname="com.facebook.presto.sql.TestExpressionInterpreter" time="0.002"/>
  <testcase name="testCurrentTimestamp" classname="com.facebook.presto.sql.TestExpressionInterpreter" time="0.001"/>
  <testcase name="testDateLiteral" classname="com.facebook.presto.sql.TestExpressionInterpreter" time="0.002"/>
  <testcase name="testExtract" classname="com.facebook.presto.sql.TestExpressionInterpreter" time="0.007"/>
  <testcase name="testFailedExpressionOptimization" classname="com.facebook.presto.sql.TestExpressionInterpreter" time="0.008"/>
  <testcase name="testFunctionCall" classname="com.facebook.presto.sql.TestExpressionInterpreter" time="0.003"/>
  <testcase name="testIf" classname="com.facebook.presto.sql.TestExpressionInterpreter" time="0.004"/>
  <testcase name="testIn" classname="com.facebook.presto.sql.TestExpressionInterpreter" time="0.008"/>
  <testcase name="testIntervalLiteral" classname="com.facebook.presto.sql.TestExpressionInterpreter" time="0.008"/>
  <testcase name="testIntervalMath" classname="com.facebook.presto.sql.TestExpressionInterpreter" time="0.003"/>
  <testcase name="testIsDistinctFrom" classname="com.facebook.presto.sql.TestExpressionInterpreter" time="0.001"/>
  <testcase name="testLike" classname="com.facebook.presto.sql.TestExpressionInterpreter" time="0.02"/>
  <testcase name="testLikeInvalidUtf8" classname="com.facebook.presto.sql.TestExpressionInterpreter" time="0.011"/>
  <testcase name="testLikeOptimization" classname="com.facebook.presto.sql.TestExpressionInterpreter" time="0.003"/>
  <testcase name="testNonDeterministicFunctionCall" classname="com.facebook.presto.sql.TestExpressionInterpreter" time="0.001"/>
  <testcase name="testOptimizeConstantIfDivideByZero" classname="com.facebook.presto.sql.TestExpressionInterpreter" time="0.001"/>
  <testcase name="testOptimizeConstantSearchedCaseDivideByZero" classname="com.facebook.presto.sql.TestExpressionInterpreter" time="0.001"/>
  <testcase name="testOptimizeDivideByZero" classname="com.facebook.presto.sql.TestExpressionInterpreter" time="0"/>
  <testcase name="testOr" classname="com.facebook.presto.sql.TestExpressionInterpreter" time="0.003"/>
  <testcase name="testReservedWithDoubleQuotes" classname="com.facebook.presto.sql.TestExpressionInterpreter" time="0"/>
  <testcase name="testSearchCase" classname="com.facebook.presto.sql.TestExpressionInterpreter" time="0.004"/>
  <testcase name="testSimpleCase" classname="com.facebook.presto.sql.TestExpressionInterpreter" time="0.004"/>
  <testcase name="testTimeLiteral" classname="com.facebook.presto.sql.TestExpressionInterpreter" time="0.022"/>
  <testcase name="testTimestampLiteral" classname="com.facebook.presto.sql.TestExpressionInterpreter" time="0.013"/>
  <testcase name="testDefaults" classname="com.facebook.presto.server.TestFailureDetectorConfig" time="0.049"/>
  <testcase name="testExplicitPropertyMappings" classname="com.facebook.presto.server.TestFailureDetectorConfig" time="0.011"/>
  <testcase name="testSanity" classname="com.facebook.presto.concurrent.TestFairBatchExecutor" time="0.007"/>
  <testcase name="testRoundTrip" classname="com.facebook.presto.serde.TestFileBlocksSerde" time="0.005"/>
  <testcase name="testAlignment" classname="com.facebook.presto.operator.TestFilterAndProjectOperator" time="0.001"/>
  <testcase name="testHashAggregation" classname="com.facebook.presto.operator.TestHashAggregationOperator" time="0.003"/>
  <testcase name="testMemoryLimit" classname="com.facebook.presto.operator.TestHashAggregationOperator" time="0.002"/>
  <testcase name="testMultiSliceAggregationOutput" classname="com.facebook.presto.operator.TestHashAggregationOperator" time="0.03"/>
  <testcase name="testInnerJoin" classname="com.facebook.presto.operator.TestHashJoinOperator" time="0.004"/>
  <testcase name="testInnerJoinWithNullBuild" classname="com.facebook.presto.operator.TestHashJoinOperator" time="0.001"/>
  <testcase name="testInnerJoinWithNullOnBothSides" classname="com.facebook.presto.operator.TestHashJoinOperator" time="0.002"/>
  <testcase name="testInnerJoinWithNullProbe" classname="com.facebook.presto.operator.TestHashJoinOperator" time="0.002"/>
  <testcase name="testMemoryLimit" classname="com.facebook.presto.operator.TestHashJoinOperator" time="0.009"/>
  <testcase name="testOuterJoinWithNullBuild" classname="com.facebook.presto.operator.TestHashJoinOperator" time="0.001"/>
  <testcase name="testOuterJoinWithNullOnBothSides" classname="com.facebook.presto.operator.TestHashJoinOperator" time="0.001"/>
  <testcase name="testOuterJoinWithNullProbe" classname="com.facebook.presto.operator.TestHashJoinOperator" time="0.001"/>
  <testcase name="testProbeOuterJoin" classname="com.facebook.presto.operator.TestHashJoinOperator" time="0.002"/>
  <testcase name="testBuildSideNulls" classname="com.facebook.presto.operator.TestHashSemiJoinOperator" time="0.001"/>
  <testcase name="testMemoryLimit" classname="com.facebook.presto.operator.TestHashSemiJoinOperator" time="0.001"/>
  <testcase name="testProbeAndBuildNulls" classname="com.facebook.presto.operator.TestHashSemiJoinOperator" time="0"/>
  <testcase name="testProbeSideNulls" classname="com.facebook.presto.operator.TestHashSemiJoinOperator" time="0.001"/>
  <testcase name="testSemiJoin" classname="com.facebook.presto.operator.TestHashSemiJoinOperator" time="0.001"/>
  <testcase name="testExcludesCurrentNode" classname="com.facebook.presto.failureDetector.TestHeartbeatFailureDetector" time="1.208"/>
  <testcase name="testCloseDuringPendingRequest" classname="com.facebook.presto.operator.TestHttpPageBufferClient" time="0.004"/>
  <testcase name="testExceptionFromResponseHandler" classname="com.facebook.presto.operator.TestHttpPageBufferClient" time="0.002"/>
  <testcase name="testHappyPath" classname="com.facebook.presto.operator.TestHttpPageBufferClient" time="0.018"/>
  <testcase name="testInvalidResponses" classname="com.facebook.presto.operator.TestHttpPageBufferClient" time="0.004"/>
  <testcase name="testLifecycle" classname="com.facebook.presto.operator.TestHttpPageBufferClient" time="0.001"/>
  <testcase name="testSerialization" classname="com.facebook.presto.split.TestInternalSplit" time="0.028"/>
  <testcase name="testAndExpression" classname="com.facebook.presto.sql.planner.TestInterpretedFilterFunction" time="0.001"/>
  <testcase name="testBooleanLiteral" classname="com.facebook.presto.sql.planner.TestInterpretedFilterFunction" time="0"/>
  <testcase name="testComparisonExpression" classname="com.facebook.presto.sql.planner.TestInterpretedFilterFunction" time="0.007"/>
  <testcase name="testComparisonExpressionWithNulls" classname="com.facebook.presto.sql.planner.TestInterpretedFilterFunction" time="0.003"/>
  <testcase name="testIsNotNullExpression" classname="com.facebook.presto.sql.planner.TestInterpretedFilterFunction" time="0"/>
  <testcase name="testIsNullExpression" classname="com.facebook.presto.sql.planner.TestInterpretedFilterFunction" time="0.001"/>
  <testcase name="testNotExpression" classname="com.facebook.presto.sql.planner.TestInterpretedFilterFunction" time="0.001"/>
  <testcase name="testNullLiteral" classname="com.facebook.presto.sql.planner.TestInterpretedFilterFunction" time="0"/>
  <testcase name="testORExpression" classname="com.facebook.presto.sql.planner.TestInterpretedFilterFunction" time="0.001"/>
  <testcase name="testArithmeticExpression" classname="com.facebook.presto.sql.planner.TestInterpretedProjectionFunction" time="0.003"/>
  <testcase name="testArithmeticExpressionWithNulls" classname="com.facebook.presto.sql.planner.TestInterpretedProjectionFunction" time="0.003"/>
  <testcase name="testBooleanExpression" classname="com.facebook.presto.sql.planner.TestInterpretedProjectionFunction" time="0.001"/>
  <testcase name="testCoalesceExpression" classname="com.facebook.presto.sql.planner.TestInterpretedProjectionFunction" time="0.003"/>
  <testcase name="testNullIf" classname="com.facebook.presto.sql.planner.TestInterpretedProjectionFunction" time="0.003"/>
  <testcase name="testSymbolReference" classname="com.facebook.presto.sql.planner.TestInterpretedProjectionFunction" time="0.002"/>
  <testcase name="testArrayElementJsonExtractor" classname="com.facebook.presto.operator.scalar.TestJsonExtract" time="0.001"/>
  <testcase name="testFullJsonExtract" classname="com.facebook.presto.operator.scalar.TestJsonExtract" time="0.002"/>
  <testcase name="testFullScalarExtract" classname="com.facebook.presto.operator.scalar.TestJsonExtract" time="0.001"/>
  <testcase name="testInvalidJsonPath1" classname="com.facebook.presto.operator.scalar.TestJsonExtract" time="0.001"/>
  <testcase name="testInvalidJsonPath2" classname="com.facebook.presto.operator.scalar.TestJsonExtract" time="0.001"/>
  <testcase name="testInvalidJsonPath3" classname="com.facebook.presto.operator.scalar.TestJsonExtract" time="0"/>
  <testcase name="testJsonVaueJsonExtractor" classname="com.facebook.presto.operator.scalar.TestJsonExtract" time="0"/>
  <testcase name="testObjectFieldJsonExtractor" classname="com.facebook.presto.operator.scalar.TestJsonExtract" time="0"/>
  <testcase name="testScalarVaueJsonExtractor" classname="com.facebook.presto.operator.scalar.TestJsonExtract" time="0.001"/>
  <testcase name="testJsonArrayContainsBoolean" classname="com.facebook.presto.operator.scalar.TestJsonFunctions" time="0.267"/>
  <testcase name="testJsonArrayContainsDouble" classname="com.facebook.presto.operator.scalar.TestJsonFunctions" time="0.184"/>
  <testcase name="testJsonArrayContainsInvalid" classname="com.facebook.presto.operator.scalar.TestJsonFunctions" time="0.417"/>
  <testcase name="testJsonArrayContainsLong" classname="com.facebook.presto.operator.scalar.TestJsonFunctions" time="0.159"/>
  <testcase name="testJsonArrayContainsString" classname="com.facebook.presto.operator.scalar.TestJsonFunctions" time="0.14"/>
  <testcase name="testJsonArrayLength" classname="com.facebook.presto.operator.scalar.TestJsonFunctions" time="0.083"/>
  <testcase name="testDualDeserialize" classname="com.facebook.presto.metadata.TestJsonTableHandle" time="0.004"/>
  <testcase name="testDualSerialize" classname="com.facebook.presto.metadata.TestJsonTableHandle" time="0.004"/>
  <testcase name="testInformationSchemaDeserialize" classname="com.facebook.presto.metadata.TestJsonTableHandle" time="0.002"/>
  <testcase name="testInformationSchemaSerialize" classname="com.facebook.presto.metadata.TestJsonTableHandle" time="0.003"/>
  <testcase name="testNativeDeserialize" classname="com.facebook.presto.metadata.TestJsonTableHandle" time="0.004"/>
  <testcase name="testNativeSerialize" classname="com.facebook.presto.metadata.TestJsonTableHandle" time="0.003"/>
  <testcase name="testSystemDeserialize" classname="com.facebook.presto.metadata.TestJsonTableHandle" time="0.002"/>
  <testcase name="testSystemSerialize" classname="com.facebook.presto.metadata.TestJsonTableHandle" time="0.002"/>
  <testcase name="testTpchDeserialize" classname="com.facebook.presto.metadata.TestJsonTableHandle" time="0.001"/>
  <testcase name="testTpchSerialize" classname="com.facebook.presto.metadata.TestJsonTableHandle" time="0.002"/>
  <testcase name="testAlternateEscapedCharacters" classname="com.facebook.presto.sql.TestLikeUtils" time="0"/>
  <testcase name="testBackslashesNoSpecialTreatment" classname="com.facebook.presto.sql.TestLikeUtils" time="0.001"/>
  <testcase name="testLikeInvalidUtf8Value" classname="com.facebook.presto.sql.TestLikeUtils" time="0.001"/>
  <testcase name="testLikeUtf8Pattern" classname="com.facebook.presto.sql.TestLikeUtils" time="0.002"/>
  <testcase name="testSelfEscaping" classname="com.facebook.presto.sql.TestLikeUtils" time="0"/>
  <testcase name="testLimitWithBlockView" classname="com.facebook.presto.operator.TestLimitOperator" time="0"/>
  <testcase name="testLimitWithPageAlignment" classname="com.facebook.presto.operator.TestLimitOperator" time="0"/>
  <testcase name="testAbs" classname="com.facebook.presto.operator.scalar.TestMathFunctions" time="0.176"/>
  <testcase name="testAcos" classname="com.facebook.presto.operator.scalar.TestMathFunctions" time="0.087"/>
  <testcase name="testAsin" classname="com.facebook.presto.operator.scalar.TestMathFunctions" time="0.081"/>
  <testcase name="testAtan" classname="com.facebook.presto.operator.scalar.TestMathFunctions" time="0.081"/>
  <testcase name="testAtan2" classname="com.facebook.presto.operator.scalar.TestMathFunctions" time="0.082"/>
  <testcase name="testCbrt" classname="com.facebook.presto.operator.scalar.TestMathFunctions" time="0.08"/>
  <testcase name="testCeil" classname="com.facebook.presto.operator.scalar.TestMathFunctions" time="0.254"/>
  <testcase name="testCos" classname="com.facebook.presto.operator.scalar.TestMathFunctions" time="0.078"/>
  <testcase name="testCosh" classname="com.facebook.presto.operator.scalar.TestMathFunctions" time="0.078"/>
  <testcase name="testE" classname="com.facebook.presto.operator.scalar.TestMathFunctions" time="0.02"/>
  <testcase name="testExp" classname="com.facebook.presto.operator.scalar.TestMathFunctions" time="0.079"/>
  <testcase name="testFloor" classname="com.facebook.presto.operator.scalar.TestMathFunctions" time="0.117"/>
  <testcase name="testInfinity" classname="com.facebook.presto.operator.scalar.TestMathFunctions" time="0.04"/>
  <testcase name="testIsFinite" classname="com.facebook.presto.operator.scalar.TestMathFunctions" time="0.041"/>
  <testcase name="testIsInfinite" classname="com.facebook.presto.operator.scalar.TestMathFunctions" time="0.06"/>
  <testcase name="testIsNaN" classname="com.facebook.presto.operator.scalar.TestMathFunctions" time="0.079"/>
  <testcase name="testLn" classname="com.facebook.presto.operator.scalar.TestMathFunctions" time="0.097"/>
  <testcase name="testLog" classname="com.facebook.presto.operator.scalar.TestMathFunctions" time="0.321"/>
  <testcase name="testLog10" classname="com.facebook.presto.operator.scalar.TestMathFunctions" time="0.079"/>
  <testcase name="testLog2" classname="com.facebook.presto.operator.scalar.TestMathFunctions" time="0.08"/>
  <testcase name="testMod" classname="com.facebook.presto.operator.scalar.TestMathFunctions" time="2.22"/>
  <testcase name="testNaN" classname="com.facebook.presto.operator.scalar.TestMathFunctions" time="0.039"/>
  <testcase name="testPi" classname="com.facebook.presto.operator.scalar.TestMathFunctions" time="0.02"/>
  <testcase name="testPow" classname="com.facebook.presto.operator.scalar.TestMathFunctions" time="2.352"/>
  <testcase name="testRandom" classname="com.facebook.presto.operator.scalar.TestMathFunctions" time="0.042"/>
  <testcase name="testRound" classname="com.facebook.presto.operator.scalar.TestMathFunctions" time="0.842"/>
  <testcase name="testSin" classname="com.facebook.presto.operator.scalar.TestMathFunctions" time="0.096"/>
  <testcase name="testSqrt" classname="com.facebook.presto.operator.scalar.TestMathFunctions" time="0.089"/>
  <testcase name="testTan" classname="com.facebook.presto.operator.scalar.TestMathFunctions" time="0.063"/>
  <testcase name="testTanh" classname="com.facebook.presto.operator.scalar.TestMathFunctions" time="0.063"/>
  <testcase name="testCreateTable" classname="com.facebook.presto.metadata.TestNativeMetadata" time="0.005"/>
  <testcase name="testListTableColumns" classname="com.facebook.presto.metadata.TestNativeMetadata" time="0.004"/>
  <testcase name="testListTableColumnsFiltering" classname="com.facebook.presto.metadata.TestNativeMetadata" time="0.005"/>
  <testcase name="testListTables" classname="com.facebook.presto.metadata.TestNativeMetadata" time="0.003"/>
  <testcase name="testNoPruneUnknown" classname="com.facebook.presto.split.TestNativeSplitManager" time="0.01"/>
  <testcase name="testNoPruning" classname="com.facebook.presto.split.TestNativeSplitManager" time="0.01"/>
  <testcase name="testPruneMatch" classname="com.facebook.presto.split.TestNativeSplitManager" time="0.011"/>
  <testcase name="testPruneNoMatch" classname="com.facebook.presto.split.TestNativeSplitManager" time="0.008"/>
  <testcase name="testAdd" classname="com.facebook.presto.operator.TestOperatorStats" time="0"/>
  <testcase name="testJson" classname="com.facebook.presto.operator.TestOperatorStats" time="0.001"/>
  <testcase name="testMemoryLimit" classname="com.facebook.presto.operator.TestOrderByOperator" time="0.001"/>
  <testcase name="testMultiFieldKey" classname="com.facebook.presto.operator.TestOrderByOperator" time="0.001"/>
  <testcase name="testReverseOrder" classname="com.facebook.presto.operator.TestOrderByOperator" time="0.001"/>
  <testcase name="testSingleFieldKey" classname="com.facebook.presto.operator.TestOrderByOperator" time="0.001"/>
  <testcase name="testAligned" classname="com.facebook.presto.block.dictionary.TestPackedLongSerde" time="0.002"/>
  <testcase name="testEmpty" classname="com.facebook.presto.block.dictionary.TestPackedLongSerde" time="0"/>
  <testcase name="testFullLong" classname="com.facebook.presto.block.dictionary.TestPackedLongSerde" time="0"/>
  <testcase name="testLowDensity" classname="com.facebook.presto.block.dictionary.TestPackedLongSerde" time="0"/>
  <testcase name="testUnaligned" classname="com.facebook.presto.block.dictionary.TestPackedLongSerde" time="0"/>
  <testcase name="testRoundTrip" classname="com.facebook.presto.serde.TestPagesSerde" time="0"/>
  <testcase name="testJobCreation" classname="com.facebook.presto.importer.TestPeriodicImportDao" time="0.009"/>
  <testcase name="testJobDeletion" classname="com.facebook.presto.importer.TestPeriodicImportDao" time="0.005"/>
  <testcase name="testRunCreation" classname="com.facebook.presto.importer.TestPeriodicImportDao" time="0.016"/>
  <testcase name="testRunMultistart" classname="com.facebook.presto.importer.TestPeriodicImportDao" time="0.016"/>
  <testcase name="testTableCreation" classname="com.facebook.presto.importer.TestPeriodicImportDao" time="0.003"/>
  <testcase name="testJson" classname="com.facebook.presto.operator.TestPipelineStats" time="0.02"/>
  <testcase name="testBadTable" classname="com.facebook.presto.metadata.TestQualifiedTablePrefix" time="0"/>
  <testcase name="testCatalog" classname="com.facebook.presto.metadata.TestQualifiedTablePrefix" time="0"/>
  <testcase name="testSchema" classname="com.facebook.presto.metadata.TestQualifiedTablePrefix" time="0"/>
  <testcase name="testTable" classname="com.facebook.presto.metadata.TestQualifiedTablePrefix" time="0"/>
  <testcase name="testCreateNextQueryId" classname="com.facebook.presto.execution.TestQueryIdGenerator" time="1.998"/>
  <testcase name="testDefaults" classname="com.facebook.presto.execution.TestQueryManagerConfig" time="0.023"/>
  <testcase name="testExplicitPropertyMappings" classname="com.facebook.presto.execution.TestQueryManagerConfig" time="0.005"/>
  <testcase name="testJson" classname="com.facebook.presto.execution.TestQueryStats" time="0.025"/>
  <testcase name="testFinish" classname="com.facebook.presto.operator.TestRecordProjectOperator" time="0.076"/>
  <testcase name="testMultiColumn" classname="com.facebook.presto.operator.TestRecordProjectOperator" time="0.001"/>
  <testcase name="testSingleColumn" classname="com.facebook.presto.operator.TestRecordProjectOperator" time="0"/>
  <testcase name="testRegexpExtract" classname="com.facebook.presto.operator.scalar.TestRegexpFunctions" time="0.044"/>
  <testcase name="testRegexpLike" classname="com.facebook.presto.operator.scalar.TestRegexpFunctions" time="0.142"/>
  <testcase name="testRegexpReplace" classname="com.facebook.presto.operator.scalar.TestRegexpFunctions" time="0.071"/>
  <testcase name="testCreateBlockWriter" classname="com.facebook.presto.serde.TestRunLengthEncodedBlockSerde" time="0"/>
  <testcase name="testRoundTrip" classname="com.facebook.presto.serde.TestRunLengthEncodedBlockSerde" time="0"/>
  <testcase name="testDefaults" classname="com.facebook.presto.metadata.TestShardCleanerConfig" time="0.016"/>
  <testcase name="testExplicitPropertyMappings" classname="com.facebook.presto.metadata.TestShardCleanerConfig" time="0.003"/>
  <testcase name="testNodeInsert" classname="com.facebook.presto.metadata.TestShardManagerDao" time="0.001"/>
  <testcase name="testPartitionKey" classname="com.facebook.presto.metadata.TestShardManagerDao" time="0.002"/>
  <testcase name="testShardSelection" classname="com.facebook.presto.metadata.TestShardManagerDao" time="0.007"/>
  <testcase name="testTableCreation" classname="com.facebook.presto.metadata.TestShardManagerDao" time="0"/>
  <testcase name="testAbort" classname="com.facebook.presto.execution.TestSharedBuffer" time="0.004"/>
  <testcase name="testAbortFreesReader" classname="com.facebook.presto.execution.TestSharedBuffer" time="0.205"/>
  <testcase name="testAddQueueAfterDestroy" classname="com.facebook.presto.execution.TestSharedBuffer" time="0.001"/>
  <testcase name="testAddQueueAfterNoMoreQueues" classname="com.facebook.presto.execution.TestSharedBuffer" time="0"/>
  <testcase name="testAddStateMachine" classname="com.facebook.presto.execution.TestSharedBuffer" time="0"/>
  <testcase name="testDestroyFreesReader" classname="com.facebook.presto.execution.TestSharedBuffer" time="0.205"/>
  <testcase name="testDestroyFreesWriter" classname="com.facebook.presto.execution.TestSharedBuffer" time="0.206"/>
  <testcase name="testDuplicateRequests" classname="com.facebook.presto.execution.TestSharedBuffer" time="0.001"/>
  <testcase name="testFinishClosesEmptyQueues" classname="com.facebook.presto.execution.TestSharedBuffer" time="0"/>
  <testcase name="testFinishFreesReader" classname="com.facebook.presto.execution.TestSharedBuffer" time="0.205"/>
  <testcase name="testFinishFreesWriter" classname="com.facebook.presto.execution.TestSharedBuffer" time="0.206"/>
  <testcase name="testInvalidConstructorArg" classname="com.facebook.presto.execution.TestSharedBuffer" time="0"/>
  <testcase name="testOperationsOnUnknownQueues" classname="com.facebook.presto.execution.TestSharedBuffer" time="0"/>
  <testcase name="testSimple" classname="com.facebook.presto.execution.TestSharedBuffer" time="0.002"/>
  <testcase name="testLotsOfStuff" classname="com.facebook.presto.serde.TestSnappyBlockSerde" time="0.014"/>
  <testcase name="testRoundTrip" classname="com.facebook.presto.serde.TestSnappyBlockSerde" time="0.001"/>
  <testcase name="testYieldCausesFullSchedule" classname="com.facebook.presto.execution.TestSqlStageExecution" time="0.283"/>
  <testcase name="testAbort" classname="com.facebook.presto.execution.TestSqlTaskManager" time="0.01"/>
  <testcase name="testCancel" classname="com.facebook.presto.execution.TestSqlTaskManager" time="0.003"/>
  <testcase name="testEmptyQuery" classname="com.facebook.presto.execution.TestSqlTaskManager" time="0.004"/>
  <testcase name="testRemoveOldTasks" classname="com.facebook.presto.execution.TestSqlTaskManager" time="0.105"/>
  <testcase name="testSimpleQuery" classname="com.facebook.presto.execution.TestSqlTaskManager" time="1.006"/>
  <testcase name="testJson" classname="com.facebook.presto.execution.TestStageStats" time="0.012"/>
  <testcase name="testChr" classname="com.facebook.presto.operator.scalar.TestStringFunctions" time="0.074"/>
  <testcase name="testConcat" classname="com.facebook.presto.operator.scalar.TestStringFunctions" time="0.166"/>
  <testcase name="testLeftTrim" classname="com.facebook.presto.operator.scalar.TestStringFunctions" time="0.105"/>
  <testcase name="testLength" classname="com.facebook.presto.operator.scalar.TestStringFunctions" time="0.051"/>
  <testcase name="testLower" classname="com.facebook.presto.operator.scalar.TestStringFunctions" time="0.055"/>
  <testcase name="testReplace" classname="com.facebook.presto.operator.scalar.TestStringFunctions" time="0.207"/>
  <testcase name="testReverse" classname="com.facebook.presto.operator.scalar.TestStringFunctions" time="0.068"/>
  <testcase name="testRightTrim" classname="com.facebook.presto.operator.scalar.TestStringFunctions" time="0.102"/>
  <testcase name="testSplitPart" classname="com.facebook.presto.operator.scalar.TestStringFunctions" time="0.528"/>
  <testcase name="testSplitPartInvalid" classname="com.facebook.presto.operator.scalar.TestStringFunctions" time="0.003"/>
  <testcase name="testStringPosition" classname="com.facebook.presto.operator.scalar.TestStringFunctions" time="0.136"/>
  <testcase name="testSubstring" classname="com.facebook.presto.operator.scalar.TestStringFunctions" time="0.36"/>
  <testcase name="testTrim" classname="com.facebook.presto.operator.scalar.TestStringFunctions" time="0.103"/>
  <testcase name="testUpper" classname="com.facebook.presto.operator.scalar.TestStringFunctions" time="0.052"/>
  <testcase name="testDefaults" classname="com.facebook.presto.execution.TestTaskManagerConfig" time="0.022"/>
  <testcase name="testExplicitPropertyMappings" classname="com.facebook.presto.execution.TestTaskManagerConfig" time="0.008"/>
  <testcase name="testJson" classname="com.facebook.presto.operator.TestTaskStats" time="0.024"/>
  <testcase name="testDisallowsNulls" classname="com.facebook.presto.util.TestThreadLocalCache" time="0"/>
  <testcase name="testSanity" classname="com.facebook.presto.util.TestThreadLocalCache" time="0.001"/>
  <testcase name="testMultiFieldKey" classname="com.facebook.presto.operator.TestTopNOperator" time="0.001"/>
  <testcase name="testReverseOrder" classname="com.facebook.presto.operator.TestTopNOperator" time="0.001"/>
  <testcase name="testSingleFieldKey" classname="com.facebook.presto.operator.TestTopNOperator" time="0"/>
  <testcase name="testAppendWithNull" classname="com.facebook.presto.tuple.TestTupleInfo" time="0"/>
  <testcase name="testMixed" classname="com.facebook.presto.tuple.TestTupleInfo" time="0"/>
  <testcase name="testMultipleFixedLength" classname="com.facebook.presto.tuple.TestTupleInfo" time="0.001"/>
  <testcase name="testMultipleVariableLength" classname="com.facebook.presto.tuple.TestTupleInfo" time="0"/>
  <testcase name="testOnlySingleBooleanMemoryLayout" classname="com.facebook.presto.tuple.TestTupleInfo" time="0"/>
  <testcase name="testOnlySingleDoubleMemoryLayout" classname="com.facebook.presto.tuple.TestTupleInfo" time="0"/>
  <testcase name="testOnlySingleLongMemoryLayout" classname="com.facebook.presto.tuple.TestTupleInfo" time="0"/>
  <testcase name="testSetNonNullAtNonZeroOffset" classname="com.facebook.presto.tuple.TestTupleInfo" time="0.001"/>
  <testcase name="testSetNullAtNonZeroOffset" classname="com.facebook.presto.tuple.TestTupleInfo" time="0"/>
  <testcase name="testSingleBooleanLength" classname="com.facebook.presto.tuple.TestTupleInfo" time="0"/>
  <testcase name="testSingleBooleanLengthNull" classname="com.facebook.presto.tuple.TestTupleInfo" time="0"/>
  <testcase name="testSingleBooleanLengthNullMemoryLayout" classname="com.facebook.presto.tuple.TestTupleInfo" time="0"/>
  <testcase name="testSingleDoubleLength" classname="com.facebook.presto.tuple.TestTupleInfo" time="0"/>
  <testcase name="testSingleDoubleLengthNull" classname="com.facebook.presto.tuple.TestTupleInfo" time="0"/>
  <testcase name="testSingleDoubleLengthNullMemoryLayout" classname="com.facebook.presto.tuple.TestTupleInfo" time="0"/>
  <testcase name="testSingleLongLength" classname="com.facebook.presto.tuple.TestTupleInfo" time="0"/>
  <testcase name="testSingleLongLengthNull" classname="com.facebook.presto.tuple.TestTupleInfo" time="0"/>
  <testcase name="testSingleLongLengthNullMemoryLayout" classname="com.facebook.presto.tuple.TestTupleInfo" time="0"/>
  <testcase name="testSingleVariableLength" classname="com.facebook.presto.tuple.TestTupleInfo" time="0"/>
  <testcase name="testSingleVariableLengthMemoryLayout" classname="com.facebook.presto.tuple.TestTupleInfo" time="0"/>
  <testcase name="testSingleVariableLengthNull" classname="com.facebook.presto.tuple.TestTupleInfo" time="0"/>
  <testcase name="testSingleVariableLengthNullMemoryLayout" classname="com.facebook.presto.tuple.TestTupleInfo" time="0"/>
  <testcase name="testRoundTrip" classname="com.facebook.presto.serde.TestTupleInfoSerde" time="0"/>
  <testcase name="testCreateBlockWriter" classname="com.facebook.presto.serde.TestUncompressedBlockSerde" time="0"/>
  <testcase name="testRoundTrip" classname="com.facebook.presto.serde.TestUncompressedBlockSerde" time="0"/>
  <testcase name="testCurrentTime" classname="com.facebook.presto.operator.scalar.TestUnixTimeFunctions" time="0.036"/>
  <testcase name="testDateAdd" classname="com.facebook.presto.operator.scalar.TestUnixTimeFunctions" time="0.158"/>
  <testcase name="testDateDiff" classname="com.facebook.presto.operator.scalar.TestUnixTimeFunctions" time="0.171"/>
  <testcase name="testDateFormat" classname="com.facebook.presto.operator.scalar.TestUnixTimeFunctions" time="0.532"/>
  <testcase name="testDateParse" classname="com.facebook.presto.operator.scalar.TestUnixTimeFunctions" time="0.175"/>
  <testcase name="testExtract" classname="com.facebook.presto.operator.scalar.TestUnixTimeFunctions" time="0.255"/>
  <testcase name="testFormatDatetime" classname="com.facebook.presto.operator.scalar.TestUnixTimeFunctions" time="0.036"/>
  <testcase name="testFromUnixTime" classname="com.facebook.presto.operator.scalar.TestUnixTimeFunctions" time="0.035"/>
  <testcase name="testParseDatetime" classname="com.facebook.presto.operator.scalar.TestUnixTimeFunctions" time="0.054"/>
  <testcase name="testPartFunctions" classname="com.facebook.presto.operator.scalar.TestUnixTimeFunctions" time="0.259"/>
  <testcase name="testToUnixTime" classname="com.facebook.presto.operator.scalar.TestUnixTimeFunctions" time="0.018"/>
  <testcase name="testUrlExtract" classname="com.facebook.presto.operator.scalar.TestUrlFunctions" time="0.982"/>
  <testcase name="testUrlExtractParameter" classname="com.facebook.presto.operator.scalar.TestUrlFunctions" time="0.16"/>
  <testcase name="testCumulativeDistribution" classname="com.facebook.presto.operator.window.TestWindowFunctions" time="0.409"/>
  <testcase name="testDenseRank" classname="com.facebook.presto.operator.window.TestWindowFunctions" time="0.084"/>
  <testcase name="testPercentRank" classname="com.facebook.presto.operator.window.TestWindowFunctions" time="0.35"/>
  <testcase name="testRank" classname="com.facebook.presto.operator.window.TestWindowFunctions" time="0.082"/>
  <testcase name="testRowNumber" classname="com.facebook.presto.operator.window.TestWindowFunctions" time="0.163"/>
  <testcase name="testRowNumberPartitioning" classname="com.facebook.presto.operator.window.TestWindowFunctions" time="0.166"/>
  <testcase name="testMemoryLimit" classname="com.facebook.presto.operator.TestWindowOperator" time="0.001"/>
  <testcase name="testRowNumber" classname="com.facebook.presto.operator.TestWindowOperator" time="0.001"/>
  <testcase name="testRowNumberArbitrary" classname="com.facebook.presto.operator.TestWindowOperator" time="0"/>
  <testcase name="testRowNumberPartition" classname="com.facebook.presto.operator.TestWindowOperator" time="0.001"/>
</testsuite>