<?xml version="1.0" encoding="UTF-8"?>
<!-- Generated by org.testng.reporters.JUnitReportReporter -->
<testsuite hostname="dlnode13" name="com.facebook.presto.sql.TestLikeUtils" tests="5" failures="0" timestamp="7 May 2014 07:00:32 GMT" time="0.003" errors="0">
  <testcase name="testBackslashesNoSpecialTreatment" time="0.001" classname="com.facebook.presto.sql.TestLikeUtils"/>
  <testcase name="testSelfEscaping" time="0.000" classname="com.facebook.presto.sql.TestLikeUtils"/>
  <testcase name="testLikeInvalidUtf8Value" time="0.000" classname="com.facebook.presto.sql.TestLikeUtils"/>
  <testcase name="testAlternateEscapedCharacters" time="0.000" classname="com.facebook.presto.sql.TestLikeUtils"/>
  <testcase name="testLikeUtf8Pattern" time="0.002" classname="com.facebook.presto.sql.TestLikeUtils"/>
</testsuite> <!-- com.facebook.presto.sql.TestLikeUtils -->
