<?xml version="1.0" encoding="UTF-8"?>
<!-- Generated by org.testng.reporters.JUnitReportReporter -->
<testsuite hostname="dlnode13" name="com.facebook.presto.operator.scalar.TestColorFunctions" tests="8" failures="0" timestamp="7 May 2014 07:00:32 GMT" time="0.014" errors="0">
  <testcase name="testRenderDouble" time="0.000" classname="com.facebook.presto.operator.scalar.TestColorFunctions"/>
  <testcase name="testToRgb" time="0.000" classname="com.facebook.presto.operator.scalar.TestColorFunctions"/>
  <testcase name="testColor" time="0.000" classname="com.facebook.presto.operator.scalar.TestColorFunctions"/>
  <testcase name="testParseRgb" time="0.001" classname="com.facebook.presto.operator.scalar.TestColorFunctions"/>
  <testcase name="testRenderLong" time="0.000" classname="com.facebook.presto.operator.scalar.TestColorFunctions"/>
  <testcase name="testRenderString" time="0.000" classname="com.facebook.presto.operator.scalar.TestColorFunctions"/>
  <testcase name="testGetComponent" time="0.000" classname="com.facebook.presto.operator.scalar.TestColorFunctions"/>
  <testcase name="testInterpolate" time="0.013" classname="com.facebook.presto.operator.scalar.TestColorFunctions"/>
</testsuite> <!-- com.facebook.presto.operator.scalar.TestColorFunctions -->
