<?xml version="1.0" encoding="UTF-8"?>
<!-- Generated by org.testng.reporters.JUnitReportReporter -->
<testsuite hostname="dlnode13" name="com.facebook.presto.operator.scalar.TestJsonExtract" tests="9" failures="0" timestamp="7 May 2014 07:00:32 GMT" time="0.008" errors="0">
  <testcase name="testInvalidJsonPath2" time="0.000" classname="com.facebook.presto.operator.scalar.TestJsonExtract"/>
  <testcase name="testInvalidJsonPath1" time="0.001" classname="com.facebook.presto.operator.scalar.TestJsonExtract"/>
  <testcase name="testScalarVaueJsonExtractor" time="0.001" classname="com.facebook.presto.operator.scalar.TestJsonExtract"/>
  <testcase name="testFullScalarExtract" time="0.002" classname="com.facebook.presto.operator.scalar.TestJsonExtract"/>
  <testcase name="testObjectFieldJsonExtractor" time="0.001" classname="com.facebook.presto.operator.scalar.TestJsonExtract"/>
  <testcase name="testInvalidJsonPath3" time="0.000" classname="com.facebook.presto.operator.scalar.TestJsonExtract"/>
  <testcase name="testFullJsonExtract" time="0.002" classname="com.facebook.presto.operator.scalar.TestJsonExtract"/>
  <testcase name="testArrayElementJsonExtractor" time="0.000" classname="com.facebook.presto.operator.scalar.TestJsonExtract"/>
  <testcase name="testJsonVaueJsonExtractor" time="0.001" classname="com.facebook.presto.operator.scalar.TestJsonExtract"/>
</testsuite> <!-- com.facebook.presto.operator.scalar.TestJsonExtract -->
