<?xml version="1.0" encoding="UTF-8"?>
<!-- Generated by org.testng.reporters.JUnitReportReporter -->
<testsuite hostname="dlnode13" name="com.facebook.presto.execution.TestStageStats" tests="1" failures="0" timestamp="7 May 2014 07:00:32 GMT" time="0.012" errors="0">
  <testcase name="testJson" time="0.012" classname="com.facebook.presto.execution.TestStageStats"/>
</testsuite> <!-- com.facebook.presto.execution.TestStageStats -->
