<?xml version="1.0" encoding="UTF-8"?>
<!-- Generated by org.testng.reporters.JUnitReportReporter -->
<testsuite hostname="dlnode13" name="com.facebook.presto.server.TestFailureDetectorConfig" tests="2" failures="0" timestamp="7 May 2014 07:00:32 GMT" time="0.059" errors="0">
  <testcase name="testExplicitPropertyMappings" time="0.011" classname="com.facebook.presto.server.TestFailureDetectorConfig"/>
  <testcase name="testDefaults" time="0.048" classname="com.facebook.presto.server.TestFailureDetectorConfig"/>
</testsuite> <!-- com.facebook.presto.server.TestFailureDetectorConfig -->
