<?xml version="1.0" encoding="UTF-8"?>
<!-- Generated by org.testng.reporters.JUnitReportReporter -->
<testsuite hostname="dlnode13" name="com.facebook.presto.failureDetector.TestHeartbeatFailureDetector" tests="1" failures="0" timestamp="7 May 2014 07:00:32 GMT" time="1.209" errors="0">
  <testcase name="testExcludesCurrentNode" time="1.209" classname="com.facebook.presto.failureDetector.TestHeartbeatFailureDetector"/>
</testsuite> <!-- com.facebook.presto.failureDetector.TestHeartbeatFailureDetector -->
