<?xml version="1.0" encoding="UTF-8"?>
<!-- Generated by org.testng.reporters.JUnitReportReporter -->
<testsuite hostname="dlnode13" name="com.facebook.presto.tuple.TestTupleInfo" tests="22" failures="0" timestamp="7 May 2014 07:00:32 GMT" time="0.002" errors="0">
  <testcase name="testMultipleVariableLength" time="0.000" classname="com.facebook.presto.tuple.TestTupleInfo"/>
  <testcase name="testSingleDoubleLengthNullMemoryLayout" time="0.000" classname="com.facebook.presto.tuple.TestTupleInfo"/>
  <testcase name="testSetNonNullAtNonZeroOffset" time="0.001" classname="com.facebook.presto.tuple.TestTupleInfo"/>
  <testcase name="testSingleDoubleLength" time="0.001" classname="com.facebook.presto.tuple.TestTupleInfo"/>
  <testcase name="testSingleBooleanLengthNullMemoryLayout" time="0.000" classname="com.facebook.presto.tuple.TestTupleInfo"/>
  <testcase name="testOnlySingleLongMemoryLayout" time="0.000" classname="com.facebook.presto.tuple.TestTupleInfo"/>
  <testcase name="testSingleLongLength" time="0.000" classname="com.facebook.presto.tuple.TestTupleInfo"/>
  <testcase name="testSingleBooleanLength" time="0.000" classname="com.facebook.presto.tuple.TestTupleInfo"/>
  <testcase name="testSingleVariableLengthNullMemoryLayout" time="0.000" classname="com.facebook.presto.tuple.TestTupleInfo"/>
  <testcase name="testSingleLongLengthNull" time="0.000" classname="com.facebook.presto.tuple.TestTupleInfo"/>
  <testcase name="testSingleVariableLengthNull" time="0.000" classname="com.facebook.presto.tuple.TestTupleInfo"/>
  <testcase name="testSetNullAtNonZeroOffset" time="0.000" classname="com.facebook.presto.tuple.TestTupleInfo"/>
  <testcase name="testOnlySingleBooleanMemoryLayout" time="0.000" classname="com.facebook.presto.tuple.TestTupleInfo"/>
  <testcase name="testSingleDoubleLengthNull" time="0.000" classname="com.facebook.presto.tuple.TestTupleInfo"/>
  <testcase name="testMultipleFixedLength" time="0.000" classname="com.facebook.presto.tuple.TestTupleInfo"/>
  <testcase name="testSingleVariableLengthMemoryLayout" time="0.000" classname="com.facebook.presto.tuple.TestTupleInfo"/>
  <testcase name="testMixed" time="0.000" classname="com.facebook.presto.tuple.TestTupleInfo"/>
  <testcase name="testSingleBooleanLengthNull" time="0.000" classname="com.facebook.presto.tuple.TestTupleInfo"/>
  <testcase name="testOnlySingleDoubleMemoryLayout" time="0.000" classname="com.facebook.presto.tuple.TestTupleInfo"/>
  <testcase name="testSingleLongLengthNullMemoryLayout" time="0.000" classname="com.facebook.presto.tuple.TestTupleInfo"/>
  <testcase name="testSingleVariableLength" time="0.000" classname="com.facebook.presto.tuple.TestTupleInfo"/>
  <testcase name="testAppendWithNull" time="0.000" classname="com.facebook.presto.tuple.TestTupleInfo"/>
</testsuite> <!-- com.facebook.presto.tuple.TestTupleInfo -->
