<?xml version="1.0" encoding="UTF-8"?>
<!-- Generated by org.testng.reporters.JUnitReportReporter -->
<testsuite hostname="dlnode13" name="com.facebook.presto.execution.TestSqlTaskManager" tests="5" failures="0" timestamp="7 May 2014 07:00:32 GMT" time="1.174" errors="0">
  <testcase name="testEmptyQuery" time="0.012" classname="com.facebook.presto.execution.TestSqlTaskManager"/>
  <testcase name="testCancel" time="0.017" classname="com.facebook.presto.execution.TestSqlTaskManager"/>
  <testcase name="testSimpleQuery" time="1.014" classname="com.facebook.presto.execution.TestSqlTaskManager"/>
  <testcase name="testRemoveOldTasks" time="0.113" classname="com.facebook.presto.execution.TestSqlTaskManager"/>
  <testcase name="testAbort" time="0.018" classname="com.facebook.presto.execution.TestSqlTaskManager"/>
</testsuite> <!-- com.facebook.presto.execution.TestSqlTaskManager -->
