<?xml version="1.0" encoding="UTF-8"?>
<!-- Generated by org.testng.reporters.JUnitReportReporter -->
<testsuite hostname="dlnode13" name="com.facebook.presto.sql.planner.TestEqualityInference" tests="12" failures="0" timestamp="7 May 2014 07:00:32 GMT" time="0.006" errors="0">
  <testcase name="testTransitivity" time="0.001" classname="com.facebook.presto.sql.planner.TestEqualityInference"/>
  <testcase name="testInvalidEqualityExpression3" time="0.000" classname="com.facebook.presto.sql.planner.TestEqualityInference"/>
  <testcase name="testInvalidEqualityExpression2" time="0.001" classname="com.facebook.presto.sql.planner.TestEqualityInference"/>
  <testcase name="testMultipleEqualitySetsPredicateGeneration" time="0.001" classname="com.facebook.presto.sql.planner.TestEqualityInference"/>
  <testcase name="testExtractInferrableEqualities" time="0.000" classname="com.facebook.presto.sql.planner.TestEqualityInference"/>
  <testcase name="testConstantEqualities" time="0.000" classname="com.facebook.presto.sql.planner.TestEqualityInference"/>
  <testcase name="testTriviallyRewritable" time="0.000" classname="com.facebook.presto.sql.planner.TestEqualityInference"/>
  <testcase name="testUnrewritable" time="0.000" classname="com.facebook.presto.sql.planner.TestEqualityInference"/>
  <testcase name="testEqualityPartitionGeneration" time="0.003" classname="com.facebook.presto.sql.planner.TestEqualityInference"/>
  <testcase name="testInvalidEqualityExpression1" time="0.000" classname="com.facebook.presto.sql.planner.TestEqualityInference"/>
  <testcase name="testParseEqualityExpression" time="0.000" classname="com.facebook.presto.sql.planner.TestEqualityInference"/>
  <testcase name="testSubExpressionRewrites" time="0.000" classname="com.facebook.presto.sql.planner.TestEqualityInference"/>
</testsuite> <!-- com.facebook.presto.sql.planner.TestEqualityInference -->
