<?xml version="1.0" encoding="UTF-8"?>
<!-- Generated by org.testng.reporters.JUnitReportReporter -->
<testsuite hostname="dlnode13" name="com.facebook.presto.operator.TestHttpPageBufferClient" tests="5" failures="0" timestamp="7 May 2014 07:00:32 GMT" time="0.029" errors="0">
  <testcase name="testInvalidResponses" time="0.005" classname="com.facebook.presto.operator.TestHttpPageBufferClient"/>
  <testcase name="testExceptionFromResponseHandler" time="0.002" classname="com.facebook.presto.operator.TestHttpPageBufferClient"/>
  <testcase name="testCloseDuringPendingRequest" time="0.003" classname="com.facebook.presto.operator.TestHttpPageBufferClient"/>
  <testcase name="testHappyPath" time="0.018" classname="com.facebook.presto.operator.TestHttpPageBufferClient"/>
  <testcase name="testLifecycle" time="0.001" classname="com.facebook.presto.operator.TestHttpPageBufferClient"/>
</testsuite> <!-- com.facebook.presto.operator.TestHttpPageBufferClient -->
