<?xml version="1.0" encoding="UTF-8"?>
<!-- Generated by org.testng.reporters.JUnitReportReporter -->
<testsuite hostname="dlnode13" name="com.facebook.presto.benchmark.TestBenchmarks" tests="1" failures="0" timestamp="7 May 2014 07:00:32 GMT" time="18.027" errors="0">
  <testcase name="smokeTest" time="18.027" classname="com.facebook.presto.benchmark.TestBenchmarks"/>
</testsuite> <!-- com.facebook.presto.benchmark.TestBenchmarks -->
