<?xml version="1.0" encoding="UTF-8"?>
<!-- Generated by org.testng.reporters.JUnitReportReporter -->
<testsuite hostname="dlnode13" name="com.facebook.presto.concurrent.TestFairBatchExecutor" tests="1" failures="0" timestamp="7 May 2014 07:00:32 GMT" time="0.007" errors="0">
  <testcase name="testSanity" time="0.007" classname="com.facebook.presto.concurrent.TestFairBatchExecutor"/>
</testsuite> <!-- com.facebook.presto.concurrent.TestFairBatchExecutor -->
