<?xml version="1.0" encoding="UTF-8"?>
<!-- Generated by org.testng.reporters.JUnitReportReporter -->
<testsuite hostname="dlnode13" name="com.facebook.presto.metadata.TestShardCleanerConfig" tests="2" failures="0" timestamp="7 May 2014 07:00:32 GMT" time="0.019" errors="0">
  <testcase name="testDefaults" time="0.016" classname="com.facebook.presto.metadata.TestShardCleanerConfig"/>
  <testcase name="testExplicitPropertyMappings" time="0.003" classname="com.facebook.presto.metadata.TestShardCleanerConfig"/>
</testsuite> <!-- com.facebook.presto.metadata.TestShardCleanerConfig -->
