<?xml version="1.0" encoding="UTF-8"?>
<!-- Generated by org.testng.reporters.JUnitReportReporter -->
<testsuite hostname="dlnode13" name="com.facebook.presto.operator.TestExchangeOperator" tests="4" failures="0" timestamp="7 May 2014 07:00:32 GMT" time="0.180" errors="0">
  <testcase name="testFinish" time="0.046" classname="com.facebook.presto.operator.TestExchangeOperator"/>
  <testcase name="testSimple" time="0.029" classname="com.facebook.presto.operator.TestExchangeOperator"/>
  <testcase name="testWaitForNoMoreSplits" time="0.050" classname="com.facebook.presto.operator.TestExchangeOperator"/>
  <testcase name="testWaitForClose" time="0.055" classname="com.facebook.presto.operator.TestExchangeOperator"/>
</testsuite> <!-- com.facebook.presto.operator.TestExchangeOperator -->
