<?xml version="1.0" encoding="UTF-8"?>
<!-- Generated by org.testng.reporters.JUnitReportReporter -->
<testsuite hostname="dlnode13" name="com.facebook.presto.operator.TestHashSemiJoinOperator" tests="5" failures="0" timestamp="7 May 2014 07:00:32 GMT" time="0.008" errors="0">
  <testcase name="testProbeAndBuildNulls" time="0.002" classname="com.facebook.presto.operator.TestHashSemiJoinOperator"/>
  <testcase name="testMemoryLimit" time="0.001" classname="com.facebook.presto.operator.TestHashSemiJoinOperator"/>
  <testcase name="testProbeSideNulls" time="0.001" classname="com.facebook.presto.operator.TestHashSemiJoinOperator"/>
  <testcase name="testBuildSideNulls" time="0.002" classname="com.facebook.presto.operator.TestHashSemiJoinOperator"/>
  <testcase name="testSemiJoin" time="0.002" classname="com.facebook.presto.operator.TestHashSemiJoinOperator"/>
</testsuite> <!-- com.facebook.presto.operator.TestHashSemiJoinOperator -->
