<?xml version="1.0" encoding="UTF-8"?>
<!-- Generated by org.testng.reporters.JUnitReportReporter -->
<testsuite hostname="dlnode13" name="com.facebook.presto.metadata.TestDatabaseLocalStorageManagerConfig" tests="3" failures="0" timestamp="7 May 2014 07:00:32 GMT" time="0.211" errors="0">
  <testcase name="testValidations" time="0.004" classname="com.facebook.presto.metadata.TestDatabaseLocalStorageManagerConfig"/>
  <testcase name="testExplicitPropertyMappings" time="0.093" classname="com.facebook.presto.metadata.TestDatabaseLocalStorageManagerConfig"/>
  <testcase name="testDefaults" time="0.114" classname="com.facebook.presto.metadata.TestDatabaseLocalStorageManagerConfig"/>
</testsuite> <!-- com.facebook.presto.metadata.TestDatabaseLocalStorageManagerConfig -->
