<?xml version="1.0" encoding="UTF-8"?>
<!-- Generated by org.testng.reporters.JUnitReportReporter -->
<testsuite hostname="dlnode13" name="com.facebook.presto.execution.TestSharedBuffer" tests="14" failures="0" timestamp="7 May 2014 07:00:32 GMT" time="1.037" errors="0">
  <testcase name="testAddQueueAfterNoMoreQueues" time="0.000" classname="com.facebook.presto.execution.TestSharedBuffer"/>
  <testcase name="testAddQueueAfterDestroy" time="0.000" classname="com.facebook.presto.execution.TestSharedBuffer"/>
  <testcase name="testFinishClosesEmptyQueues" time="0.000" classname="com.facebook.presto.execution.TestSharedBuffer"/>
  <testcase name="testAddStateMachine" time="0.000" classname="com.facebook.presto.execution.TestSharedBuffer"/>
  <testcase name="testAbortFreesReader" time="0.206" classname="com.facebook.presto.execution.TestSharedBuffer"/>
  <testcase name="testFinishFreesWriter" time="0.206" classname="com.facebook.presto.execution.TestSharedBuffer"/>
  <testcase name="testDestroyFreesWriter" time="0.206" classname="com.facebook.presto.execution.TestSharedBuffer"/>
  <testcase name="testSimple" time="0.002" classname="com.facebook.presto.execution.TestSharedBuffer"/>
  <testcase name="testDestroyFreesReader" time="0.206" classname="com.facebook.presto.execution.TestSharedBuffer"/>
  <testcase name="testAbort" time="0.003" classname="com.facebook.presto.execution.TestSharedBuffer"/>
  <testcase name="testFinishFreesReader" time="0.206" classname="com.facebook.presto.execution.TestSharedBuffer"/>
  <testcase name="testOperationsOnUnknownQueues" time="0.001" classname="com.facebook.presto.execution.TestSharedBuffer"/>
  <testcase name="testDuplicateRequests" time="0.001" classname="com.facebook.presto.execution.TestSharedBuffer"/>
  <testcase name="testInvalidConstructorArg" time="0.000" classname="com.facebook.presto.execution.TestSharedBuffer"/>
</testsuite> <!-- com.facebook.presto.execution.TestSharedBuffer -->
