<?xml version="1.0" encoding="UTF-8"?>
<!-- Generated by org.testng.reporters.JUnitReportReporter -->
<testsuite hostname="dlnode13" name="com.facebook.presto.execution.TestTaskManagerConfig" tests="2" failures="0" timestamp="7 May 2014 07:00:32 GMT" time="0.031" errors="0">
  <testcase name="testExplicitPropertyMappings" time="0.008" classname="com.facebook.presto.execution.TestTaskManagerConfig"/>
  <testcase name="testDefaults" time="0.023" classname="com.facebook.presto.execution.TestTaskManagerConfig"/>
</testsuite> <!-- com.facebook.presto.execution.TestTaskManagerConfig -->
