<?xml version="1.0" encoding="UTF-8"?>
<!-- Generated by org.testng.reporters.JUnitReportReporter -->
<testsuite hostname="dlnode13" name="com.facebook.presto.operator.TestAlignmentOperator" tests="2" failures="0" timestamp="7 May 2014 07:00:32 GMT" time="0.004" errors="0">
  <testcase name="testFinish" time="0.001" classname="com.facebook.presto.operator.TestAlignmentOperator"/>
  <testcase name="testAlignment" time="0.003" classname="com.facebook.presto.operator.TestAlignmentOperator"/>
</testsuite> <!-- com.facebook.presto.operator.TestAlignmentOperator -->
