<?xml version="1.0" encoding="UTF-8"?>
<!-- Generated by org.testng.reporters.JUnitReportReporter -->
<testsuite hostname="dlnode13" name="com.facebook.presto.operator.TestHashJoinOperator" tests="9" failures="0" timestamp="7 May 2014 07:00:32 GMT" time="0.029" errors="0">
  <testcase name="testInnerJoin" time="0.004" classname="com.facebook.presto.operator.TestHashJoinOperator"/>
  <testcase name="testOuterJoinWithNullProbe" time="0.002" classname="com.facebook.presto.operator.TestHashJoinOperator"/>
  <testcase name="testOuterJoinWithNullOnBothSides" time="0.003" classname="com.facebook.presto.operator.TestHashJoinOperator"/>
  <testcase name="testOuterJoinWithNullBuild" time="0.001" classname="com.facebook.presto.operator.TestHashJoinOperator"/>
  <testcase name="testProbeOuterJoin" time="0.003" classname="com.facebook.presto.operator.TestHashJoinOperator"/>
  <testcase name="testInnerJoinWithNullOnBothSides" time="0.002" classname="com.facebook.presto.operator.TestHashJoinOperator"/>
  <testcase name="testInnerJoinWithNullProbe" time="0.003" classname="com.facebook.presto.operator.TestHashJoinOperator"/>
  <testcase name="testMemoryLimit" time="0.010" classname="com.facebook.presto.operator.TestHashJoinOperator"/>
  <testcase name="testInnerJoinWithNullBuild" time="0.001" classname="com.facebook.presto.operator.TestHashJoinOperator"/>
</testsuite> <!-- com.facebook.presto.operator.TestHashJoinOperator -->
