<?xml version="1.0" encoding="UTF-8"?>
<!-- Generated by org.testng.reporters.JUnitReportReporter -->
<testsuite hostname="dlnode13" name="com.facebook.presto.operator.TestHashAggregationOperator" tests="3" failures="0" timestamp="7 May 2014 07:00:32 GMT" time="0.038" errors="0">
  <testcase name="testMemoryLimit" time="0.003" classname="com.facebook.presto.operator.TestHashAggregationOperator"/>
  <testcase name="testMultiSliceAggregationOutput" time="0.031" classname="com.facebook.presto.operator.TestHashAggregationOperator"/>
  <testcase name="testHashAggregation" time="0.004" classname="com.facebook.presto.operator.TestHashAggregationOperator"/>
</testsuite> <!-- com.facebook.presto.operator.TestHashAggregationOperator -->
