<?xml version="1.0" encoding="UTF-8"?>
<!-- Generated by org.testng.reporters.JUnitReportReporter -->
<testsuite hostname="dlnode13" name="com.facebook.presto.TestLocalQueries" tests="237" failures="0" timestamp="7 May 2014 07:00:32 GMT" time="117.016" errors="0">
  <testcase name="testDistinctMultipleFields" time="0.172" classname="com.facebook.presto.TestLocalQueries"/>
  <testcase name="testQualifiedWildcardFromInlineView" time="0.119" classname="com.facebook.presto.TestLocalQueries"/>
  <testcase name="testWithQualifiedPrefix" time="0.035" classname="com.facebook.presto.TestLocalQueries"/>
  <testcase name="testGroupByKeyPredicatePushdown" time="0.590" classname="com.facebook.presto.TestLocalQueries"/>
  <testcase name="testTypeMismatch" time="0.001" classname="com.facebook.presto.TestLocalQueries"/>
  <testcase name="testDefaultExplainGraphvizFormat" time="0.038" classname="com.facebook.presto.TestLocalQueries"/>
  <testcase name="testReorderOutputsOfGroupByAggregation" time="0.114" classname="com.facebook.presto.TestLocalQueries"/>
  <testcase name="testJoinWithMultiFieldGroupBy" time="0.443" classname="com.facebook.presto.TestLocalQueries"/>
  <testcase name="testTrivialNonDeterministicPredicatePushdown" time="0.008" classname="com.facebook.presto.TestLocalQueries"/>
  <testcase name="testJoinDoubleClauseWithRightOverlap" time="0.465" classname="com.facebook.presto.TestLocalQueries"/>
  <testcase name="testOrderByLimit" time="0.124" classname="com.facebook.presto.TestLocalQueries"/>
  <testcase name="testJoinUnaliasedSubqueries" time="0.262" classname="com.facebook.presto.TestLocalQueries"/>
  <testcase name="testGroupByBetween" time="0.412" classname="com.facebook.presto.TestLocalQueries"/>
  <testcase name="testReferenceToWithQueryInFromClause" time="0.526" classname="com.facebook.presto.TestLocalQueries"/>
  <testcase name="testLogicalExplain" time="0.018" classname="com.facebook.presto.TestLocalQueries"/>
  <testcase name="testNonDeterministicAggregationPredicatePushdown" time="0.183" classname="com.facebook.presto.TestLocalQueries"/>
  <testcase name="testSubqueryBodyOrderLimit" time="0.072" classname="com.facebook.presto.TestLocalQueries"/>
  <testcase name="testLeftJoinPredicateMoveAround" time="2.175" classname="com.facebook.presto.TestLocalQueries"/>
  <testcase name="testSimpleLeftJoinWithLeftConstantEquality" time="0.342" classname="com.facebook.presto.TestLocalQueries"/>
  <testcase name="testColumnAliases" time="0.252" classname="com.facebook.presto.TestLocalQueries"/>
  <testcase name="testPlainLeftJoinPredicatePushdown" time="0.462" classname="com.facebook.presto.TestLocalQueries"/>
  <testcase name="testGroupBySearchedCase" time="0.107" classname="com.facebook.presto.TestLocalQueries"/>
  <testcase name="testRepeatedOutputs" time="0.103" classname="com.facebook.presto.TestLocalQueries"/>
  <testcase name="testLeftJoinAsInnerPredicatePushdown" time="0.615" classname="com.facebook.presto.TestLocalQueries"/>
  <testcase name="testSimpleRightJoin" time="0.515" classname="com.facebook.presto.TestLocalQueries"/>
  <testcase name="testJoinOnConstantExpression" time="0.001" classname="com.facebook.presto.TestLocalQueries"/>
  <testcase name="testDistinctWithOrderBy" time="0.065" classname="com.facebook.presto.TestLocalQueries"/>
  <testcase name="testRightJoinDoubleClauseWithLeftOverlap" time="0.292" classname="com.facebook.presto.TestLocalQueries"/>
  <testcase name="testGroupByCount" time="0.046" classname="com.facebook.presto.TestLocalQueries"/>
  <testcase name="testLeftJoinNormalizedToInner" time="0.338" classname="com.facebook.presto.TestLocalQueries"/>
  <testcase name="testGroupByNoAggregations" time="0.046" classname="com.facebook.presto.TestLocalQueries"/>
  <testcase name="testSemiJoinLimitPushDown" time="0.240" classname="com.facebook.presto.TestLocalQueries"/>
  <testcase name="testSelectWithComparison" time="0.619" classname="com.facebook.presto.TestLocalQueries"/>
  <testcase name="testJoinWithConstantExpression" time="0.256" classname="com.facebook.presto.TestLocalQueries"/>
  <testcase name="testGroupByNullIf" time="0.479" classname="com.facebook.presto.TestLocalQueries"/>
  <testcase name="testJoinPredicateMoveAround" time="2.016" classname="com.facebook.presto.TestLocalQueries"/>
  <testcase name="testCountAll" time="0.038" classname="com.facebook.presto.TestLocalQueries"/>
  <testcase name="testTableQueryOrderLimit" time="0.304" classname="com.facebook.presto.TestLocalQueries"/>
  <testcase name="testSimpleJoinWithLeftConstantEquality" time="0.204" classname="com.facebook.presto.TestLocalQueries"/>
  <testcase name="testInvalidColumn" time="0.002" classname="com.facebook.presto.TestLocalQueries"/>
  <testcase name="testWithRecursive" time="0.002" classname="com.facebook.presto.TestLocalQueries"/>
  <testcase name="testLeftJoinDoubleClauseWithLeftOverlap" time="0.393" classname="com.facebook.presto.TestLocalQueries"/>
  <testcase name="testVariance" time="0.332" classname="com.facebook.presto.TestLocalQueries"/>
  <testcase name="testRightJoinDoubleClauseWithRightOverlap" time="0.426" classname="com.facebook.presto.TestLocalQueries"/>
  <testcase name="testJoinWithRightConstantEquality" time="0.225" classname="com.facebook.presto.TestLocalQueries"/>
  <testcase name="testGroupByOrdinal" time="0.080" classname="com.facebook.presto.TestLocalQueries"/>
  <testcase name="testDistributedExplainGraphvizFormat" time="0.027" classname="com.facebook.presto.TestLocalQueries"/>
  <testcase name="testHaving" time="0.098" classname="com.facebook.presto.TestLocalQueries"/>
  <testcase name="testLeftJoinDoubleClauseWithRightOverlap" time="0.489" classname="com.facebook.presto.TestLocalQueries"/>
  <testcase name="testSimpleLeftJoin" time="0.588" classname="com.facebook.presto.TestLocalQueries"/>
  <testcase name="testOrderBy2" time="0.120" classname="com.facebook.presto.TestLocalQueries"/>
  <testcase name="testUnionAll" time="0.126" classname="com.facebook.presto.TestLocalQueries"/>
  <testcase name="testRightJoinPredicateMoveAround" time="2.218" classname="com.facebook.presto.TestLocalQueries"/>
  <testcase name="testGroupByCast" time="0.387" classname="com.facebook.presto.TestLocalQueries"/>
  <testcase name="testJoinWithLeftConstantEquality" time="0.245" classname="com.facebook.presto.TestLocalQueries"/>
  <testcase name="testCountWithInlineView" time="0.193" classname="com.facebook.presto.TestLocalQueries"/>
  <testcase name="testRightJoinWithNullValues" time="0.897" classname="com.facebook.presto.TestLocalQueries"/>
  <testcase name="testCaseInsensitiveAliasedRelation" time="0.528" classname="com.facebook.presto.TestLocalQueries"/>
  <testcase name="testJoinDoubleClauseWithLeftOverlap" time="0.254" classname="com.facebook.presto.TestLocalQueries"/>
  <testcase name="testProbeFilteredLeftJoin" time="4.358" classname="com.facebook.presto.TestLocalQueries"/>
  <testcase name="testDoubleFilteredLeftJoinWithLeftConstantEquality" time="0.305" classname="com.facebook.presto.TestLocalQueries"/>
  <testcase name="testJoinAggregations" time="4.454" classname="com.facebook.presto.TestLocalQueries"/>
  <testcase name="testGroupByRepeatedField2" time="0.050" classname="com.facebook.presto.TestLocalQueries"/>
  <testcase name="testComplexQuery" time="0.087" classname="com.facebook.presto.TestLocalQueries"/>
  <testcase name="testCountWithNotPredicate" time="0.376" classname="com.facebook.presto.TestLocalQueries"/>
  <testcase name="testCountBoolean" time="0.052" classname="com.facebook.presto.TestLocalQueries"/>
  <testcase name="testGroupBySum" time="0.081" classname="com.facebook.presto.TestLocalQueries"/>
  <testcase name="testCaseInsensitiveOutputAliasInOrderBy" time="0.167" classname="com.facebook.presto.TestLocalQueries"/>
  <testcase name="testIfExpression" time="0.501" classname="com.facebook.presto.TestLocalQueries"/>
  <testcase name="testLeftJoinWithRightConstantEquality" time="0.687" classname="com.facebook.presto.TestLocalQueries"/>
  <testcase name="testPlainRightJoinPredicatePushdown" time="0.467" classname="com.facebook.presto.TestLocalQueries"/>
  <testcase name="testWhereNull" time="0.068" classname="com.facebook.presto.TestLocalQueries"/>
  <testcase name="testJoinUsing" time="0.219" classname="com.facebook.presto.TestLocalQueries"/>
  <testcase name="testConcatOperator" time="0.026" classname="com.facebook.presto.TestLocalQueries"/>
  <testcase name="testDefaultExplainTextFormat" time="0.027" classname="com.facebook.presto.TestLocalQueries"/>
  <testcase name="testSumOfNulls" time="0.056" classname="com.facebook.presto.TestLocalQueries"/>
  <testcase name="testSubqueryBodyDoubleOrderby" time="0.132" classname="com.facebook.presto.TestLocalQueries"/>
  <testcase name="testTableSampleBernoulli" time="4.061" classname="com.facebook.presto.TestLocalQueries"/>
  <testcase name="testOrderByMultipleFields" time="0.149" classname="com.facebook.presto.TestLocalQueries"/>
  <testcase name="testWindowFunctionsFromAggregate" time="0.174" classname="com.facebook.presto.TestLocalQueries"/>
  <testcase name="testWithAliased" time="0.508" classname="com.facebook.presto.TestLocalQueries"/>
  <testcase name="testSubqueryBody" time="0.116" classname="com.facebook.presto.TestLocalQueries"/>
  <testcase name="testDuplicateFields" time="0.088" classname="com.facebook.presto.TestLocalQueries"/>
  <testcase name="testLeftFilteredJoin" time="1.155" classname="com.facebook.presto.TestLocalQueries"/>
  <testcase name="testLimitPushDown" time="0.774" classname="com.facebook.presto.TestLocalQueries"/>
  <testcase name="testOrderByExpressionWithLimit" time="0.204" classname="com.facebook.presto.TestLocalQueries"/>
  <testcase name="testRightFilteredJoin" time="1.135" classname="com.facebook.presto.TestLocalQueries"/>
  <testcase name="testDistributedExplain" time="0.027" classname="com.facebook.presto.TestLocalQueries"/>
  <testcase name="testWithNestedSubqueries" time="0.076" classname="com.facebook.presto.TestLocalQueries"/>
  <testcase name="testJoinWithAlias" time="5.406" classname="com.facebook.presto.TestLocalQueries"/>
  <testcase name="testTableAsSubquery" time="0.536" classname="com.facebook.presto.TestLocalQueries"/>
  <testcase name="testGroupByMultipleFields" time="0.098" classname="com.facebook.presto.TestLocalQueries"/>
  <testcase name="testPredicatePushdown" time="0.285" classname="com.facebook.presto.TestLocalQueries"/>
  <testcase name="testDistinct" time="0.046" classname="com.facebook.presto.TestLocalQueries"/>
  <testcase name="testDistinctWithOrderByNotInSelect" time="0.002" classname="com.facebook.presto.TestLocalQueries"/>
  <testcase name="testUnaliasedSubqueries1" time="0.064" classname="com.facebook.presto.TestLocalQueries"/>
  <testcase name="testIn" time="0.212" classname="com.facebook.presto.TestLocalQueries"/>
  <testcase name="testRightJoinWithLeftConstantEquality" time="0.971" classname="com.facebook.presto.TestLocalQueries"/>
  <testcase name="testWildcardFromSubquery" time="0.065" classname="com.facebook.presto.TestLocalQueries"/>
  <testcase name="testTopNByMultipleFields" time="0.981" classname="com.facebook.presto.TestLocalQueries"/>
  <testcase name="testAggregationWithLimit" time="0.824" classname="com.facebook.presto.TestLocalQueries"/>
  <testcase name="testDistributedExplainTextFormat" time="0.021" classname="com.facebook.presto.TestLocalQueries"/>
  <testcase name="testAggregationWithProjection2" time="0.077" classname="com.facebook.presto.TestLocalQueries"/>
  <testcase name="testCast" time="0.505" classname="com.facebook.presto.TestLocalQueries"/>
  <testcase name="testAliasedInInlineView" time="0.408" classname="com.facebook.presto.TestLocalQueries"/>
  <testcase name="testNestedCount" time="0.211" classname="com.facebook.presto.TestLocalQueries"/>
  <testcase name="testCountWithIsNullPredicate" time="0.059" classname="com.facebook.presto.TestLocalQueries"/>
  <testcase name="testMultipleWildcards" time="0.790" classname="com.facebook.presto.TestLocalQueries"/>
  <testcase name="testJoinWithFullyPushedDownJoinClause" time="0.262" classname="com.facebook.presto.TestLocalQueries"/>
  <testcase name="testGroupByMultipleFieldsWithPredicateOnAggregationArgument" time="0.120" classname="com.facebook.presto.TestLocalQueries"/>
  <testcase name="testBuildFilteredLeftJoin" time="5.751" classname="com.facebook.presto.TestLocalQueries"/>
  <testcase name="testGroupByExtract" time="0.620" classname="com.facebook.presto.TestLocalQueries"/>
  <testcase name="testSemiJoin" time="2.698" classname="com.facebook.presto.TestLocalQueries"/>
  <testcase name="testRightJoinAsInnerPredicatePushdown" time="0.547" classname="com.facebook.presto.TestLocalQueries"/>
  <testcase name="testJoinPredicatePushdown" time="0.414" classname="com.facebook.presto.TestLocalQueries"/>
  <testcase name="testShowPartitions" time="0.010" classname="com.facebook.presto.TestLocalQueries"/>
  <testcase name="testRightJoinNormalizedToInner" time="0.263" classname="com.facebook.presto.TestLocalQueries"/>
  <testcase name="testWith" time="0.619" classname="com.facebook.presto.TestLocalQueries"/>
  <testcase name="testAggregationWithProjection" time="0.158" classname="com.facebook.presto.TestLocalQueries"/>
  <testcase name="testUnion" time="0.120" classname="com.facebook.presto.TestLocalQueries"/>
  <testcase name="testWithHiding" time="0.075" classname="com.facebook.presto.TestLocalQueries"/>
  <testcase name="testSelfJoin" time="0.102" classname="com.facebook.presto.TestLocalQueries"/>
  <testcase name="testTableQuery" time="0.528" classname="com.facebook.presto.TestLocalQueries"/>
  <testcase name="testGroupBySearchedCaseNoElse" time="0.158" classname="com.facebook.presto.TestLocalQueries"/>
  <testcase name="testOrderByWindowFunction" time="0.044" classname="com.facebook.presto.TestLocalQueries"/>
  <testcase name="testLeftJoinWithNullValues" time="0.682" classname="com.facebook.presto.TestLocalQueries"/>
  <testcase name="testCountDistinct" time="0.002" classname="com.facebook.presto.TestLocalQueries"/>
  <testcase name="testDual" time="0.004" classname="com.facebook.presto.TestLocalQueries"/>
  <testcase name="testMaxMinStringWithNulls" time="0.166" classname="com.facebook.presto.TestLocalQueries"/>
  <testcase name="testUnaliasedSubqueries" time="0.063" classname="com.facebook.presto.TestLocalQueries"/>
  <testcase name="testCountAllWithPredicate" time="0.062" classname="com.facebook.presto.TestLocalQueries"/>
  <testcase name="testUnaliasSymbolReferencesWithUnion" time="0.013" classname="com.facebook.presto.TestLocalQueries"/>
  <testcase name="testAntiJoin" time="1.469" classname="com.facebook.presto.TestLocalQueries"/>
  <testcase name="testSimpleJoinWithRightConstantEquality" time="0.205" classname="com.facebook.presto.TestLocalQueries"/>
  <testcase name="testSpecialFloatingPointValues" time="0.008" classname="com.facebook.presto.TestLocalQueries"/>
  <testcase name="testShowFunctions" time="0.013" classname="com.facebook.presto.TestLocalQueries"/>
  <testcase name="testGroupByWithAlias" time="0.059" classname="com.facebook.presto.TestLocalQueries"/>
  <testcase name="testJoinWithComplexExpressions3" time="0.335" classname="com.facebook.presto.TestLocalQueries"/>
  <testcase name="testRepeatedAggregations" time="0.046" classname="com.facebook.presto.TestLocalQueries"/>
  <testcase name="testSubqueryBodyProjectedOrderby" time="0.152" classname="com.facebook.presto.TestLocalQueries"/>
  <testcase name="testLeftJoinPredicatePushdownWithSelfEquality" time="0.462" classname="com.facebook.presto.TestLocalQueries"/>
  <testcase name="testQualifiedWildcardFromJoin" time="0.758" classname="com.facebook.presto.TestLocalQueries"/>
  <testcase name="testSimpleLeftJoinWithRightConstantEquality" time="0.319" classname="com.facebook.presto.TestLocalQueries"/>
  <testcase name="testNoFrom" time="0.007" classname="com.facebook.presto.TestLocalQueries"/>
  <testcase name="testSubqueryUnion" time="0.178" classname="com.facebook.presto.TestLocalQueries"/>
  <testcase name="testJoinWithNonJoinExpression" time="0.341" classname="com.facebook.presto.TestLocalQueries"/>
  <testcase name="testApproximateCountDistinct" time="0.041" classname="com.facebook.presto.TestLocalQueries"/>
  <testcase name="testLimit" time="0.026" classname="com.facebook.presto.TestLocalQueries"/>
  <testcase name="testJoinWithNullValues" time="0.910" classname="com.facebook.presto.TestLocalQueries"/>
  <testcase name="testRightJoinWithRightConstantEquality" time="0.266" classname="com.facebook.presto.TestLocalQueries"/>
  <testcase name="testCountWithIsNotNullPredicate" time="0.059" classname="com.facebook.presto.TestLocalQueries"/>
  <testcase name="testOrderBy" time="0.080" classname="com.facebook.presto.TestLocalQueries"/>
  <testcase name="testLimitInInlineView" time="0.024" classname="com.facebook.presto.TestLocalQueries"/>
  <testcase name="testSemiJoinPredicateMoveAround" time="0.559" classname="com.facebook.presto.TestLocalQueries"/>
  <testcase name="testShowTablesLike" time="0.089" classname="com.facebook.presto.TestLocalQueries"/>
  <testcase name="testGroupByWithWildcard" time="0.080" classname="com.facebook.presto.TestLocalQueries"/>
  <testcase name="testApproxPercentile" time="0.599" classname="com.facebook.presto.TestLocalQueries"/>
  <testcase name="testInlineViewWithProjections" time="0.149" classname="com.facebook.presto.TestLocalQueries"/>
  <testcase name="testGroupByWithoutAggregation" time="0.049" classname="com.facebook.presto.TestLocalQueries"/>
  <testcase name="testPredicatePushdownJoinEqualityGroups" time="0.146" classname="com.facebook.presto.TestLocalQueries"/>
  <testcase name="testWindowFunctionsExpressions" time="0.159" classname="com.facebook.presto.TestLocalQueries"/>
  <testcase name="testLogicalExplainGraphvizFormat" time="0.018" classname="com.facebook.presto.TestLocalQueries"/>
  <testcase name="testOrderByOrdinalWithWildcard" time="0.565" classname="com.facebook.presto.TestLocalQueries"/>
  <testcase name="testLeftJoinEqualityInference" time="1.278" classname="com.facebook.presto.TestLocalQueries"/>
  <testcase name="testCountWithAndPredicate" time="0.398" classname="com.facebook.presto.TestLocalQueries"/>
  <testcase name="testGroupAggregationOverNestedGroupByAggregation" time="0.154" classname="com.facebook.presto.TestLocalQueries"/>
  <testcase name="testWithChaining" time="0.084" classname="com.facebook.presto.TestLocalQueries"/>
  <testcase name="testGroupByOrderByLimit" time="0.088" classname="com.facebook.presto.TestLocalQueries"/>
  <testcase name="testCountWithCoalescePredicate" time="0.065" classname="com.facebook.presto.TestLocalQueries"/>
  <testcase name="testStdDevPop" time="0.335" classname="com.facebook.presto.TestLocalQueries"/>
  <testcase name="testOrderByAliasWithSameNameAsUnselectedColumn" time="0.069" classname="com.facebook.presto.TestLocalQueries"/>
  <testcase name="testProbeFilteredRightJoin" time="1.203" classname="com.facebook.presto.TestLocalQueries"/>
  <testcase name="testUnionDistinct" time="0.121" classname="com.facebook.presto.TestLocalQueries"/>
  <testcase name="testLogicalExplainTextFormat" time="0.017" classname="com.facebook.presto.TestLocalQueries"/>
  <testcase name="testShowTablesFrom" time="0.016" classname="com.facebook.presto.TestLocalQueries"/>
  <testcase name="testDoubleFilteredRightJoinWithLeftConstantEquality" time="0.234" classname="com.facebook.presto.TestLocalQueries"/>
  <testcase name="testJoinOnMultipleFields" time="0.492" classname="com.facebook.presto.TestLocalQueries"/>
  <testcase name="testOrderByOrdinal" time="0.169" classname="com.facebook.presto.TestLocalQueries"/>
  <testcase name="testBuildFilteredRightJoin" time="1.461" classname="com.facebook.presto.TestLocalQueries"/>
  <testcase name="testTableSampleBernoulliBoundaryValues" time="19.260" classname="com.facebook.presto.TestLocalQueries"/>
  <testcase name="testMultiColumnUnionAll" time="1.002" classname="com.facebook.presto.TestLocalQueries"/>
  <testcase name="testOrderLimitCompaction" time="0.357" classname="com.facebook.presto.TestLocalQueries"/>
  <testcase name="testGroupByIf" time="0.112" classname="com.facebook.presto.TestLocalQueries"/>
  <testcase name="testNonDeterministicTableScanPredicatePushdown" time="0.026" classname="com.facebook.presto.TestLocalQueries"/>
  <testcase name="testWildcard" time="0.562" classname="com.facebook.presto.TestLocalQueries"/>
  <testcase name="testInlineView" time="0.112" classname="com.facebook.presto.TestLocalQueries"/>
  <testcase name="testVariancePop" time="0.328" classname="com.facebook.presto.TestLocalQueries"/>
  <testcase name="testDoubleFilteredRightJoinWithRightConstantEquality" time="0.256" classname="com.facebook.presto.TestLocalQueries"/>
  <testcase name="testHaving2" time="0.093" classname="com.facebook.presto.TestLocalQueries"/>
  <testcase name="testApproximateCountDistinctGroupBy" time="0.109" classname="com.facebook.presto.TestLocalQueries"/>
  <testcase name="testTableQueryInUnion" time="0.834" classname="com.facebook.presto.TestLocalQueries"/>
  <testcase name="testRightJoinEqualityInference" time="1.296" classname="com.facebook.presto.TestLocalQueries"/>
  <testcase name="testSimpleRightJoinWithRightConstantEquality" time="0.262" classname="com.facebook.presto.TestLocalQueries"/>
  <testcase name="testSimpleRightJoinWithLeftConstantEquality" time="0.259" classname="com.facebook.presto.TestLocalQueries"/>
  <testcase name="testCountWithNullIfPredicate" time="0.069" classname="com.facebook.presto.TestLocalQueries"/>
  <testcase name="testRightJoinPredicatePushdownWithSelfEquality" time="0.457" classname="com.facebook.presto.TestLocalQueries"/>
  <testcase name="testLimitZero" time="0.036" classname="com.facebook.presto.TestLocalQueries"/>
  <testcase name="testJoinWithComplexExpressions2" time="0.397" classname="com.facebook.presto.TestLocalQueries"/>
  <testcase name="testGroupByCoalesce" time="0.459" classname="com.facebook.presto.TestLocalQueries"/>
  <testcase name="testSelectOnlyUnion" time="0.012" classname="com.facebook.presto.TestLocalQueries"/>
  <testcase name="testNonDeterministicJoinPredicatePushdown" time="0.347" classname="com.facebook.presto.TestLocalQueries"/>
  <testcase name="testQualifiedWildcardFromAlias" time="0.521" classname="com.facebook.presto.TestLocalQueries"/>
  <testcase name="testCountWithNullPredicate" time="0.014" classname="com.facebook.presto.TestLocalQueries"/>
  <testcase name="testFunctionNotRegistered" time="0.001" classname="com.facebook.presto.TestLocalQueries"/>
  <testcase name="testSemiJoinNullHandling" time="0.891" classname="com.facebook.presto.TestLocalQueries"/>
  <testcase name="testHistogram" time="0.270" classname="com.facebook.presto.TestLocalQueries"/>
  <testcase name="testCaseNoElse" time="0.237" classname="com.facebook.presto.TestLocalQueries"/>
  <testcase name="testShowColumns" time="0.022" classname="com.facebook.presto.TestLocalQueries"/>
  <testcase name="testQualifiedWildcard" time="0.538" classname="com.facebook.presto.TestLocalQueries"/>
  <testcase name="testHaving3" time="0.139" classname="com.facebook.presto.TestLocalQueries"/>
  <testcase name="testScalarFunction" time="0.026" classname="com.facebook.presto.TestLocalQueries"/>
  <testcase name="testCountAllWithComparison" time="0.437" classname="com.facebook.presto.TestLocalQueries"/>
  <testcase name="testAverageAll" time="0.068" classname="com.facebook.presto.TestLocalQueries"/>
  <testcase name="testCaseInsensitiveAttribute" time="0.067" classname="com.facebook.presto.TestLocalQueries"/>
  <testcase name="testMixedWildcards" time="0.724" classname="com.facebook.presto.TestLocalQueries"/>
  <testcase name="testWithSelfJoin" time="0.130" classname="com.facebook.presto.TestLocalQueries"/>
  <testcase name="testWildcardFromJoin" time="0.854" classname="com.facebook.presto.TestLocalQueries"/>
  <testcase name="testQuotedIdentifiers" time="0.115" classname="com.facebook.presto.TestLocalQueries"/>
  <testcase name="testArithmeticNegation" time="0.158" classname="com.facebook.presto.TestLocalQueries"/>
  <testcase name="testNodeRoster" time="0.008" classname="com.facebook.presto.TestLocalQueries"/>
  <testcase name="testChainedUnionsWithOrder" time="0.750" classname="com.facebook.presto.TestLocalQueries"/>
  <testcase name="testJoinWithReversedComparison" time="0.262" classname="com.facebook.presto.TestLocalQueries"/>
  <testcase name="testSimpleJoin" time="0.253" classname="com.facebook.presto.TestLocalQueries"/>
  <testcase name="testJoinUsingMultipleFields" time="0.438" classname="com.facebook.presto.TestLocalQueries"/>
  <testcase name="testStdDev" time="0.390" classname="com.facebook.presto.TestLocalQueries"/>
  <testcase name="testLeftJoinWithLeftConstantEquality" time="0.225" classname="com.facebook.presto.TestLocalQueries"/>
  <testcase name="testJoinWithComplexExpressions" time="0.354" classname="com.facebook.presto.TestLocalQueries"/>
  <testcase name="testDoubleFilteredLeftJoinWithRightConstantEquality" time="0.258" classname="com.facebook.presto.TestLocalQueries"/>
  <testcase name="testCountWithOrPredicate" time="0.399" classname="com.facebook.presto.TestLocalQueries"/>
  <testcase name="testGroupByCase" time="0.361" classname="com.facebook.presto.TestLocalQueries"/>
  <testcase name="testOrderByAlias" time="0.069" classname="com.facebook.presto.TestLocalQueries"/>
  <testcase name="testGroupByRepeatedField" time="0.088" classname="com.facebook.presto.TestLocalQueries"/>
  <testcase name="testSameInputToAggregates" time="0.057" classname="com.facebook.presto.TestLocalQueries"/>
  <testcase name="testCountColumn" time="0.297" classname="com.facebook.presto.TestLocalQueries"/>
  <testcase name="testShowSchemas" time="0.004" classname="com.facebook.presto.TestLocalQueries"/>
  <testcase name="testShowTables" time="0.009" classname="com.facebook.presto.TestLocalQueries"/>
  <testcase name="testGroupByCaseNoElse" time="0.233" classname="com.facebook.presto.TestLocalQueries"/>
</testsuite> <!-- com.facebook.presto.TestLocalQueries -->
