<?xml version="1.0" encoding="UTF-8"?>
<!-- Generated by org.testng.reporters.JUnitReportReporter -->
<testsuite hostname="dlnode13" name="com.facebook.presto.metadata.TestAliasDao" tests="5" failures="0" timestamp="7 May 2014 07:00:32 GMT" time="0.254" errors="0">
  <testcase name="testAliasDeletion" time="0.009" classname="com.facebook.presto.metadata.TestAliasDao"/>
  <testcase name="testDoubleDestinationFails" time="0.216" classname="com.facebook.presto.metadata.TestAliasDao"/>
  <testcase name="testDoubleSourceOk" time="0.008" classname="com.facebook.presto.metadata.TestAliasDao"/>
  <testcase name="testTableCreation" time="0.005" classname="com.facebook.presto.metadata.TestAliasDao"/>
  <testcase name="testAliasCreation" time="0.016" classname="com.facebook.presto.metadata.TestAliasDao"/>
</testsuite> <!-- com.facebook.presto.metadata.TestAliasDao -->
