<?xml version="1.0" encoding="UTF-8"?>
<!-- Generated by org.testng.reporters.JUnitReportReporter -->
<testsuite hostname="dlnode13" name="com.facebook.presto.metadata.TestDatabaseLocalStorageManager" tests="3" failures="0" timestamp="7 May 2014 07:00:32 GMT" time="0.060" errors="0">
  <testcase name="testShardPath" time="0.005" classname="com.facebook.presto.metadata.TestDatabaseLocalStorageManager"/>
  <testcase name="testImportEmptySource" time="0.028" classname="com.facebook.presto.metadata.TestDatabaseLocalStorageManager"/>
  <testcase name="testImportFlow" time="0.027" classname="com.facebook.presto.metadata.TestDatabaseLocalStorageManager"/>
</testsuite> <!-- com.facebook.presto.metadata.TestDatabaseLocalStorageManager -->
