<?xml version="1.0" encoding="UTF-8"?>
<!-- Generated by org.testng.reporters.JUnitReportReporter -->
<testsuite hostname="dlnode13" name="com.facebook.presto.operator.TestOrderByOperator" tests="4" failures="0" timestamp="7 May 2014 07:00:32 GMT" time="0.007" errors="0">
  <testcase name="testSingleFieldKey" time="0.003" classname="com.facebook.presto.operator.TestOrderByOperator"/>
  <testcase name="testMemoryLimit" time="0.001" classname="com.facebook.presto.operator.TestOrderByOperator"/>
  <testcase name="testReverseOrder" time="0.002" classname="com.facebook.presto.operator.TestOrderByOperator"/>
  <testcase name="testMultiFieldKey" time="0.001" classname="com.facebook.presto.operator.TestOrderByOperator"/>
</testsuite> <!-- com.facebook.presto.operator.TestOrderByOperator -->
