<?xml version="1.0" encoding="UTF-8"?>
<!-- Generated by org.testng.reporters.JUnitReportReporter -->
<testsuite hostname="dlnode13" name="com.facebook.presto.metadata.TestJsonTableHandle" tests="10" failures="0" timestamp="7 May 2014 07:00:32 GMT" time="0.258" errors="0">
  <testcase name="testNativeSerialize" time="0.020" classname="com.facebook.presto.metadata.TestJsonTableHandle"/>
  <testcase name="testDualSerialize" time="0.021" classname="com.facebook.presto.metadata.TestJsonTableHandle"/>
  <testcase name="testInformationSchemaSerialize" time="0.018" classname="com.facebook.presto.metadata.TestJsonTableHandle"/>
  <testcase name="testDualDeserialize" time="0.021" classname="com.facebook.presto.metadata.TestJsonTableHandle"/>
  <testcase name="testNativeDeserialize" time="0.082" classname="com.facebook.presto.metadata.TestJsonTableHandle"/>
  <testcase name="testSystemSerialize" time="0.019" classname="com.facebook.presto.metadata.TestJsonTableHandle"/>
  <testcase name="testInformationSchemaDeserialize" time="0.018" classname="com.facebook.presto.metadata.TestJsonTableHandle"/>
  <testcase name="testTpchSerialize" time="0.021" classname="com.facebook.presto.metadata.TestJsonTableHandle"/>
  <testcase name="testSystemDeserialize" time="0.019" classname="com.facebook.presto.metadata.TestJsonTableHandle"/>
  <testcase name="testTpchDeserialize" time="0.019" classname="com.facebook.presto.metadata.TestJsonTableHandle"/>
</testsuite> <!-- com.facebook.presto.metadata.TestJsonTableHandle -->
