<?xml version="1.0" encoding="UTF-8"?>
<!-- Generated by org.testng.reporters.JUnitReportReporter -->
<testsuite hostname="dlnode13" name="com.facebook.presto.operator.scalar.TestMathFunctions" tests="30" failures="0" timestamp="7 May 2014 07:00:32 GMT" time="7.830" errors="0">
  <testcase name="testCeil" time="0.255" classname="com.facebook.presto.operator.scalar.TestMathFunctions"/>
  <testcase name="testAtan" time="0.081" classname="com.facebook.presto.operator.scalar.TestMathFunctions"/>
  <testcase name="testAsin" time="0.082" classname="com.facebook.presto.operator.scalar.TestMathFunctions"/>
  <testcase name="testNaN" time="0.040" classname="com.facebook.presto.operator.scalar.TestMathFunctions"/>
  <testcase name="testAtan2" time="0.082" classname="com.facebook.presto.operator.scalar.TestMathFunctions"/>
  <testcase name="testTan" time="0.063" classname="com.facebook.presto.operator.scalar.TestMathFunctions"/>
  <testcase name="testE" time="0.020" classname="com.facebook.presto.operator.scalar.TestMathFunctions"/>
  <testcase name="testMod" time="2.220" classname="com.facebook.presto.operator.scalar.TestMathFunctions"/>
  <testcase name="testRandom" time="0.041" classname="com.facebook.presto.operator.scalar.TestMathFunctions"/>
  <testcase name="testIsFinite" time="0.040" classname="com.facebook.presto.operator.scalar.TestMathFunctions"/>
  <testcase name="testIsInfinite" time="0.059" classname="com.facebook.presto.operator.scalar.TestMathFunctions"/>
  <testcase name="testLn" time="0.096" classname="com.facebook.presto.operator.scalar.TestMathFunctions"/>
  <testcase name="testAbs" time="0.176" classname="com.facebook.presto.operator.scalar.TestMathFunctions"/>
  <testcase name="testTanh" time="0.063" classname="com.facebook.presto.operator.scalar.TestMathFunctions"/>
  <testcase name="testCbrt" time="0.079" classname="com.facebook.presto.operator.scalar.TestMathFunctions"/>
  <testcase name="testSin" time="0.096" classname="com.facebook.presto.operator.scalar.TestMathFunctions"/>
  <testcase name="testInfinity" time="0.039" classname="com.facebook.presto.operator.scalar.TestMathFunctions"/>
  <testcase name="testExp" time="0.078" classname="com.facebook.presto.operator.scalar.TestMathFunctions"/>
  <testcase name="testCos" time="0.078" classname="com.facebook.presto.operator.scalar.TestMathFunctions"/>
  <testcase name="testAcos" time="0.087" classname="com.facebook.presto.operator.scalar.TestMathFunctions"/>
  <testcase name="testFloor" time="0.116" classname="com.facebook.presto.operator.scalar.TestMathFunctions"/>
  <testcase name="testLog2" time="0.080" classname="com.facebook.presto.operator.scalar.TestMathFunctions"/>
  <testcase name="testPi" time="0.020" classname="com.facebook.presto.operator.scalar.TestMathFunctions"/>
  <testcase name="testSqrt" time="0.088" classname="com.facebook.presto.operator.scalar.TestMathFunctions"/>
  <testcase name="testIsNaN" time="0.079" classname="com.facebook.presto.operator.scalar.TestMathFunctions"/>
  <testcase name="testPow" time="2.352" classname="com.facebook.presto.operator.scalar.TestMathFunctions"/>
  <testcase name="testLog10" time="0.079" classname="com.facebook.presto.operator.scalar.TestMathFunctions"/>
  <testcase name="testLog" time="0.321" classname="com.facebook.presto.operator.scalar.TestMathFunctions"/>
  <testcase name="testCosh" time="0.078" classname="com.facebook.presto.operator.scalar.TestMathFunctions"/>
  <testcase name="testRound" time="0.842" classname="com.facebook.presto.operator.scalar.TestMathFunctions"/>
</testsuite> <!-- com.facebook.presto.operator.scalar.TestMathFunctions -->
