<?xml version="1.0" encoding="UTF-8"?>
<!-- Generated by org.testng.reporters.JUnitReportReporter -->
<testsuite hostname="dlnode13" name="com.facebook.presto.operator.TestLimitOperator" tests="2" failures="0" timestamp="7 May 2014 07:00:32 GMT" time="0.002" errors="0">
  <testcase name="testLimitWithBlockView" time="0.001" classname="com.facebook.presto.operator.TestLimitOperator"/>
  <testcase name="testLimitWithPageAlignment" time="0.001" classname="com.facebook.presto.operator.TestLimitOperator"/>
</testsuite> <!-- com.facebook.presto.operator.TestLimitOperator -->
