<?xml version="1.0" encoding="UTF-8"?>
<!-- Generated by org.testng.reporters.JUnitReportReporter -->
<testsuite hostname="dlnode13" name="com.facebook.presto.split.TestNativeSplitManager" tests="4" failures="0" timestamp="7 May 2014 07:00:32 GMT" time="0.188" errors="0">
  <testcase name="testNoPruning" time="0.039" classname="com.facebook.presto.split.TestNativeSplitManager"/>
  <testcase name="testPruneMatch" time="0.043" classname="com.facebook.presto.split.TestNativeSplitManager"/>
  <testcase name="testPruneNoMatch" time="0.051" classname="com.facebook.presto.split.TestNativeSplitManager"/>
  <testcase name="testNoPruneUnknown" time="0.055" classname="com.facebook.presto.split.TestNativeSplitManager"/>
</testsuite> <!-- com.facebook.presto.split.TestNativeSplitManager -->
