<?xml version="1.0" encoding="UTF-8"?>
<!-- Generated by org.testng.reporters.JUnitReportReporter -->
<testsuite hostname="dlnode13" name="com.facebook.presto.operator.scalar.TestUnixTimeFunctions" tests="11" failures="0" timestamp="7 May 2014 07:00:32 GMT" time="1.727" errors="0">
  <testcase name="testFromUnixTime" time="0.035" classname="com.facebook.presto.operator.scalar.TestUnixTimeFunctions"/>
  <testcase name="testExtract" time="0.255" classname="com.facebook.presto.operator.scalar.TestUnixTimeFunctions"/>
  <testcase name="testToUnixTime" time="0.017" classname="com.facebook.presto.operator.scalar.TestUnixTimeFunctions"/>
  <testcase name="testFormatDatetime" time="0.036" classname="com.facebook.presto.operator.scalar.TestUnixTimeFunctions"/>
  <testcase name="testDateAdd" time="0.158" classname="com.facebook.presto.operator.scalar.TestUnixTimeFunctions"/>
  <testcase name="testCurrentTime" time="0.036" classname="com.facebook.presto.operator.scalar.TestUnixTimeFunctions"/>
  <testcase name="testParseDatetime" time="0.054" classname="com.facebook.presto.operator.scalar.TestUnixTimeFunctions"/>
  <testcase name="testDateFormat" time="0.531" classname="com.facebook.presto.operator.scalar.TestUnixTimeFunctions"/>
  <testcase name="testDateDiff" time="0.172" classname="com.facebook.presto.operator.scalar.TestUnixTimeFunctions"/>
  <testcase name="testPartFunctions" time="0.258" classname="com.facebook.presto.operator.scalar.TestUnixTimeFunctions"/>
  <testcase name="testDateParse" time="0.175" classname="com.facebook.presto.operator.scalar.TestUnixTimeFunctions"/>
</testsuite> <!-- com.facebook.presto.operator.scalar.TestUnixTimeFunctions -->
