<?xml version="1.0" encoding="UTF-8"?>
<!-- Generated by org.testng.reporters.JUnitReportReporter -->
<testsuite hostname="dlnode13" name="com.facebook.presto.importer.TestPeriodicImportDao" tests="5" failures="0" timestamp="7 May 2014 07:00:32 GMT" time="0.107" errors="0">
  <testcase name="testRunCreation" time="0.021" classname="com.facebook.presto.importer.TestPeriodicImportDao"/>
  <testcase name="testRunMultistart" time="0.025" classname="com.facebook.presto.importer.TestPeriodicImportDao"/>
  <testcase name="testJobDeletion" time="0.015" classname="com.facebook.presto.importer.TestPeriodicImportDao"/>
  <testcase name="testJobCreation" time="0.019" classname="com.facebook.presto.importer.TestPeriodicImportDao"/>
  <testcase name="testTableCreation" time="0.027" classname="com.facebook.presto.importer.TestPeriodicImportDao"/>
</testsuite> <!-- com.facebook.presto.importer.TestPeriodicImportDao -->
