<?xml version="1.0" encoding="UTF-8"?>
<!-- Generated by org.testng.reporters.JUnitReportReporter -->
<testsuite hostname="dlnode13" name="com.facebook.presto.operator.scalar.TestJsonFunctions" tests="6" failures="0" timestamp="7 May 2014 07:00:32 GMT" time="1.249" errors="0">
  <testcase name="testJsonArrayContainsString" time="0.141" classname="com.facebook.presto.operator.scalar.TestJsonFunctions"/>
  <testcase name="testJsonArrayContainsInvalid" time="0.417" classname="com.facebook.presto.operator.scalar.TestJsonFunctions"/>
  <testcase name="testJsonArrayContainsDouble" time="0.184" classname="com.facebook.presto.operator.scalar.TestJsonFunctions"/>
  <testcase name="testJsonArrayContainsBoolean" time="0.266" classname="com.facebook.presto.operator.scalar.TestJsonFunctions"/>
  <testcase name="testJsonArrayLength" time="0.082" classname="com.facebook.presto.operator.scalar.TestJsonFunctions"/>
  <testcase name="testJsonArrayContainsLong" time="0.159" classname="com.facebook.presto.operator.scalar.TestJsonFunctions"/>
</testsuite> <!-- com.facebook.presto.operator.scalar.TestJsonFunctions -->
