<?xml version="1.0" encoding="UTF-8"?>
<!-- Generated by org.testng.reporters.JUnitReportReporter -->
<testsuite hostname="dlnode13" name="com.facebook.presto.sql.planner.TestInterpretedProjectionFunction" tests="6" failures="0" timestamp="7 May 2014 07:00:32 GMT" time="0.016" errors="0">
  <testcase name="testNullIf" time="0.003" classname="com.facebook.presto.sql.planner.TestInterpretedProjectionFunction"/>
  <testcase name="testArithmeticExpression" time="0.003" classname="com.facebook.presto.sql.planner.TestInterpretedProjectionFunction"/>
  <testcase name="testCoalesceExpression" time="0.004" classname="com.facebook.presto.sql.planner.TestInterpretedProjectionFunction"/>
  <testcase name="testBooleanExpression" time="0.001" classname="com.facebook.presto.sql.planner.TestInterpretedProjectionFunction"/>
  <testcase name="testArithmeticExpressionWithNulls" time="0.004" classname="com.facebook.presto.sql.planner.TestInterpretedProjectionFunction"/>
  <testcase name="testSymbolReference" time="0.001" classname="com.facebook.presto.sql.planner.TestInterpretedProjectionFunction"/>
</testsuite> <!-- com.facebook.presto.sql.planner.TestInterpretedProjectionFunction -->
