<?xml version="1.0" encoding="UTF-8"?>
<!-- Generated by org.testng.reporters.JUnitReportReporter -->
<testsuite hostname="dlnode13" name="com.facebook.presto.block.dictionary.TestPackedLongSerde" tests="5" failures="0" timestamp="7 May 2014 07:00:32 GMT" time="0.005" errors="0">
  <testcase name="testAligned" time="0.003" classname="com.facebook.presto.block.dictionary.TestPackedLongSerde"/>
  <testcase name="testEmpty" time="0.001" classname="com.facebook.presto.block.dictionary.TestPackedLongSerde"/>
  <testcase name="testLowDensity" time="0.000" classname="com.facebook.presto.block.dictionary.TestPackedLongSerde"/>
  <testcase name="testUnaligned" time="0.000" classname="com.facebook.presto.block.dictionary.TestPackedLongSerde"/>
  <testcase name="testFullLong" time="0.001" classname="com.facebook.presto.block.dictionary.TestPackedLongSerde"/>
</testsuite> <!-- com.facebook.presto.block.dictionary.TestPackedLongSerde -->
