<?xml version="1.0" encoding="UTF-8"?>
<!-- Generated by org.testng.reporters.JUnitReportReporter -->
<testsuite hostname="dlnode13" name="com.facebook.presto.sql.analyzer.TestAnalyzer" tests="46" failures="0" timestamp="7 May 2014 07:00:32 GMT" time="0.548" errors="0">
  <testcase name="testWindowFrameNotSupported" time="0.014" classname="com.facebook.presto.sql.analyzer.TestAnalyzer"/>
  <testcase name="testUnionUnmatchedOrderByAttribute" time="0.007" classname="com.facebook.presto.sql.analyzer.TestAnalyzer"/>
  <testcase name="testJoinOnConstantExpression" time="0.013" classname="com.facebook.presto.sql.analyzer.TestAnalyzer"/>
  <testcase name="testOrderByInvalidOrdinal" time="0.014" classname="com.facebook.presto.sql.analyzer.TestAnalyzer"/>
  <testcase name="testOrderByWithWildcard" time="0.011" classname="com.facebook.presto.sql.analyzer.TestAnalyzer"/>
  <testcase name="testNestedAggregation" time="0.011" classname="com.facebook.presto.sql.analyzer.TestAnalyzer"/>
  <testcase name="testDuplicateWithQuery" time="0.012" classname="com.facebook.presto.sql.analyzer.TestAnalyzer"/>
  <testcase name="testDistinctAggregations" time="0.014" classname="com.facebook.presto.sql.analyzer.TestAnalyzer"/>
  <testcase name="testInvalidTable" time="0.011" classname="com.facebook.presto.sql.analyzer.TestAnalyzer"/>
  <testcase name="testHaving" time="0.009" classname="com.facebook.presto.sql.analyzer.TestAnalyzer"/>
  <testcase name="testDistinctInWindowFunctionParameter" time="0.011" classname="com.facebook.presto.sql.analyzer.TestAnalyzer"/>
  <testcase name="testReferenceWithoutFrom" time="0.008" classname="com.facebook.presto.sql.analyzer.TestAnalyzer"/>
  <testcase name="testNaturalJoinNotSupported" time="0.009" classname="com.facebook.presto.sql.analyzer.TestAnalyzer"/>
  <testcase name="testHavingReferencesOutputAlias" time="0.010" classname="com.facebook.presto.sql.analyzer.TestAnalyzer"/>
  <testcase name="testGroupByWithQualifiedName" time="0.011" classname="com.facebook.presto.sql.analyzer.TestAnalyzer"/>
  <testcase name="testMismatchedUnionQueries" time="0.010" classname="com.facebook.presto.sql.analyzer.TestAnalyzer"/>
  <testcase name="testTableSampleOutOfRange" time="0.014" classname="com.facebook.presto.sql.analyzer.TestAnalyzer"/>
  <testcase name="testInvalidAttribute" time="0.009" classname="com.facebook.presto.sql.analyzer.TestAnalyzer"/>
  <testcase name="testJoinOnAmbiguousName" time="0.012" classname="com.facebook.presto.sql.analyzer.TestAnalyzer"/>
  <testcase name="testWildcardWithoutFrom" time="0.012" classname="com.facebook.presto.sql.analyzer.TestAnalyzer"/>
  <testcase name="testOrderByMustAppearInSelectWithDistinct" time="0.008" classname="com.facebook.presto.sql.analyzer.TestAnalyzer"/>
  <testcase name="testNonAggregate" time="0.021" classname="com.facebook.presto.sql.analyzer.TestAnalyzer"/>
  <testcase name="testWindowsNotAllowed" time="0.008" classname="com.facebook.presto.sql.analyzer.TestAnalyzer"/>
  <testcase name="testGroupByWithQualifiedName3" time="0.008" classname="com.facebook.presto.sql.analyzer.TestAnalyzer"/>
  <testcase name="testWildcardWithInvalidPrefix" time="0.009" classname="com.facebook.presto.sql.analyzer.TestAnalyzer"/>
  <testcase name="testExpressions" time="0.025" classname="com.facebook.presto.sql.analyzer.TestAnalyzer"/>
  <testcase name="testWithForwardReference" time="0.011" classname="com.facebook.presto.sql.analyzer.TestAnalyzer"/>
  <testcase name="testOrderByExpressionOnOutputColumn" time="0.013" classname="com.facebook.presto.sql.analyzer.TestAnalyzer"/>
  <testcase name="testGroupByComplexExpressions" time="0.015" classname="com.facebook.presto.sql.analyzer.TestAnalyzer"/>
  <testcase name="testGroupByCase" time="0.016" classname="com.facebook.presto.sql.analyzer.TestAnalyzer"/>
  <testcase name="testAmbiguousReferenceInOrderBy" time="0.013" classname="com.facebook.presto.sql.analyzer.TestAnalyzer"/>
  <testcase name="testGroupByInvalidOrdinal" time="0.013" classname="com.facebook.presto.sql.analyzer.TestAnalyzer"/>
  <testcase name="testGroupBy" time="0.012" classname="com.facebook.presto.sql.analyzer.TestAnalyzer"/>
  <testcase name="testNonEquiJoin" time="0.009" classname="com.facebook.presto.sql.analyzer.TestAnalyzer"/>
  <testcase name="testNonBooleanHaving" time="0.010" classname="com.facebook.presto.sql.analyzer.TestAnalyzer"/>
  <testcase name="testNestedWindowFunctions" time="0.016" classname="com.facebook.presto.sql.analyzer.TestAnalyzer"/>
  <testcase name="testOrderByExpressionOnOutputColumn2" time="0.008" classname="com.facebook.presto.sql.analyzer.TestAnalyzer"/>
  <testcase name="testMismatchedColumnAliasCount" time="0.009" classname="com.facebook.presto.sql.analyzer.TestAnalyzer"/>
  <testcase name="testGroupByWithQualifiedName2" time="0.011" classname="com.facebook.presto.sql.analyzer.TestAnalyzer"/>
  <testcase name="testNonNumericTableSamplePercentage" time="0.013" classname="com.facebook.presto.sql.analyzer.TestAnalyzer"/>
  <testcase name="testAggregationsNotAllowed" time="0.014" classname="com.facebook.presto.sql.analyzer.TestAnalyzer"/>
  <testcase name="testNonBooleanWhereClause" time="0.010" classname="com.facebook.presto.sql.analyzer.TestAnalyzer"/>
  <testcase name="testAggregateWithWildcard" time="0.016" classname="com.facebook.presto.sql.analyzer.TestAnalyzer"/>
  <testcase name="testDuplicateRelation" time="0.014" classname="com.facebook.presto.sql.analyzer.TestAnalyzer"/>
  <testcase name="testGroupByOrdinalsWithWildcard" time="0.012" classname="com.facebook.presto.sql.analyzer.TestAnalyzer"/>
  <testcase name="testGroupByWithWildcard" time="0.012" classname="com.facebook.presto.sql.analyzer.TestAnalyzer"/>
</testsuite> <!-- com.facebook.presto.sql.analyzer.TestAnalyzer -->
