<?xml version="1.0" encoding="UTF-8"?>
<!-- Generated by org.testng.reporters.JUnitReportReporter -->
<testsuite hostname="dlnode13" name="com.facebook.presto.operator.TestExchangeClient" tests="4" failures="0" timestamp="7 May 2014 07:00:32 GMT" time="0.363" errors="0">
  <testcase name="testClose" time="0.003" classname="com.facebook.presto.operator.TestExchangeClient"/>
  <testcase name="testHappyPath" time="0.002" classname="com.facebook.presto.operator.TestExchangeClient"/>
  <testcase name="testBufferLimit" time="0.308" classname="com.facebook.presto.operator.TestExchangeClient"/>
  <testcase name="testAddLocation" time="0.050" classname="com.facebook.presto.operator.TestExchangeClient"/>
</testsuite> <!-- com.facebook.presto.operator.TestExchangeClient -->
