<?xml version="1.0" encoding="UTF-8"?>
<!-- Generated by org.testng.reporters.JUnitReportReporter -->
<testsuite hostname="dlnode13" name="com.facebook.presto.util.TestThreadLocalCache" tests="2" failures="0" timestamp="7 May 2014 07:00:32 GMT" time="0.002" errors="0">
  <testcase name="testDisallowsNulls" time="0.001" classname="com.facebook.presto.util.TestThreadLocalCache"/>
  <testcase name="testSanity" time="0.001" classname="com.facebook.presto.util.TestThreadLocalCache"/>
</testsuite> <!-- com.facebook.presto.util.TestThreadLocalCache -->
