<?xml version="1.0" encoding="UTF-8"?>
<!-- Generated by org.testng.reporters.JUnitReportReporter -->
<testsuite hostname="dlnode13" name="com.facebook.presto.metadata.TestNativeMetadata" tests="4" failures="0" timestamp="7 May 2014 07:00:32 GMT" time="0.050" errors="0">
  <testcase name="testListTableColumnsFiltering" time="0.010" classname="com.facebook.presto.metadata.TestNativeMetadata"/>
  <testcase name="testCreateTable" time="0.023" classname="com.facebook.presto.metadata.TestNativeMetadata"/>
  <testcase name="testListTables" time="0.008" classname="com.facebook.presto.metadata.TestNativeMetadata"/>
  <testcase name="testListTableColumns" time="0.009" classname="com.facebook.presto.metadata.TestNativeMetadata"/>
</testsuite> <!-- com.facebook.presto.metadata.TestNativeMetadata -->
