<?xml version="1.0" encoding="UTF-8"?>
<!-- Generated by org.testng.reporters.JUnitReportReporter -->
<testsuite hostname="dlnode13" name="com.facebook.presto.operator.TestExchangeClientConfig" tests="2" failures="0" timestamp="7 May 2014 07:00:32 GMT" time="0.028" errors="0">
  <testcase name="testExplicitPropertyMappings" time="0.005" classname="com.facebook.presto.operator.TestExchangeClientConfig"/>
  <testcase name="testDefaults" time="0.023" classname="com.facebook.presto.operator.TestExchangeClientConfig"/>
</testsuite> <!-- com.facebook.presto.operator.TestExchangeClientConfig -->
