<?xml version="1.0" encoding="UTF-8"?>
<!-- Generated by org.testng.reporters.JUnitReportReporter -->
<testsuite hostname="dlnode13" name="com.facebook.presto.operator.window.TestWindowFunctions" tests="6" failures="0" timestamp="7 May 2014 07:00:32 GMT" time="1.254" errors="0">
  <testcase name="testRowNumber" time="0.163" classname="com.facebook.presto.operator.window.TestWindowFunctions"/>
  <testcase name="testPercentRank" time="0.351" classname="com.facebook.presto.operator.window.TestWindowFunctions"/>
  <testcase name="testRowNumberPartitioning" time="0.166" classname="com.facebook.presto.operator.window.TestWindowFunctions"/>
  <testcase name="testRank" time="0.081" classname="com.facebook.presto.operator.window.TestWindowFunctions"/>
  <testcase name="testDenseRank" time="0.084" classname="com.facebook.presto.operator.window.TestWindowFunctions"/>
  <testcase name="testCumulativeDistribution" time="0.409" classname="com.facebook.presto.operator.window.TestWindowFunctions"/>
</testsuite> <!-- com.facebook.presto.operator.window.TestWindowFunctions -->
