<?xml version="1.0" encoding="UTF-8"?>
<!-- Generated by org.testng.reporters.JUnitReportReporter -->
<testsuite hostname="dlnode13" name="com.facebook.presto.operator.scalar.TestStringFunctions" tests="14" failures="0" timestamp="7 May 2014 07:00:32 GMT" time="2.007" errors="0">
  <testcase name="testReverse" time="0.068" classname="com.facebook.presto.operator.scalar.TestStringFunctions"/>
  <testcase name="testSplitPart" time="0.528" classname="com.facebook.presto.operator.scalar.TestStringFunctions"/>
  <testcase name="testLower" time="0.054" classname="com.facebook.presto.operator.scalar.TestStringFunctions"/>
  <testcase name="testReplace" time="0.206" classname="com.facebook.presto.operator.scalar.TestStringFunctions"/>
  <testcase name="testStringPosition" time="0.136" classname="com.facebook.presto.operator.scalar.TestStringFunctions"/>
  <testcase name="testConcat" time="0.167" classname="com.facebook.presto.operator.scalar.TestStringFunctions"/>
  <testcase name="testTrim" time="0.103" classname="com.facebook.presto.operator.scalar.TestStringFunctions"/>
  <testcase name="testLeftTrim" time="0.104" classname="com.facebook.presto.operator.scalar.TestStringFunctions"/>
  <testcase name="testChr" time="0.074" classname="com.facebook.presto.operator.scalar.TestStringFunctions"/>
  <testcase name="testSubstring" time="0.359" classname="com.facebook.presto.operator.scalar.TestStringFunctions"/>
  <testcase name="testUpper" time="0.052" classname="com.facebook.presto.operator.scalar.TestStringFunctions"/>
  <testcase name="testLength" time="0.051" classname="com.facebook.presto.operator.scalar.TestStringFunctions"/>
  <testcase name="testSplitPartInvalid" time="0.002" classname="com.facebook.presto.operator.scalar.TestStringFunctions"/>
  <testcase name="testRightTrim" time="0.103" classname="com.facebook.presto.operator.scalar.TestStringFunctions"/>
</testsuite> <!-- com.facebook.presto.operator.scalar.TestStringFunctions -->
