<?xml version="1.0" encoding="UTF-8"?>
<!-- Generated by org.testng.reporters.JUnitReportReporter -->
<testsuite hostname="dlnode13" name="com.facebook.presto.execution.TaskExecutorTest" tests="100" failures="0" timestamp="7 May 2014 07:00:32 GMT" time="0.510" errors="0">
  <testcase name="test" time="0.004" classname="com.facebook.presto.execution.TaskExecutorTest"/>
  <testcase name="test" time="0.005" classname="com.facebook.presto.execution.TaskExecutorTest"/>
  <testcase name="test" time="0.004" classname="com.facebook.presto.execution.TaskExecutorTest"/>
  <testcase name="test" time="0.004" classname="com.facebook.presto.execution.TaskExecutorTest"/>
  <testcase name="test" time="0.004" classname="com.facebook.presto.execution.TaskExecutorTest"/>
  <testcase name="test" time="0.004" classname="com.facebook.presto.execution.TaskExecutorTest"/>
  <testcase name="test" time="0.005" classname="com.facebook.presto.execution.TaskExecutorTest"/>
  <testcase name="test" time="0.005" classname="com.facebook.presto.execution.TaskExecutorTest"/>
  <testcase name="test" time="0.005" classname="com.facebook.presto.execution.TaskExecutorTest"/>
  <testcase name="test" time="0.004" classname="com.facebook.presto.execution.TaskExecutorTest"/>
  <testcase name="test" time="0.005" classname="com.facebook.presto.execution.TaskExecutorTest"/>
  <testcase name="test" time="0.003" classname="com.facebook.presto.execution.TaskExecutorTest"/>
  <testcase name="test" time="0.006" classname="com.facebook.presto.execution.TaskExecutorTest"/>
  <testcase name="test" time="0.005" classname="com.facebook.presto.execution.TaskExecutorTest"/>
  <testcase name="test" time="0.006" classname="com.facebook.presto.execution.TaskExecutorTest"/>
  <testcase name="test" time="0.004" classname="com.facebook.presto.execution.TaskExecutorTest"/>
  <testcase name="test" time="0.004" classname="com.facebook.presto.execution.TaskExecutorTest"/>
  <testcase name="test" time="0.006" classname="com.facebook.presto.execution.TaskExecutorTest"/>
  <testcase name="test" time="0.005" classname="com.facebook.presto.execution.TaskExecutorTest"/>
  <testcase name="test" time="0.005" classname="com.facebook.presto.execution.TaskExecutorTest"/>
  <testcase name="test" time="0.005" classname="com.facebook.presto.execution.TaskExecutorTest"/>
  <testcase name="test" time="0.004" classname="com.facebook.presto.execution.TaskExecutorTest"/>
  <testcase name="test" time="0.004" classname="com.facebook.presto.execution.TaskExecutorTest"/>
  <testcase name="test" time="0.005" classname="com.facebook.presto.execution.TaskExecutorTest"/>
  <testcase name="test" time="0.005" classname="com.facebook.presto.execution.TaskExecutorTest"/>
  <testcase name="test" time="0.005" classname="com.facebook.presto.execution.TaskExecutorTest"/>
  <testcase name="test" time="0.005" classname="com.facebook.presto.execution.TaskExecutorTest"/>
  <testcase name="test" time="0.005" classname="com.facebook.presto.execution.TaskExecutorTest"/>
  <testcase name="test" time="0.005" classname="com.facebook.presto.execution.TaskExecutorTest"/>
  <testcase name="test" time="0.005" classname="com.facebook.presto.execution.TaskExecutorTest"/>
  <testcase name="test" time="0.004" classname="com.facebook.presto.execution.TaskExecutorTest"/>
  <testcase name="test" time="0.005" classname="com.facebook.presto.execution.TaskExecutorTest"/>
  <testcase name="test" time="0.005" classname="com.facebook.presto.execution.TaskExecutorTest"/>
  <testcase name="test" time="0.007" classname="com.facebook.presto.execution.TaskExecutorTest"/>
  <testcase name="test" time="0.006" classname="com.facebook.presto.execution.TaskExecutorTest"/>
  <testcase name="test" time="0.005" classname="com.facebook.presto.execution.TaskExecutorTest"/>
  <testcase name="test" time="0.004" classname="com.facebook.presto.execution.TaskExecutorTest"/>
  <testcase name="test" time="0.005" classname="com.facebook.presto.execution.TaskExecutorTest"/>
  <testcase name="test" time="0.004" classname="com.facebook.presto.execution.TaskExecutorTest"/>
  <testcase name="test" time="0.007" classname="com.facebook.presto.execution.TaskExecutorTest"/>
  <testcase name="test" time="0.005" classname="com.facebook.presto.execution.TaskExecutorTest"/>
  <testcase name="test" time="0.004" classname="com.facebook.presto.execution.TaskExecutorTest"/>
  <testcase name="test" time="0.004" classname="com.facebook.presto.execution.TaskExecutorTest"/>
  <testcase name="test" time="0.006" classname="com.facebook.presto.execution.TaskExecutorTest"/>
  <testcase name="test" time="0.004" classname="com.facebook.presto.execution.TaskExecutorTest"/>
  <testcase name="test" time="0.005" classname="com.facebook.presto.execution.TaskExecutorTest"/>
  <testcase name="test" time="0.009" classname="com.facebook.presto.execution.TaskExecutorTest"/>
  <testcase name="test" time="0.005" classname="com.facebook.presto.execution.TaskExecutorTest"/>
  <testcase name="test" time="0.004" classname="com.facebook.presto.execution.TaskExecutorTest"/>
  <testcase name="test" time="0.005" classname="com.facebook.presto.execution.TaskExecutorTest"/>
  <testcase name="test" time="0.004" classname="com.facebook.presto.execution.TaskExecutorTest"/>
  <testcase name="test" time="0.005" classname="com.facebook.presto.execution.TaskExecutorTest"/>
  <testcase name="test" time="0.004" classname="com.facebook.presto.execution.TaskExecutorTest"/>
  <testcase name="test" time="0.005" classname="com.facebook.presto.execution.TaskExecutorTest"/>
  <testcase name="test" time="0.005" classname="com.facebook.presto.execution.TaskExecutorTest"/>
  <testcase name="test" time="0.006" classname="com.facebook.presto.execution.TaskExecutorTest"/>
  <testcase name="test" time="0.004" classname="com.facebook.presto.execution.TaskExecutorTest"/>
  <testcase name="test" time="0.005" classname="com.facebook.presto.execution.TaskExecutorTest"/>
  <testcase name="test" time="0.004" classname="com.facebook.presto.execution.TaskExecutorTest"/>
  <testcase name="test" time="0.006" classname="com.facebook.presto.execution.TaskExecutorTest"/>
  <testcase name="test" time="0.006" classname="com.facebook.presto.execution.TaskExecutorTest"/>
  <testcase name="test" time="0.004" classname="com.facebook.presto.execution.TaskExecutorTest"/>
  <testcase name="test" time="0.006" classname="com.facebook.presto.execution.TaskExecutorTest"/>
  <testcase name="test" time="0.004" classname="com.facebook.presto.execution.TaskExecutorTest"/>
  <testcase name="test" time="0.005" classname="com.facebook.presto.execution.TaskExecutorTest"/>
  <testcase name="test" time="0.005" classname="com.facebook.presto.execution.TaskExecutorTest"/>
  <testcase name="test" time="0.005" classname="com.facebook.presto.execution.TaskExecutorTest"/>
  <testcase name="test" time="0.005" classname="com.facebook.presto.execution.TaskExecutorTest"/>
  <testcase name="test" time="0.005" classname="com.facebook.presto.execution.TaskExecutorTest"/>
  <testcase name="test" time="0.009" classname="com.facebook.presto.execution.TaskExecutorTest"/>
  <testcase name="test" time="0.005" classname="com.facebook.presto.execution.TaskExecutorTest"/>
  <testcase name="test" time="0.006" classname="com.facebook.presto.execution.TaskExecutorTest"/>
  <testcase name="test" time="0.004" classname="com.facebook.presto.execution.TaskExecutorTest"/>
  <testcase name="test" time="0.005" classname="com.facebook.presto.execution.TaskExecutorTest"/>
  <testcase name="test" time="0.005" classname="com.facebook.presto.execution.TaskExecutorTest"/>
  <testcase name="test" time="0.006" classname="com.facebook.presto.execution.TaskExecutorTest"/>
  <testcase name="test" time="0.004" classname="com.facebook.presto.execution.TaskExecutorTest"/>
  <testcase name="test" time="0.005" classname="com.facebook.presto.execution.TaskExecutorTest"/>
  <testcase name="test" time="0.005" classname="com.facebook.presto.execution.TaskExecutorTest"/>
  <testcase name="test" time="0.005" classname="com.facebook.presto.execution.TaskExecutorTest"/>
  <testcase name="test" time="0.016" classname="com.facebook.presto.execution.TaskExecutorTest"/>
  <testcase name="test" time="0.004" classname="com.facebook.presto.execution.TaskExecutorTest"/>
  <testcase name="test" time="0.004" classname="com.facebook.presto.execution.TaskExecutorTest"/>
  <testcase name="test" time="0.004" classname="com.facebook.presto.execution.TaskExecutorTest"/>
  <testcase name="test" time="0.004" classname="com.facebook.presto.execution.TaskExecutorTest"/>
  <testcase name="test" time="0.004" classname="com.facebook.presto.execution.TaskExecutorTest"/>
  <testcase name="test" time="0.005" classname="com.facebook.presto.execution.TaskExecutorTest"/>
  <testcase name="test" time="0.005" classname="com.facebook.presto.execution.TaskExecutorTest"/>
  <testcase name="test" time="0.007" classname="com.facebook.presto.execution.TaskExecutorTest"/>
  <testcase name="test" time="0.004" classname="com.facebook.presto.execution.TaskExecutorTest"/>
  <testcase name="test" time="0.005" classname="com.facebook.presto.execution.TaskExecutorTest"/>
  <testcase name="test" time="0.005" classname="com.facebook.presto.execution.TaskExecutorTest"/>
  <testcase name="test" time="0.005" classname="com.facebook.presto.execution.TaskExecutorTest"/>
  <testcase name="test" time="0.004" classname="com.facebook.presto.execution.TaskExecutorTest"/>
  <testcase name="test" time="0.011" classname="com.facebook.presto.execution.TaskExecutorTest"/>
  <testcase name="test" time="0.005" classname="com.facebook.presto.execution.TaskExecutorTest"/>
  <testcase name="test" time="0.004" classname="com.facebook.presto.execution.TaskExecutorTest"/>
  <testcase name="test" time="0.005" classname="com.facebook.presto.execution.TaskExecutorTest"/>
  <testcase name="test" time="0.005" classname="com.facebook.presto.execution.TaskExecutorTest"/>
  <testcase name="test" time="0.008" classname="com.facebook.presto.execution.TaskExecutorTest"/>
</testsuite> <!-- com.facebook.presto.execution.TaskExecutorTest -->
