<?xml version="1.0" encoding="UTF-8"?>
<!-- Generated by org.testng.reporters.JUnitReportReporter -->
<testsuite hostname="dlnode13" name="com.facebook.presto.sql.gen.TestExpressionCompiler" tests="30" failures="0" timestamp="7 May 2014 07:00:32 GMT" time="60.064" errors="0">
  <testcase name="testBinaryOperatorsString" time="3.096" classname="com.facebook.presto.sql.gen.TestExpressionCompiler"/>
  <testcase name="testTernaryOperatorsString" time="1.522" classname="com.facebook.presto.sql.gen.TestExpressionCompiler"/>
  <testcase name="testCoalesce" time="0.241" classname="com.facebook.presto.sql.gen.TestExpressionCompiler"/>
  <testcase name="testExtract" time="1.358" classname="com.facebook.presto.sql.gen.TestExpressionCompiler"/>
  <testcase name="testTernaryOperatorsLongLong" time="1.863" classname="com.facebook.presto.sql.gen.TestExpressionCompiler"/>
  <testcase name="testNot" time="0.053" classname="com.facebook.presto.sql.gen.TestExpressionCompiler"/>
  <testcase name="testBinaryOperatorsDoubleDouble" time="5.231" classname="com.facebook.presto.sql.gen.TestExpressionCompiler"/>
  <testcase name="testHugeIn" time="0.436" classname="com.facebook.presto.sql.gen.TestExpressionCompiler"/>
  <testcase name="testSimpleCase" time="4.235" classname="com.facebook.presto.sql.gen.TestExpressionCompiler"/>
  <testcase name="testFunctionCallRegexp" time="0.584" classname="com.facebook.presto.sql.gen.TestExpressionCompiler"/>
  <testcase name="testFunctionCallJson" time="0.686" classname="com.facebook.presto.sql.gen.TestExpressionCompiler"/>
  <testcase name="testBinaryOperatorsBoolean" time="0.284" classname="com.facebook.presto.sql.gen.TestExpressionCompiler"/>
  <testcase name="testBinaryOperatorsLongDouble" time="4.383" classname="com.facebook.presto.sql.gen.TestExpressionCompiler"/>
  <testcase name="testOr" time="0.062" classname="com.facebook.presto.sql.gen.TestExpressionCompiler"/>
  <testcase name="testUnaryOperators" time="0.641" classname="com.facebook.presto.sql.gen.TestExpressionCompiler"/>
  <testcase name="testBinaryOperatorsLongLong" time="2.351" classname="com.facebook.presto.sql.gen.TestExpressionCompiler"/>
  <testcase name="testAnd" time="0.077" classname="com.facebook.presto.sql.gen.TestExpressionCompiler"/>
  <testcase name="testFunctionCall" time="4.080" classname="com.facebook.presto.sql.gen.TestExpressionCompiler"/>
  <testcase name="testBinaryOperatorsDoubleLong" time="5.600" classname="com.facebook.presto.sql.gen.TestExpressionCompiler"/>
  <testcase name="testIf" time="0.795" classname="com.facebook.presto.sql.gen.TestExpressionCompiler"/>
  <testcase name="smokeTest" time="0.081" classname="com.facebook.presto.sql.gen.TestExpressionCompiler"/>
  <testcase name="testFunctionWithSessionCall" time="0.051" classname="com.facebook.presto.sql.gen.TestExpressionCompiler"/>
  <testcase name="filterFunction" time="0.061" classname="com.facebook.presto.sql.gen.TestExpressionCompiler"/>
  <testcase name="testLike" time="0.249" classname="com.facebook.presto.sql.gen.TestExpressionCompiler"/>
  <testcase name="testTernaryOperatorsDoubleDouble" time="6.021" classname="com.facebook.presto.sql.gen.TestExpressionCompiler"/>
  <testcase name="testSearchCaseSingle" time="4.985" classname="com.facebook.presto.sql.gen.TestExpressionCompiler"/>
  <testcase name="testCast" time="1.255" classname="com.facebook.presto.sql.gen.TestExpressionCompiler"/>
  <testcase name="testSearchCaseMultiple" time="5.114" classname="com.facebook.presto.sql.gen.TestExpressionCompiler"/>
  <testcase name="testTernaryOperatorsLongDouble" time="3.960" classname="com.facebook.presto.sql.gen.TestExpressionCompiler"/>
  <testcase name="testIn" time="0.709" classname="com.facebook.presto.sql.gen.TestExpressionCompiler"/>
</testsuite> <!-- com.facebook.presto.sql.gen.TestExpressionCompiler -->
