<?xml version="1.0" encoding="UTF-8"?>
<!-- Generated by org.testng.reporters.JUnitReportReporter -->
<testsuite hostname="dlnode13" name="com.facebook.presto.operator.TestDriverStats" tests="1" failures="0" timestamp="7 May 2014 07:00:32 GMT" time="0.321" errors="0">
  <testcase name="testJson" time="0.321" classname="com.facebook.presto.operator.TestDriverStats"/>
</testsuite> <!-- com.facebook.presto.operator.TestDriverStats -->
