<?xml version="1.0" encoding="UTF-8"?>
<!-- Generated by org.testng.reporters.JUnitReportReporter -->
<testsuite hostname="dlnode13" name="com.facebook.presto.operator.aggregation.TestLongApproximateAverageAggregation" tests="15" failures="0" timestamp="7 May 2014 07:00:32 GMT" time="0.015" errors="0">
  <testcase name="testVectorPartialWithMultiplePositions" time="0.001" classname="com.facebook.presto.operator.aggregation.TestLongApproximateAverageAggregation"/>
  <testcase name="testVectorAllPositionsNull" time="0.000" classname="com.facebook.presto.operator.aggregation.TestLongApproximateAverageAggregation"/>
  <testcase name="testMixedNullAndNonNullPositions" time="0.001" classname="com.facebook.presto.operator.aggregation.TestLongApproximateAverageAggregation"/>
  <testcase name="testNegativeOnlyValues" time="0.001" classname="com.facebook.presto.operator.aggregation.TestLongApproximateAverageAggregation"/>
  <testcase name="testPartialWithMixedNullAndNonNullPositions" time="0.002" classname="com.facebook.presto.operator.aggregation.TestLongApproximateAverageAggregation"/>
  <testcase name="testNoPositions" time="0.000" classname="com.facebook.presto.operator.aggregation.TestLongApproximateAverageAggregation"/>
  <testcase name="testVectorMultiplePositions" time="0.001" classname="com.facebook.presto.operator.aggregation.TestLongApproximateAverageAggregation"/>
  <testcase name="testPartialWithMultiplePositions" time="0.001" classname="com.facebook.presto.operator.aggregation.TestLongApproximateAverageAggregation"/>
  <testcase name="testSinglePosition" time="0.001" classname="com.facebook.presto.operator.aggregation.TestLongApproximateAverageAggregation"/>
  <testcase name="testVectorSinglePosition" time="0.001" classname="com.facebook.presto.operator.aggregation.TestLongApproximateAverageAggregation"/>
  <testcase name="testPositiveOnlyValues" time="0.001" classname="com.facebook.presto.operator.aggregation.TestLongApproximateAverageAggregation"/>
  <testcase name="testVectorMixedNullAndNonNullPositions" time="0.000" classname="com.facebook.presto.operator.aggregation.TestLongApproximateAverageAggregation"/>
  <testcase name="testVectorPartialWithMixedNullAndNonNullPositions" time="0.002" classname="com.facebook.presto.operator.aggregation.TestLongApproximateAverageAggregation"/>
  <testcase name="testAllPositionsNull" time="0.002" classname="com.facebook.presto.operator.aggregation.TestLongApproximateAverageAggregation"/>
  <testcase name="testMultiplePositions" time="0.001" classname="com.facebook.presto.operator.aggregation.TestLongApproximateAverageAggregation"/>
</testsuite> <!-- com.facebook.presto.operator.aggregation.TestLongApproximateAverageAggregation -->
