<?xml version="1.0" encoding="UTF-8"?>
<!-- Generated by org.testng.reporters.JUnitReportReporter -->
<testsuite hostname="dlnode13" name="com.facebook.presto.operator.TestWindowOperator" tests="4" failures="0" timestamp="7 May 2014 07:00:32 GMT" time="0.004" errors="0">
  <testcase name="testRowNumberArbitrary" time="0.002" classname="com.facebook.presto.operator.TestWindowOperator"/>
  <testcase name="testMemoryLimit" time="0.000" classname="com.facebook.presto.operator.TestWindowOperator"/>
  <testcase name="testRowNumberPartition" time="0.001" classname="com.facebook.presto.operator.TestWindowOperator"/>
  <testcase name="testRowNumber" time="0.001" classname="com.facebook.presto.operator.TestWindowOperator"/>
</testsuite> <!-- com.facebook.presto.operator.TestWindowOperator -->
