<?xml version="1.0" encoding="UTF-8"?>
<!-- Generated by org.testng.reporters.JUnitReportReporter -->
<testsuite hostname="dlnode13" name="com.facebook.presto.execution.TestQueryManagerConfig" tests="2" failures="0" timestamp="7 May 2014 07:00:32 GMT" time="0.030" errors="0">
  <testcase name="testDefaults" time="0.024" classname="com.facebook.presto.execution.TestQueryManagerConfig"/>
  <testcase name="testExplicitPropertyMappings" time="0.006" classname="com.facebook.presto.execution.TestQueryManagerConfig"/>
</testsuite> <!-- com.facebook.presto.execution.TestQueryManagerConfig -->
