<?xml version="1.0" encoding="UTF-8"?>
<!-- Generated by org.testng.reporters.JUnitReportReporter -->
<testsuite hostname="dlnode13" name="com.facebook.presto.operator.TestFilterAndProjectOperator" tests="1" failures="0" timestamp="7 May 2014 07:00:32 GMT" time="0.003" errors="0">
  <testcase name="testAlignment" time="0.003" classname="com.facebook.presto.operator.TestFilterAndProjectOperator"/>
</testsuite> <!-- com.facebook.presto.operator.TestFilterAndProjectOperator -->
