<?xml version="1.0" encoding="UTF-8"?>
<!-- Generated by org.testng.reporters.JUnitReportReporter -->
<testsuite hostname="dlnode13" name="com.facebook.presto.metadata.TestShardManagerDao" tests="4" failures="0" timestamp="7 May 2014 07:00:32 GMT" time="0.058" errors="0">
  <testcase name="testTableCreation" time="0.011" classname="com.facebook.presto.metadata.TestShardManagerDao"/>
  <testcase name="testShardSelection" time="0.019" classname="com.facebook.presto.metadata.TestShardManagerDao"/>
  <testcase name="testPartitionKey" time="0.015" classname="com.facebook.presto.metadata.TestShardManagerDao"/>
  <testcase name="testNodeInsert" time="0.013" classname="com.facebook.presto.metadata.TestShardManagerDao"/>
</testsuite> <!-- com.facebook.presto.metadata.TestShardManagerDao -->
