<?xml version="1.0" encoding="UTF-8"?>
<!-- Generated by org.testng.reporters.JUnitReportReporter -->
<testsuite hostname="dlnode13" name="com.facebook.presto.sql.planner.TestEffectivePredicateExtractor" tests="13" failures="0" timestamp="7 May 2014 07:00:32 GMT" time="0.012" errors="0">
  <testcase name="testTopN" time="0.000" classname="com.facebook.presto.sql.planner.TestEffectivePredicateExtractor"/>
  <testcase name="testRightJoin" time="0.003" classname="com.facebook.presto.sql.planner.TestEffectivePredicateExtractor"/>
  <testcase name="testSort" time="0.002" classname="com.facebook.presto.sql.planner.TestEffectivePredicateExtractor"/>
  <testcase name="testAggregation" time="0.001" classname="com.facebook.presto.sql.planner.TestEffectivePredicateExtractor"/>
  <testcase name="testInnerJoin" time="0.001" classname="com.facebook.presto.sql.planner.TestEffectivePredicateExtractor"/>
  <testcase name="testUnion" time="0.001" classname="com.facebook.presto.sql.planner.TestEffectivePredicateExtractor"/>
  <testcase name="testProject" time="0.001" classname="com.facebook.presto.sql.planner.TestEffectivePredicateExtractor"/>
  <testcase name="testWindow" time="0.001" classname="com.facebook.presto.sql.planner.TestEffectivePredicateExtractor"/>
  <testcase name="testTableScan" time="0.000" classname="com.facebook.presto.sql.planner.TestEffectivePredicateExtractor"/>
  <testcase name="testLimit" time="0.000" classname="com.facebook.presto.sql.planner.TestEffectivePredicateExtractor"/>
  <testcase name="testFilter" time="0.000" classname="com.facebook.presto.sql.planner.TestEffectivePredicateExtractor"/>
  <testcase name="testLeftJoin" time="0.001" classname="com.facebook.presto.sql.planner.TestEffectivePredicateExtractor"/>
  <testcase name="testSemiJoin" time="0.001" classname="com.facebook.presto.sql.planner.TestEffectivePredicateExtractor"/>
</testsuite> <!-- com.facebook.presto.sql.planner.TestEffectivePredicateExtractor -->
