<?xml version="1.0" encoding="UTF-8"?>
<!-- Generated by org.testng.reporters.JUnitReportReporter -->
<testsuite hostname="dlnode13" name="com.facebook.presto.operator.scalar.TestUrlFunctions" tests="2" failures="0" timestamp="7 May 2014 07:00:32 GMT" time="1.141" errors="0">
  <testcase name="testUrlExtract" time="0.982" classname="com.facebook.presto.operator.scalar.TestUrlFunctions"/>
  <testcase name="testUrlExtractParameter" time="0.159" classname="com.facebook.presto.operator.scalar.TestUrlFunctions"/>
</testsuite> <!-- com.facebook.presto.operator.scalar.TestUrlFunctions -->
