<?xml version="1.0" encoding="UTF-8"?>
<!-- Generated by org.testng.reporters.JUnitReportReporter -->
<testsuite hostname="dlnode13" name="com.facebook.presto.block.rle.TestRunLengthEncodedBlockCursor" tests="4" failures="0" timestamp="7 May 2014 07:00:32 GMT" time="0.001" errors="0">
  <testcase name="testAdvanceNextPosition" time="0.000" classname="com.facebook.presto.block.rle.TestRunLengthEncodedBlockCursor"/>
  <testcase name="testStates" time="0.000" classname="com.facebook.presto.block.rle.TestRunLengthEncodedBlockCursor"/>
  <testcase name="testAdvanceToPosition" time="0.001" classname="com.facebook.presto.block.rle.TestRunLengthEncodedBlockCursor"/>
  <testcase name="testFirstPosition" time="0.000" classname="com.facebook.presto.block.rle.TestRunLengthEncodedBlockCursor"/>
</testsuite> <!-- com.facebook.presto.block.rle.TestRunLengthEncodedBlockCursor -->
