<?xml version="1.0" encoding="UTF-8"?>
<!-- Generated by org.testng.reporters.JUnitReportReporter -->
<testsuite hostname="dlnode13" name="com.facebook.presto.block.uncompressed.TestUncompressedDoubleBlockCursorWithNulls" tests="6" failures="0" timestamp="7 May 2014 07:00:32 GMT" time="0.003" errors="0">
  <testcase name="testCursorType" time="0.001" classname="com.facebook.presto.block.uncompressed.TestUncompressedDoubleBlockCursorWithNulls"/>
  <testcase name="testStates" time="0.000" classname="com.facebook.presto.block.uncompressed.TestUncompressedDoubleBlockCursorWithNulls"/>
  <testcase name="testAdvanceToPosition" time="0.000" classname="com.facebook.presto.block.uncompressed.TestUncompressedDoubleBlockCursorWithNulls"/>
  <testcase name="testFirstPosition" time="0.001" classname="com.facebook.presto.block.uncompressed.TestUncompressedDoubleBlockCursorWithNulls"/>
  <testcase name="testNullValues" time="0.000" classname="com.facebook.presto.block.uncompressed.TestUncompressedDoubleBlockCursorWithNulls"/>
  <testcase name="testAdvanceNextPosition" time="0.001" classname="com.facebook.presto.block.uncompressed.TestUncompressedDoubleBlockCursorWithNulls"/>
</testsuite> <!-- com.facebook.presto.block.uncompressed.TestUncompressedDoubleBlockCursorWithNulls -->
