<?xml version="1.0" encoding="UTF-8"?>
<!-- Generated by org.testng.reporters.JUnitReportReporter -->
<testsuite hostname="dlnode13" name="com.facebook.presto.operator.TestTopNOperator" tests="3" failures="0" timestamp="7 May 2014 07:00:32 GMT" time="0.005" errors="0">
  <testcase name="testReverseOrder" time="0.002" classname="com.facebook.presto.operator.TestTopNOperator"/>
  <testcase name="testSingleFieldKey" time="0.001" classname="com.facebook.presto.operator.TestTopNOperator"/>
  <testcase name="testMultiFieldKey" time="0.002" classname="com.facebook.presto.operator.TestTopNOperator"/>
</testsuite> <!-- com.facebook.presto.operator.TestTopNOperator -->
