<?xml version="1.0" encoding="UTF-8"?>
<!-- Generated by org.testng.reporters.JUnitReportReporter -->
<testsuite hostname="dlnode13" name="com.facebook.presto.sql.TestExpressionInterpreter" tests="31" failures="0" timestamp="7 May 2014 07:00:32 GMT" time="0.144" errors="0">
  <testcase name="testDateLiteral" time="0.003" classname="com.facebook.presto.sql.TestExpressionInterpreter"/>
  <testcase name="testOr" time="0.004" classname="com.facebook.presto.sql.TestExpressionInterpreter"/>
  <testcase name="testSimpleCase" time="0.004" classname="com.facebook.presto.sql.TestExpressionInterpreter"/>
  <testcase name="testIn" time="0.008" classname="com.facebook.presto.sql.TestExpressionInterpreter"/>
  <testcase name="testExtract" time="0.006" classname="com.facebook.presto.sql.TestExpressionInterpreter"/>
  <testcase name="testOptimizeDivideByZero" time="0.000" classname="com.facebook.presto.sql.TestExpressionInterpreter"/>
  <testcase name="testCastOptimization" time="0.000" classname="com.facebook.presto.sql.TestExpressionInterpreter"/>
  <testcase name="testIntervalLiteral" time="0.008" classname="com.facebook.presto.sql.TestExpressionInterpreter"/>
  <testcase name="testCastToString" time="0.002" classname="com.facebook.presto.sql.TestExpressionInterpreter"/>
  <testcase name="testTimestampLiteral" time="0.013" classname="com.facebook.presto.sql.TestExpressionInterpreter"/>
  <testcase name="testCastToLong" time="0.002" classname="com.facebook.presto.sql.TestExpressionInterpreter"/>
  <testcase name="testLikeInvalidUtf8" time="0.011" classname="com.facebook.presto.sql.TestExpressionInterpreter"/>
  <testcase name="testCastToBoolean" time="0.002" classname="com.facebook.presto.sql.TestExpressionInterpreter"/>
  <testcase name="testLikeOptimization" time="0.003" classname="com.facebook.presto.sql.TestExpressionInterpreter"/>
  <testcase name="testReservedWithDoubleQuotes" time="0.000" classname="com.facebook.presto.sql.TestExpressionInterpreter"/>
  <testcase name="testTimeLiteral" time="0.022" classname="com.facebook.presto.sql.TestExpressionInterpreter"/>
  <testcase name="testCurrentTimestamp" time="0.001" classname="com.facebook.presto.sql.TestExpressionInterpreter"/>
  <testcase name="testAnd" time="0.004" classname="com.facebook.presto.sql.TestExpressionInterpreter"/>
  <testcase name="testLike" time="0.020" classname="com.facebook.presto.sql.TestExpressionInterpreter"/>
  <testcase name="testIf" time="0.003" classname="com.facebook.presto.sql.TestExpressionInterpreter"/>
  <testcase name="testOptimizeConstantSearchedCaseDivideByZero" time="0.000" classname="com.facebook.presto.sql.TestExpressionInterpreter"/>
  <testcase name="testCastToDouble" time="0.003" classname="com.facebook.presto.sql.TestExpressionInterpreter"/>
  <testcase name="testComparison" time="0.002" classname="com.facebook.presto.sql.TestExpressionInterpreter"/>
  <testcase name="testOptimizeConstantIfDivideByZero" time="0.001" classname="com.facebook.presto.sql.TestExpressionInterpreter"/>
  <testcase name="testNonDeterministicFunctionCall" time="0.001" classname="com.facebook.presto.sql.TestExpressionInterpreter"/>
  <testcase name="testFunctionCall" time="0.002" classname="com.facebook.presto.sql.TestExpressionInterpreter"/>
  <testcase name="testIsDistinctFrom" time="0.001" classname="com.facebook.presto.sql.TestExpressionInterpreter"/>
  <testcase name="testFailedExpressionOptimization" time="0.008" classname="com.facebook.presto.sql.TestExpressionInterpreter"/>
  <testcase name="testSearchCase" time="0.004" classname="com.facebook.presto.sql.TestExpressionInterpreter"/>
  <testcase name="testBetween" time="0.003" classname="com.facebook.presto.sql.TestExpressionInterpreter"/>
  <testcase name="testIntervalMath" time="0.003" classname="com.facebook.presto.sql.TestExpressionInterpreter"/>
</testsuite> <!-- com.facebook.presto.sql.TestExpressionInterpreter -->
