<?xml version="1.0" encoding="UTF-8"?>
<!-- Generated by org.testng.reporters.JUnitReportReporter -->
<testsuite hostname="dlnode13" name="com.facebook.presto.metadata.TestDiscoveryNodeManager" tests="3" failures="0" timestamp="7 May 2014 07:00:32 GMT" time="0.006" errors="0">
  <testcase name="testGetCurrentNode" time="0.001" classname="com.facebook.presto.metadata.TestDiscoveryNodeManager"/>
  <testcase name="testGetAllNodes" time="0.003" classname="com.facebook.presto.metadata.TestDiscoveryNodeManager"/>
  <testcase name="testGetCurrentNodeRequired" time="0.002" classname="com.facebook.presto.metadata.TestDiscoveryNodeManager"/>
</testsuite> <!-- com.facebook.presto.metadata.TestDiscoveryNodeManager -->
