<?xml version="1.0" encoding="UTF-8"?>
<!-- Generated by org.testng.reporters.JUnitReportReporter -->
<testsuite hostname="dlnode13" name="com.facebook.presto.operator.scalar.TestConditions" tests="7" failures="0" timestamp="7 May 2014 07:00:32 GMT" time="1.369" errors="0">
  <testcase name="testLike" time="0.296" classname="com.facebook.presto.operator.scalar.TestConditions"/>
  <testcase name="testSimpleCase" time="0.147" classname="com.facebook.presto.operator.scalar.TestConditions"/>
  <testcase name="testBetween" time="0.537" classname="com.facebook.presto.operator.scalar.TestConditions"/>
  <testcase name="testSearchCase" time="0.132" classname="com.facebook.presto.operator.scalar.TestConditions"/>
  <testcase name="testInDoesNotShortCircuit" time="0.010" classname="com.facebook.presto.operator.scalar.TestConditions"/>
  <testcase name="testLikeInvalidEscape" time="0.001" classname="com.facebook.presto.operator.scalar.TestConditions"/>
  <testcase name="testIn" time="0.246" classname="com.facebook.presto.operator.scalar.TestConditions"/>
</testsuite> <!-- com.facebook.presto.operator.scalar.TestConditions -->
