<?xml version="1.0" encoding="UTF-8"?>
<!-- Generated by org.testng.reporters.JUnitReportReporter -->
<testsuite hostname="dlnode13" name="com.facebook.presto.operator.aggregation.TestApproximateCountDistinctLong" tests="6" failures="0" timestamp="7 May 2014 07:00:32 GMT" time="2.971" errors="0">
  <testcase name="testAllPositionsNull" time="0.001" classname="com.facebook.presto.operator.aggregation.TestApproximateCountDistinctLong"/>
  <testcase name="testMultiplePositions" time="2.136" classname="com.facebook.presto.operator.aggregation.TestApproximateCountDistinctLong"/>
  <testcase name="testMixedNullsAndNonNulls" time="0.110" classname="com.facebook.presto.operator.aggregation.TestApproximateCountDistinctLong"/>
  <testcase name="testNoPositions" time="0.001" classname="com.facebook.presto.operator.aggregation.TestApproximateCountDistinctLong"/>
  <testcase name="testSinglePosition" time="0.001" classname="com.facebook.presto.operator.aggregation.TestApproximateCountDistinctLong"/>
  <testcase name="testMultiplePositionsPartial" time="0.722" classname="com.facebook.presto.operator.aggregation.TestApproximateCountDistinctLong"/>
</testsuite> <!-- com.facebook.presto.operator.aggregation.TestApproximateCountDistinctLong -->
