<?xml version="1.0" encoding="UTF-8"?>
<!-- Generated by org.testng.reporters.JUnitReportReporter -->
<testsuite hostname="dlnode13" name="com.facebook.presto.operator.aggregation.TestApproximateCountDistinctDouble" tests="6" failures="0" timestamp="7 May 2014 07:00:32 GMT" time="3.227" errors="0">
  <testcase name="testAllPositionsNull" time="0.011" classname="com.facebook.presto.operator.aggregation.TestApproximateCountDistinctDouble"/>
  <testcase name="testMultiplePositionsPartial" time="0.851" classname="com.facebook.presto.operator.aggregation.TestApproximateCountDistinctDouble"/>
  <testcase name="testNoPositions" time="0.001" classname="com.facebook.presto.operator.aggregation.TestApproximateCountDistinctDouble"/>
  <testcase name="testMixedNullsAndNonNulls" time="0.393" classname="com.facebook.presto.operator.aggregation.TestApproximateCountDistinctDouble"/>
  <testcase name="testMultiplePositions" time="1.970" classname="com.facebook.presto.operator.aggregation.TestApproximateCountDistinctDouble"/>
  <testcase name="testSinglePosition" time="0.001" classname="com.facebook.presto.operator.aggregation.TestApproximateCountDistinctDouble"/>
</testsuite> <!-- com.facebook.presto.operator.aggregation.TestApproximateCountDistinctDouble -->
