<?xml version="1.0" encoding="UTF-8"?>
<!-- Generated by org.testng.reporters.JUnitReportReporter -->
<testsuite hostname="dlnode13" name="com.facebook.presto.operator.TestOperatorStats" tests="2" failures="0" timestamp="7 May 2014 07:00:32 GMT" time="0.002" errors="0">
  <testcase name="testAdd" time="0.000" classname="com.facebook.presto.operator.TestOperatorStats"/>
  <testcase name="testJson" time="0.002" classname="com.facebook.presto.operator.TestOperatorStats"/>
</testsuite> <!-- com.facebook.presto.operator.TestOperatorStats -->
