<?xml version="1.0" encoding="UTF-8"?>
<!-- Generated by org.testng.reporters.JUnitReportReporter -->
<testsuite hostname="dlnode13" name="com.facebook.presto.block.rle.TestRunLengthEncodedBlockCursorWithNull" tests="4" failures="0" timestamp="7 May 2014 07:00:32 GMT" time="0.000" errors="0">
  <testcase name="testFirstPosition" time="0.000" classname="com.facebook.presto.block.rle.TestRunLengthEncodedBlockCursorWithNull"/>
  <testcase name="testStates" time="0.000" classname="com.facebook.presto.block.rle.TestRunLengthEncodedBlockCursorWithNull"/>
  <testcase name="testAdvanceNextPosition" time="0.000" classname="com.facebook.presto.block.rle.TestRunLengthEncodedBlockCursorWithNull"/>
  <testcase name="testAdvanceToPosition" time="0.000" classname="com.facebook.presto.block.rle.TestRunLengthEncodedBlockCursorWithNull"/>
</testsuite> <!-- com.facebook.presto.block.rle.TestRunLengthEncodedBlockCursorWithNull -->
