<?xml version="1.0" encoding="UTF-8"?>
<!-- Generated by org.testng.reporters.JUnitReportReporter -->
<testsuite hostname="dlnode13" name="com.facebook.presto.operator.aggregation.TestApproximatePercentileAggregation" tests="4" failures="0" timestamp="7 May 2014 07:00:32 GMT" time="0.015" errors="0">
  <testcase name="testLongPartialStep" time="0.004" classname="com.facebook.presto.operator.aggregation.TestApproximatePercentileAggregation"/>
  <testcase name="testDoublePartialStep" time="0.006" classname="com.facebook.presto.operator.aggregation.TestApproximatePercentileAggregation"/>
  <testcase name="testDoubleSingleStep" time="0.003" classname="com.facebook.presto.operator.aggregation.TestApproximatePercentileAggregation"/>
  <testcase name="testLongSingleStep" time="0.002" classname="com.facebook.presto.operator.aggregation.TestApproximatePercentileAggregation"/>
</testsuite> <!-- com.facebook.presto.operator.aggregation.TestApproximatePercentileAggregation -->
