<?xml version="1.0" encoding="UTF-8"?>
<!-- Generated by org.testng.reporters.JUnitReportReporter -->
<testsuite hostname="dlnode13" name="com.facebook.presto.operator.TestRecordProjectOperator" tests="3" failures="0" timestamp="7 May 2014 07:00:32 GMT" time="0.079" errors="0">
  <testcase name="testFinish" time="0.076" classname="com.facebook.presto.operator.TestRecordProjectOperator"/>
  <testcase name="testSingleColumn" time="0.002" classname="com.facebook.presto.operator.TestRecordProjectOperator"/>
  <testcase name="testMultiColumn" time="0.001" classname="com.facebook.presto.operator.TestRecordProjectOperator"/>
</testsuite> <!-- com.facebook.presto.operator.TestRecordProjectOperator -->
