<?xml version="1.0" encoding="UTF-8"?>
<!-- Generated by org.testng.reporters.JUnitReportReporter -->
<testsuite hostname="dlnode13" name="com.facebook.presto.sql.planner.TestInterpretedFilterFunction" tests="9" failures="0" timestamp="7 May 2014 07:00:32 GMT" time="0.015" errors="0">
  <testcase name="testComparisonExpressionWithNulls" time="0.003" classname="com.facebook.presto.sql.planner.TestInterpretedFilterFunction"/>
  <testcase name="testIsNullExpression" time="0.001" classname="com.facebook.presto.sql.planner.TestInterpretedFilterFunction"/>
  <testcase name="testComparisonExpression" time="0.006" classname="com.facebook.presto.sql.planner.TestInterpretedFilterFunction"/>
  <testcase name="testORExpression" time="0.001" classname="com.facebook.presto.sql.planner.TestInterpretedFilterFunction"/>
  <testcase name="testAndExpression" time="0.001" classname="com.facebook.presto.sql.planner.TestInterpretedFilterFunction"/>
  <testcase name="testNotExpression" time="0.001" classname="com.facebook.presto.sql.planner.TestInterpretedFilterFunction"/>
  <testcase name="testBooleanLiteral" time="0.001" classname="com.facebook.presto.sql.planner.TestInterpretedFilterFunction"/>
  <testcase name="testIsNotNullExpression" time="0.001" classname="com.facebook.presto.sql.planner.TestInterpretedFilterFunction"/>
  <testcase name="testNullLiteral" time="0.000" classname="com.facebook.presto.sql.planner.TestInterpretedFilterFunction"/>
</testsuite> <!-- com.facebook.presto.sql.planner.TestInterpretedFilterFunction -->
