<?xml version="1.0" encoding="UTF-8"?>
<!-- Generated by org.testng.reporters.JUnitReportReporter -->
<testsuite hostname="dlnode13" name="com.facebook.presto.operator.aggregation.TestApproximateCountDistinctVarBinary" tests="6" failures="0" timestamp="7 May 2014 07:00:32 GMT" time="7.974" errors="0">
  <testcase name="testNoPositions" time="0.001" classname="com.facebook.presto.operator.aggregation.TestApproximateCountDistinctVarBinary"/>
  <testcase name="testMixedNullsAndNonNulls" time="0.205" classname="com.facebook.presto.operator.aggregation.TestApproximateCountDistinctVarBinary"/>
  <testcase name="testAllPositionsNull" time="0.001" classname="com.facebook.presto.operator.aggregation.TestApproximateCountDistinctVarBinary"/>
  <testcase name="testMultiplePositionsPartial" time="2.072" classname="com.facebook.presto.operator.aggregation.TestApproximateCountDistinctVarBinary"/>
  <testcase name="testSinglePosition" time="0.001" classname="com.facebook.presto.operator.aggregation.TestApproximateCountDistinctVarBinary"/>
  <testcase name="testMultiplePositions" time="5.694" classname="com.facebook.presto.operator.aggregation.TestApproximateCountDistinctVarBinary"/>
</testsuite> <!-- com.facebook.presto.operator.aggregation.TestApproximateCountDistinctVarBinary -->
