<?xml version="1.0" encoding="UTF-8"?>
<!-- Generated by org.testng.reporters.JUnitReportReporter -->
<testsuite hostname="dlnode13" name="com.facebook.presto.execution.TestSqlStageExecution" tests="1" failures="0" timestamp="7 May 2014 07:00:32 GMT" time="0.283" errors="0">
  <testcase name="testYieldCausesFullSchedule" time="0.283" classname="com.facebook.presto.execution.TestSqlStageExecution"/>
</testsuite> <!-- com.facebook.presto.execution.TestSqlStageExecution -->
