<?xml version="1.0" encoding="UTF-8"?>
<!-- Generated by org.testng.reporters.JUnitReportReporter -->
<testsuite hostname="dlnode13" name="com.facebook.presto.operator.scalar.TestRegexpFunctions" tests="3" failures="0" timestamp="7 May 2014 07:00:32 GMT" time="0.259" errors="0">
  <testcase name="testRegexpLike" time="0.142" classname="com.facebook.presto.operator.scalar.TestRegexpFunctions"/>
  <testcase name="testRegexpReplace" time="0.072" classname="com.facebook.presto.operator.scalar.TestRegexpFunctions"/>
  <testcase name="testRegexpExtract" time="0.045" classname="com.facebook.presto.operator.scalar.TestRegexpFunctions"/>
</testsuite> <!-- com.facebook.presto.operator.scalar.TestRegexpFunctions -->
